User ID: 503, MazePort: 33805, Date & Time: Thu Aug 24 01:48:01 2017
Avatar 0 attempted to move East to (9, 9).
Move failed. East wall added to (8, 9).
Avatar 1 attempted to move East to (13, 8).
Avatar 1 moved to (13, 8).
Avatar 2 attempted to move East to (19, 18).
Move failed. East wall added to (18, 18).
Avatar 3 attempted to move East to (17, 8).
Move failed. East wall added to (16, 8).
Avatar 0 attempted to move South to (8, 10).
Avatar 0 moved to (8, 10).
Avatar 1 attempted to move East to (14, 8).
Avatar 1 moved to (14, 8).
Avatar 2 attempted to move South to (18, 19).
Move failed. South wall added to (18, 18).
Avatar 3 attempted to move South to (16, 9).
Avatar 3 moved to (16, 9).
Avatar 0 attempted to move East to (9, 10).
Move failed. East wall added to (8, 10).
Avatar 1 attempted to move East to (15, 8).
Move failed. East wall added to (14, 8).
Avatar 2 attempted to move North to (18, 17).
Avatar 2 moved to (18, 17).
Avatar 3 attempted to move East to (17, 9).
Avatar 3 moved to (17, 9).
Avatar 0 attempted to move South to (8, 11).
Avatar 0 moved to (8, 11).
Avatar 1 attempted to move South to (14, 9).
Move failed. South wall added to (14, 8).
Avatar 2 attempted to move East to (19, 17).
Move failed. East wall added to (18, 17).
Avatar 3 attempted to move East to (18, 9).
Move failed. East wall added to (17, 9).
Avatar 0 attempted to move East to (9, 11).
Avatar 0 moved to (9, 11).
Avatar 1 attempted to move North to (14, 7).
Avatar 1 moved to (14, 7).
Avatar 2 attempted to move North to (18, 16).
Avatar 2 moved to (18, 16).
Avatar 3 attempted to move South to (17, 10).
Move failed. South wall added to (17, 9).
Avatar 0 attempted to move East to (10, 11).
Move failed. East wall added to (9, 11).
Avatar 1 attempted to move East to (15, 7).
Move failed. East wall added to (14, 7).
Avatar 2 attempted to move East to (19, 16).
Move failed. East wall added to (18, 16).
Avatar 3 attempted to move North to (17, 8).
Avatar 3 moved to (17, 8).
Avatar 0 attempted to move South to (9, 12).
Avatar 0 moved to (9, 12).
Avatar 1 attempted to move North to (14, 6).
Avatar 1 moved to (14, 6).
Avatar 2 attempted to move North to (18, 15).
Move failed. North wall added to (18, 16).
Avatar 3 attempted to move East to (18, 8).
Avatar 3 moved to (18, 8).
Avatar 0 attempted to move East to (10, 12).
Avatar 0 moved to (10, 12).
Avatar 1 attempted to move East to (15, 6).
Move failed. East wall added to (14, 6).
Avatar 2 attempted to move West to (17, 16).
Avatar 2 moved to (17, 16).
Avatar 3 attempted to move East to (19, 8).
Move failed. East wall added to (18, 8).
Avatar 0 attempted to move East to (11, 12).
Move failed. East wall added to (10, 12).
Avatar 1 attempted to move North to (14, 5).
Avatar 1 moved to (14, 5).
Avatar 2 attempted to move South to (17, 17).
Move failed. South wall added to (17, 16).
Avatar 3 attempted to move South to (18, 9).
Avatar 3 moved to (18, 9).
Avatar 0 attempted to move South to (10, 13).
Avatar 0 moved to (10, 13).
Avatar 1 attempted to move East to (15, 5).
Move failed. East wall added to (14, 5).
Avatar 2 attempted to move North to (17, 15).
Avatar 2 moved to (17, 15).
Avatar 3 attempted to move East to (19, 9).
Avatar 3 moved to (19, 9).
Avatar 0 attempted to move East to (11, 13).
Avatar 0 moved to (11, 13).
Avatar 1 attempted to move North to (14, 4).
Avatar 1 moved to (14, 4).
Avatar 2 attempted to move East to (18, 15).
Avatar 2 moved to (18, 15).
Avatar 3 attempted to move South to (19, 10).
Avatar 3 moved to (19, 10).
Avatar 0 attempted to move East to (12, 13).
Avatar 0 moved to (12, 13).
Avatar 1 attempted to move East to (15, 4).
Avatar 1 moved to (15, 4).
Avatar 2 attempted to move East to (19, 15).
Move failed. East wall added to (18, 15).
Avatar 3 attempted to move South to (19, 11).
Avatar 3 moved to (19, 11).
Avatar 0 attempted to move East to (13, 13).
Move failed. East wall added to (12, 13).
Avatar 1 attempted to move East to (16, 4).
Move failed. East wall added to (15, 4).
Avatar 2 attempted to move North to (18, 14).
Avatar 2 moved to (18, 14).
Avatar 3 attempted to move South to (19, 12).
Avatar 3 moved to (19, 12).
Avatar 0 attempted to move South to (12, 14).
Move failed. South wall added to (12, 13).
Avatar 1 attempted to move South to (15, 5).
Avatar 1 moved to (15, 5).
Avatar 2 attempted to move East to (19, 14).
Move failed. East wall added to (18, 14).
Avatar 3 attempted to move South to (19, 13).
Move failed. South wall added to (19, 12).
Avatar 0 attempted to move North to (12, 12).
Avatar 0 moved to (12, 12).
Avatar 1 attempted to move East to (16, 5).
Move failed. East wall added to (15, 5).
Avatar 2 attempted to move North to (18, 13).
Move failed. North wall added to (18, 14).
Avatar 3 attempted to move West to (18, 12).
Move failed. West wall added to (19, 12).
Avatar 0 attempted to move East to (13, 12).
Avatar 0 moved to (13, 12).
Avatar 1 attempted to move South to (15, 6).
Avatar 1 moved to (15, 6).
Avatar 2 attempted to move West to (17, 14).
Avatar 2 moved to (17, 14).
Avatar 3 attempted to move North to (19, 11).
Avatar 3 moved to (19, 11).
Avatar 0 attempted to move East to (14, 12).
Move failed. East wall added to (13, 12).
Avatar 1 attempted to move East to (16, 6).
Move failed. East wall added to (15, 6).
Avatar 2 attempted to move South to (17, 15).
Move failed. South wall added to (17, 14).
Avatar 3 attempted to move West to (18, 11).
Move failed. West wall added to (19, 11).
Avatar 0 attempted to move South to (13, 13).
Avatar 0 moved to (13, 13).
Avatar 1 attempted to move South to (15, 7).
Avatar 1 moved to (15, 7).
Avatar 2 attempted to move North to (17, 13).
Avatar 2 moved to (17, 13).
Avatar 3 attempted to move North to (19, 10).
Avatar 3 moved to (19, 10).
Avatar 0 attempted to move East to (14, 13).
Move failed. East wall added to (13, 13).
Avatar 1 attempted to move East to (16, 7).
Avatar 1 moved to (16, 7).
Avatar 2 attempted to move East to (18, 13).
Move failed. East wall added to (17, 13).
Avatar 3 attempted to move West to (18, 10).
Avatar 3 moved to (18, 10).
Avatar 0 attempted to move South to (13, 14).
Avatar 0 moved to (13, 14).
Avatar 1 attempted to move East to (17, 7).
Move failed. East wall added to (16, 7).
Avatar 2 attempted to move North to (17, 12).
Avatar 2 moved to (17, 12).
Avatar 3 attempted to move South to (18, 11).
Move failed. South wall added to (18, 10).
Avatar 0 attempted to move East to (14, 14).
Avatar 0 moved to (14, 14).
Avatar 1 attempted to move South to (16, 8).
Move failed. South wall added to (16, 7).
Avatar 2 attempted to move East to (18, 12).
Move failed. East wall added to (17, 12).
Avatar 3 attempted to move North to (18, 9).
Move failed. North wall added to (18, 10).
Avatar 0 attempted to move East to (15, 14).
Move failed. East wall added to (14, 14).
Avatar 1 attempted to move North to (16, 6).
Avatar 1 moved to (16, 6).
Avatar 2 attempted to move North to (17, 11).
Move failed. North wall added to (17, 12).
Avatar 3 attempted to move West to (17, 10).
Avatar 3 moved to (17, 10).
Avatar 0 attempted to move South to (14, 15).
Avatar 0 moved to (14, 15).
Avatar 1 attempted to move East to (17, 6).
Avatar 1 moved to (17, 6).
Avatar 2 attempted to move West to (16, 12).
Avatar 2 moved to (16, 12).
Avatar 3 attempted to move South to (17, 11).
Move failed. South wall added to (17, 10).
Avatar 0 attempted to move East to (15, 15).
Move failed. East wall added to (14, 15).
Avatar 1 attempted to move East to (18, 6).
Move failed. East wall added to (17, 6).
Avatar 2 attempted to move South to (16, 13).
Avatar 2 moved to (16, 13).
Avatar 3 attempted to move West to (16, 10).
Move failed. West wall added to (17, 10).
Avatar 0 attempted to move South to (14, 16).
Avatar 0 moved to (14, 16).
Avatar 1 attempted to move South to (17, 7).
Avatar 1 moved to (17, 7).
Avatar 2 attempted to move East to (17, 13).
Move failed. East wall added to (16, 13).
Avatar 3 attempted to move East to (18, 10).
Avatar 3 moved to (18, 10).
Avatar 0 attempted to move East to (15, 16).
Move failed. East wall added to (14, 16).
Avatar 1 attempted to move East to (18, 7).
Avatar 1 moved to (18, 7).
Avatar 2 attempted to move South to (16, 14).
Avatar 2 moved to (16, 14).
Avatar 3 attempted to move East to (19, 10).
Avatar 3 moved to (19, 10).
Avatar 0 attempted to move South to (14, 17).
Move failed. South wall added to (14, 16).
Avatar 1 attempted to move East to (19, 7).
Avatar 1 moved to (19, 7).
Avatar 2 attempted to move East to (17, 14).
Move failed. East wall added to (16, 14).
Avatar 3 attempted to move North to (19, 9).
Avatar 3 moved to (19, 9).
Avatar 0 attempted to move West to (13, 16).
Avatar 0 moved to (13, 16).
Avatar 1 attempted to move South to (19, 8).
Avatar 1 moved to (19, 8).
Avatar 2 attempted to move South to (16, 15).
Move failed. South wall added to (16, 14).
Avatar 3 attempted to move North to (19, 8).
Avatar 3 moved to (19, 8).
Avatar 3 is on avatar 1's path.
Avatar 0 attempted to move South to (13, 17).
Move failed. South wall added to (13, 16).
Avatar 1 attempted to move North to (19, 7).
Avatar 1 moved to (19, 7).
Avatar 2 attempted to move West to (15, 14).
Avatar 2 moved to (15, 14).
Avatar 3 attempted to move North to (19, 7).
Avatar 3 moved to (19, 7).
Avatar 3 is on avatar 1's path.
Avatar 0 attempted to move North to (13, 15).
Move failed. North wall added to (13, 16).
Avatar 1 attempted to move North to (19, 6).
Move failed. North wall added to (19, 7).
Avatar 2 attempted to move South to (15, 15).
Avatar 2 moved to (15, 15).
Avatar 3 stays at (19, 7).
Avatar 0 attempted to move West to (12, 16).
Avatar 0 moved to (12, 16).
Avatar 1 attempted to move West to (18, 7).
Avatar 1 moved to (18, 7).
Avatar 2 attempted to move East to (16, 15).
Avatar 2 moved to (16, 15).
Avatar 3 attempted to move West to (18, 7).
Avatar 3 moved to (18, 7).
Avatar 3 is on avatar 1's path.
Avatar 0 attempted to move South to (12, 17).
Move failed. South wall added to (12, 16).
Avatar 1 attempted to move South to (18, 8).
Move failed. South wall added to (18, 7).
Avatar 2 attempted to move East to (17, 15).
Move failed. East wall added to (16, 15).
Avatar 3 stays at (18, 7).
Avatar 0 attempted to move North to (12, 15).
Move failed. North wall added to (12, 16).
Avatar 1 attempted to move North to (18, 6).
Move failed. North wall added to (18, 7).
Avatar 2 attempted to move South to (16, 16).
Avatar 2 moved to (16, 16).
Avatar 3 stays at (18, 7).
Avatar 0 attempted to move West to (11, 16).
Avatar 0 moved to (11, 16).
Avatar 1 attempted to move West to (17, 7).
Avatar 1 moved to (17, 7).
Avatar 2 attempted to move East to (17, 16).
Move failed. East wall added to (16, 16).
Avatar 3 attempted to move West to (17, 7).
Avatar 3 moved to (17, 7).
Avatar 3 is on avatar 1's path.
Avatar 0 attempted to move South to (11, 17).
Avatar 0 moved to (11, 17).
Avatar 1 attempted to move South to (17, 8).
Move failed. South wall added to (17, 7).
Avatar 2 attempted to move South to (16, 17).
Move failed. South wall added to (16, 16).
Avatar 3 stays at (17, 7).
Avatar 0 attempted to move East to (12, 17).
Avatar 0 moved to (12, 17).
Avatar 1 attempted to move North to (17, 6).
Avatar 1 moved to (17, 6).
Avatar 2 attempted to move West to (15, 16).
Avatar 2 moved to (15, 16).
Avatar 3 attempted to move North to (17, 6).
Avatar 3 moved to (17, 6).
Avatar 3 is on avatar 1's path.
Avatar 0 attempted to move East to (13, 17).
Avatar 0 moved to (13, 17).
Avatar 1 attempted to move North to (17, 5).
Move failed. North wall added to (17, 6).
Avatar 2 attempted to move South to (15, 17).
Avatar 2 moved to (15, 17).
Avatar 3 stays at (17, 6).
Avatar 0 attempted to move East to (14, 17).
Move failed. East wall added to (13, 17).
Avatar 1 attempted to move West to (16, 6).
Avatar 1 moved to (16, 6).
Avatar 2 attempted to move East to (16, 17).
Move failed. East wall added to (15, 17).
Avatar 3 attempted to move West to (16, 6).
Avatar 3 moved to (16, 6).
Avatar 3 is on avatar 1's path.
Avatar 0 attempted to move South to (13, 18).
Avatar 0 moved to (13, 18).
Avatar 1 attempted to move North to (16, 5).
Move failed. North wall added to (16, 6).
Avatar 2 attempted to move South to (15, 18).
Avatar 2 moved to (15, 18).
Avatar 3 stays at (16, 6).
Avatar 0 attempted to move East to (14, 18).
Avatar 0 moved to (14, 18).
Avatar 1 attempted to move South to (16, 7).
Avatar 1 moved to (16, 7).
Avatar 2 attempted to move East to (16, 18).
Move failed. East wall added to (15, 18).
Avatar 3 attempted to move South to (16, 7).
Avatar 3 moved to (16, 7).
Avatar 3 is on avatar 1's path.
Avatar 0 attempted to move East to (15, 18).
Move failed. East wall added to (14, 18).
Avatar 1 attempted to move West to (15, 7).
Avatar 1 moved to (15, 7).
Avatar 2 attempted to move South to (15, 19).
Avatar 2 moved to (15, 19).
Avatar 3 attempted to move West to (15, 7).
Avatar 3 moved to (15, 7).
Avatar 3 is on avatar 1's path.
Avatar 0 attempted to move South to (14, 19).
Avatar 0 moved to (14, 19).
Avatar 1 attempted to move South to (15, 8).
Move failed. South wall added to (15, 7).
Avatar 2 attempted to move East to (16, 19).
Move failed. East wall added to (15, 19).
Avatar 3 stays at (15, 7).
Avatar 0 attempted to move East to (15, 19).
Avatar 0 moved to (15, 19).
Avatar 0 is on avatar 2's path.
Avatar 1 attempted to move North to (15, 6).
Avatar 1 moved to (15, 6).
Avatar 2 attempted to move North to (15, 18).
Avatar 2 moved to (15, 18).
Avatar 3 attempted to move North to (15, 6).
Avatar 3 moved to (15, 6).
Avatar 3 is on avatar 1's path.
Avatar 0 attempted to move North to (15, 18).
Avatar 0 moved to (15, 18).
Avatar 0 is on avatar 2's path.
Avatar 1 attempted to move North to (15, 5).
Avatar 1 moved to (15, 5).
Avatar 2 attempted to move North to (15, 17).
Avatar 2 moved to (15, 17).
Avatar 3 attempted to move North to (15, 5).
Avatar 3 moved to (15, 5).
Avatar 3 is on avatar 1's path.
Avatar 0 attempted to move North to (15, 17).
Avatar 0 moved to (15, 17).
Avatar 0 is on avatar 2's path.
Avatar 1 attempted to move North to (15, 4).
Avatar 1 moved to (15, 4).
Avatar 2 attempted to move West to (14, 17).
Avatar 2 moved to (14, 17).
Avatar 3 attempted to move North to (15, 4).
Avatar 3 moved to (15, 4).
Avatar 3 is on avatar 1's path.
Avatar 0 attempted to move West to (14, 17).
Avatar 0 moved to (14, 17).
Avatar 0 is on avatar 2's path.
Avatar 1 attempted to move North to (15, 3).
Avatar 1 moved to (15, 3).
Avatar 2 attempted to move South to (14, 18).
Move failed. South wall added to (14, 17).
Avatar 3 attempted to move North to (15, 3).
Avatar 3 moved to (15, 3).
Avatar 3 is on avatar 1's path.
Avatar 0 stays at (14, 17).
Avatar 1 attempted to move East to (16, 3).
Avatar 1 moved to (16, 3).
Avatar 2 attempted to move East to (15, 17).
Avatar 2 moved to (15, 17).
Avatar 3 attempted to move East to (16, 3).
Avatar 3 moved to (16, 3).
Avatar 3 is on avatar 1's path.
Avatar 0 attempted to move East to (15, 17).
Avatar 0 moved to (15, 17).
Avatar 0 is on avatar 2's path.
Avatar 1 attempted to move East to (17, 3).
Move failed. East wall added to (16, 3).
Avatar 2 attempted to move North to (15, 16).
Avatar 2 moved to (15, 16).
Avatar 3 stays at (16, 3).
Avatar 0 attempted to move North to (15, 16).
Avatar 0 moved to (15, 16).
Avatar 0 is on avatar 2's path.
Avatar 1 attempted to move South to (16, 4).
Avatar 1 moved to (16, 4).
Avatar 2 attempted to move North to (15, 15).
Move failed. North wall added to (15, 16).
Avatar 3 attempted to move South to (16, 4).
Avatar 3 moved to (16, 4).
Avatar 3 is on avatar 1's path.
Avatar 0 stays at (15, 16).
Avatar 1 attempted to move East to (17, 4).
Avatar 1 moved to (17, 4).
Avatar 2 attempted to move East to (16, 16).
Avatar 2 moved to (16, 16).
Avatar 3 attempted to move East to (17, 4).
Avatar 3 moved to (17, 4).
Avatar 3 is on avatar 1's path.
Avatar 0 attempted to move East to (16, 16).
Avatar 0 moved to (16, 16).
Avatar 0 is on avatar 2's path.
Avatar 1 attempted to move East to (18, 4).
Move failed. East wall added to (17, 4).
Avatar 2 attempted to move North to (16, 15).
Avatar 2 moved to (16, 15).
Avatar 3 stays at (17, 4).
Avatar 0 attempted to move North to (16, 15).
Avatar 0 moved to (16, 15).
Avatar 0 is on avatar 2's path.
Avatar 1 attempted to move South to (17, 5).
Avatar 1 moved to (17, 5).
Avatar 2 attempted to move West to (15, 15).
Avatar 2 moved to (15, 15).
Avatar 3 attempted to move South to (17, 5).
Avatar 3 moved to (17, 5).
Avatar 3 is on avatar 1's path.
Avatar 0 attempted to move West to (15, 15).
Avatar 0 moved to (15, 15).
Avatar 0 is on avatar 2's path.
Avatar 1 attempted to move East to (18, 5).
Avatar 1 moved to (18, 5).
Avatar 2 attempted to move North to (15, 14).
Avatar 2 moved to (15, 14).
Avatar 3 attempted to move East to (18, 5).
Avatar 3 moved to (18, 5).
Avatar 3 is on avatar 1's path.
Avatar 0 attempted to move North to (15, 14).
Avatar 0 moved to (15, 14).
Avatar 0 is on avatar 2's path.
Avatar 1 attempted to move East to (19, 5).
Move failed. East wall added to (18, 5).
Avatar 2 attempted to move North to (15, 13).
Move failed. North wall added to (15, 14).
Avatar 3 stays at (18, 5).
Avatar 0 stays at (15, 14).
Avatar 1 attempted to move South to (18, 6).
Avatar 1 moved to (18, 6).
Avatar 2 attempted to move East to (16, 14).
Avatar 2 moved to (16, 14).
Avatar 3 attempted to move South to (18, 6).
Avatar 3 moved to (18, 6).
Avatar 3 is on avatar 1's path.
Avatar 0 attempted to move East to (16, 14).
Avatar 0 moved to (16, 14).
Avatar 0 is on avatar 2's path.
Avatar 1 attempted to move East to (19, 6).
Avatar 1 moved to (19, 6).
Avatar 2 attempted to move North to (16, 13).
Avatar 2 moved to (16, 13).
Avatar 3 attempted to move East to (19, 6).
Avatar 3 moved to (19, 6).
Avatar 3 is on avatar 1's path.
Avatar 0 attempted to move North to (16, 13).
Avatar 0 moved to (16, 13).
Avatar 0 is on avatar 2's path.
Avatar 1 attempted to move North to (19, 5).
Avatar 1 moved to (19, 5).
Avatar 2 attempted to move West to (15, 13).
Move failed. West wall added to (16, 13).
Avatar 3 attempted to move North to (19, 5).
Avatar 3 moved to (19, 5).
Avatar 3 is on avatar 1's path.
Avatar 0 stays at (16, 13).
Avatar 1 attempted to move North to (19, 4).
Avatar 1 moved to (19, 4).
Avatar 2 attempted to move North to (16, 12).
Avatar 2 moved to (16, 12).
Avatar 3 attempted to move North to (19, 4).
Avatar 3 moved to (19, 4).
Avatar 3 is on avatar 1's path.
Avatar 0 attempted to move North to (16, 12).
Avatar 0 moved to (16, 12).
Avatar 0 is on avatar 2's path.
Avatar 1 attempted to move North to (19, 3).
Move failed. North wall added to (19, 4).
Avatar 2 attempted to move North to (16, 11).
Move failed. North wall added to (16, 12).
Avatar 3 stays at (19, 4).
Avatar 0 stays at (16, 12).
Avatar 1 attempted to move West to (18, 4).
Avatar 1 moved to (18, 4).
Avatar 2 attempted to move West to (15, 12).
Move failed. West wall added to (16, 12).
Avatar 3 attempted to move West to (18, 4).
Avatar 3 moved to (18, 4).
Avatar 3 is on avatar 1's path.
Avatar 0 stays at (16, 12).
Avatar 1 attempted to move South to (18, 5).
Move failed. South wall added to (18, 4).
Avatar 2 attempted to move East to (17, 12).
Avatar 2 moved to (17, 12).
Avatar 3 stays at (18, 4).
Avatar 0 attempted to move East to (17, 12).
Avatar 0 moved to (17, 12).
Avatar 0 is on avatar 2's path.
Avatar 1 attempted to move North to (18, 3).
Avatar 1 moved to (18, 3).
Avatar 2 attempted to move South to (17, 13).
Avatar 2 moved to (17, 13).
Avatar 3 attempted to move North to (18, 3).
Avatar 3 moved to (18, 3).
Avatar 3 is on avatar 1's path.
Avatar 0 attempted to move South to (17, 13).
Avatar 0 moved to (17, 13).
Avatar 0 is on avatar 2's path.
Avatar 1 attempted to move East to (19, 3).
Move failed. East wall added to (18, 3).
Avatar 2 attempted to move South to (17, 14).
Avatar 2 moved to (17, 14).
Avatar 3 stays at (18, 3).
Avatar 0 attempted to move South to (17, 14).
Avatar 0 moved to (17, 14).
Avatar 0 is on avatar 2's path.
Avatar 1 attempted to move North to (18, 2).
Avatar 1 moved to (18, 2).
Avatar 2 attempted to move East to (18, 14).
Avatar 2 moved to (18, 14).
Avatar 3 attempted to move North to (18, 2).
Avatar 3 moved to (18, 2).
Avatar 3 is on avatar 1's path.
Avatar 0 attempted to move East to (18, 14).
Avatar 0 moved to (18, 14).
Avatar 0 is on avatar 2's path.
Avatar 1 attempted to move East to (19, 2).
Move failed. East wall added to (18, 2).
Avatar 2 attempted to move South to (18, 15).
Avatar 2 moved to (18, 15).
Avatar 3 stays at (18, 2).
Avatar 0 attempted to move South to (18, 15).
Avatar 0 moved to (18, 15).
Avatar 0 is on avatar 2's path.
Avatar 1 attempted to move North to (18, 1).
Move failed. North wall added to (18, 2).
Avatar 2 attempted to move West to (17, 15).
Avatar 2 moved to (17, 15).
Avatar 3 stays at (18, 2).
Avatar 0 attempted to move West to (17, 15).
Avatar 0 moved to (17, 15).
Avatar 0 is on avatar 2's path.
Avatar 1 attempted to move West to (17, 2).
Avatar 1 moved to (17, 2).
Avatar 2 attempted to move South to (17, 16).
Avatar 2 moved to (17, 16).
Avatar 3 attempted to move West to (17, 2).
Avatar 3 moved to (17, 2).
Avatar 3 is on avatar 1's path.
Avatar 0 attempted to move South to (17, 16).
Avatar 0 moved to (17, 16).
Avatar 0 is on avatar 2's path.
Avatar 1 attempted to move South to (17, 3).
Avatar 1 moved to (17, 3).
Avatar 2 attempted to move East to (18, 16).
Avatar 2 moved to (18, 16).
Avatar 3 attempted to move South to (17, 3).
Avatar 3 moved to (17, 3).
Avatar 3 is on avatar 1's path.
Avatar 0 attempted to move East to (18, 16).
Avatar 0 moved to (18, 16).
Avatar 0 is on avatar 2's path.
Avatar 1 attempted to move East to (18, 3).
Move failed. East wall added to (17, 3).
Avatar 2 attempted to move South to (18, 17).
Avatar 2 moved to (18, 17).
Avatar 3 stays at (17, 3).
Avatar 0 attempted to move South to (18, 17).
Avatar 0 moved to (18, 17).
Avatar 0 is on avatar 2's path.
Avatar 1 attempted to move South to (17, 4).
Move failed. South wall added to (17, 3).
Avatar 2 attempted to move West to (17, 17).
Move failed. West wall added to (18, 17).
Avatar 3 stays at (17, 3).
Avatar 0 stays at (18, 17).
Avatar 1 attempted to move North to (17, 2).
Avatar 1 moved to (17, 2).
Avatar 2 attempted to move South to (18, 18).
Avatar 2 moved to (18, 18).
Avatar 3 attempted to move North to (17, 2).
Avatar 3 moved to (17, 2).
Avatar 3 is on avatar 1's path.
Avatar 0 attempted to move South to (18, 18).
Avatar 0 moved to (18, 18).
Avatar 0 is on avatar 2's path.
Avatar 1 attempted to move North to (17, 1).
Move failed. North wall added to (17, 2).
Avatar 2 attempted to move West to (17, 18).
Avatar 2 moved to (17, 18).
Avatar 3 stays at (17, 2).
Avatar 0 attempted to move West to (17, 18).
Avatar 0 moved to (17, 18).
Avatar 0 is on avatar 2's path.
Avatar 1 attempted to move West to (16, 2).
Avatar 1 moved to (16, 2).
Avatar 2 attempted to move South to (17, 19).
Avatar 2 moved to (17, 19).
Avatar 3 attempted to move West to (16, 2).
Avatar 3 moved to (16, 2).
Avatar 3 is on avatar 1's path.
Avatar 0 attempted to move South to (17, 19).
Avatar 0 moved to (17, 19).
Avatar 0 is on avatar 2's path.
Avatar 1 attempted to move South to (16, 3).
Move failed. South wall added to (16, 2).
Avatar 2 attempted to move East to (18, 19).
Avatar 2 moved to (18, 19).
Avatar 3 stays at (16, 2).
Avatar 0 attempted to move East to (18, 19).
Avatar 0 moved to (18, 19).
Avatar 0 is on avatar 2's path.
Avatar 1 attempted to move North to (16, 1).
Avatar 1 moved to (16, 1).
Avatar 2 attempted to move East to (19, 19).
Avatar 2 moved to (19, 19).
Avatar 3 attempted to move North to (16, 1).
Avatar 3 moved to (16, 1).
Avatar 3 is on avatar 1's path.
Avatar 0 attempted to move East to (19, 19).
Avatar 0 moved to (19, 19).
Avatar 0 is on avatar 2's path.
Avatar 1 attempted to move East to (17, 1).
Avatar 1 moved to (17, 1).
Avatar 2 attempted to move North to (19, 18).
Avatar 2 moved to (19, 18).
Avatar 3 attempted to move East to (17, 1).
Avatar 3 moved to (17, 1).
Avatar 3 is on avatar 1's path.
Avatar 0 attempted to move North to (19, 18).
Avatar 0 moved to (19, 18).
Avatar 0 is on avatar 2's path.
Avatar 1 attempted to move East to (18, 1).
Avatar 1 moved to (18, 1).
Avatar 2 attempted to move North to (19, 17).
Avatar 2 moved to (19, 17).
Avatar 3 attempted to move East to (18, 1).
Avatar 3 moved to (18, 1).
Avatar 3 is on avatar 1's path.
Avatar 0 attempted to move North to (19, 17).
Avatar 0 moved to (19, 17).
Avatar 0 is on avatar 2's path.
Avatar 1 attempted to move East to (19, 1).
Move failed. East wall added to (18, 1).
Avatar 2 attempted to move North to (19, 16).
Avatar 2 moved to (19, 16).
Avatar 3 stays at (18, 1).
Avatar 0 attempted to move North to (19, 16).
Avatar 0 moved to (19, 16).
Avatar 0 is on avatar 2's path.
Avatar 1 attempted to move North to (18, 0).
Avatar 1 moved to (18, 0).
Avatar 2 attempted to move North to (19, 15).
Avatar 2 moved to (19, 15).
Avatar 3 attempted to move North to (18, 0).
Avatar 3 moved to (18, 0).
Avatar 3 is on avatar 1's path.
Avatar 0 attempted to move North to (19, 15).
Avatar 0 moved to (19, 15).
Avatar 0 is on avatar 2's path.
Avatar 1 attempted to move East to (19, 0).
Avatar 1 moved to (19, 0).
Avatar 2 attempted to move North to (19, 14).
Avatar 2 moved to (19, 14).
Avatar 3 attempted to move East to (19, 0).
Avatar 3 moved to (19, 0).
Avatar 3 is on avatar 1's path.
Avatar 0 attempted to move North to (19, 14).
Avatar 0 moved to (19, 14).
Avatar 0 is on avatar 2's path.
Avatar 1 attempted to move South to (19, 1).
Avatar 1 moved to (19, 1).
Avatar 2 attempted to move North to (19, 13).
Avatar 2 moved to (19, 13).
Avatar 3 attempted to move South to (19, 1).
Avatar 3 moved to (19, 1).
Avatar 3 is on avatar 1's path.
Avatar 0 attempted to move North to (19, 13).
Avatar 0 moved to (19, 13).
Avatar 0 is on avatar 2's path.
Avatar 1 attempted to move South to (19, 2).
Avatar 1 moved to (19, 2).
Avatar 2 attempted to move West to (18, 13).
Avatar 2 moved to (18, 13).
Avatar 3 attempted to move South to (19, 2).
Avatar 3 moved to (19, 2).
Avatar 3 is on avatar 1's path.
Avatar 0 attempted to move West to (18, 13).
Avatar 0 moved to (18, 13).
Avatar 0 is on avatar 2's path.
Avatar 1 attempted to move South to (19, 3).
Avatar 1 moved to (19, 3).
Avatar 2 attempted to move North to (18, 12).
Avatar 2 moved to (18, 12).
Avatar 3 attempted to move South to (19, 3).
Avatar 3 moved to (19, 3).
Avatar 3 is on avatar 1's path.
Avatar 0 attempted to move North to (18, 12).
Avatar 0 moved to (18, 12).
Avatar 0 is on avatar 2's path.
Avatar 1 attempted to move North to (19, 2).
Avatar 1 moved to (19, 2).
Avatar 2 attempted to move North to (18, 11).
Avatar 2 moved to (18, 11).
Avatar 3 attempted to move North to (19, 2).
Avatar 3 moved to (19, 2).
Avatar 3 is on avatar 1's path.
Avatar 0 attempted to move North to (18, 11).
Avatar 0 moved to (18, 11).
Avatar 0 is on avatar 2's path.
Avatar 1 attempted to move North to (19, 1).
Avatar 1 moved to (19, 1).
Avatar 2 attempted to move West to (17, 11).
Avatar 2 moved to (17, 11).
Avatar 3 attempted to move North to (19, 1).
Avatar 3 moved to (19, 1).
Avatar 3 is on avatar 1's path.
Avatar 0 attempted to move West to (17, 11).
Avatar 0 moved to (17, 11).
Avatar 0 is on avatar 2's path.
Avatar 1 attempted to move North to (19, 0).
Avatar 1 moved to (19, 0).
Avatar 2 attempted to move West to (16, 11).
Avatar 2 moved to (16, 11).
Avatar 3 attempted to move North to (19, 0).
Avatar 3 moved to (19, 0).
Avatar 3 is on avatar 1's path.
Avatar 0 attempted to move West to (16, 11).
Avatar 0 moved to (16, 11).
Avatar 0 is on avatar 2's path.
Avatar 1 attempted to move West to (18, 0).
Avatar 1 moved to (18, 0).
Avatar 2 attempted to move North to (16, 10).
Avatar 2 moved to (16, 10).
Avatar 3 attempted to move West to (18, 0).
Avatar 3 moved to (18, 0).
Avatar 3 is on avatar 1's path.
Avatar 0 attempted to move North to (16, 10).
Avatar 0 moved to (16, 10).
Avatar 0 is on avatar 2's path.
Avatar 1 attempted to move West to (17, 0).
Avatar 1 moved to (17, 0).
Avatar 2 attempted to move North to (16, 9).
Move failed. North wall added to (16, 10).
Avatar 3 attempted to move West to (17, 0).
Avatar 3 moved to (17, 0).
Avatar 3 is on avatar 1's path.
Avatar 0 stays at (16, 10).
Avatar 1 attempted to move South to (17, 1).
Move failed. South wall added to (17, 0).
Avatar 2 attempted to move West to (15, 10).
Avatar 2 moved to (15, 10).
Avatar 3 stays at (17, 0).
Avatar 0 attempted to move West to (15, 10).
Avatar 0 moved to (15, 10).
Avatar 0 is on avatar 2's path.
Avatar 1 attempted to move West to (16, 0).
Avatar 1 moved to (16, 0).
Avatar 2 attempted to move South to (15, 11).
Move failed. South wall added to (15, 10).
Avatar 3 attempted to move West to (16, 0).
Avatar 3 moved to (16, 0).
Avatar 3 is on avatar 1's path.
Avatar 0 stays at (15, 10).
Avatar 1 attempted to move South to (16, 1).
Move failed. South wall added to (16, 0).
Avatar 2 attempted to move North to (15, 9).
Move failed. North wall added to (15, 10).
Avatar 3 stays at (16, 0).
Avatar 0 stays at (15, 10).
Avatar 1 attempted to move West to (15, 0).
Avatar 1 moved to (15, 0).
Avatar 2 attempted to move West to (14, 10).
Avatar 2 moved to (14, 10).
Avatar 3 attempted to move West to (15, 0).
Avatar 3 moved to (15, 0).
Avatar 3 is on avatar 1's path.
Avatar 0 attempted to move West to (14, 10).
Avatar 0 moved to (14, 10).
Avatar 0 is on avatar 2's path.
Avatar 1 attempted to move South to (15, 1).
Avatar 1 moved to (15, 1).
Avatar 2 attempted to move South to (14, 11).
Move failed. South wall added to (14, 10).
Avatar 3 attempted to move South to (15, 1).
Avatar 3 moved to (15, 1).
Avatar 3 is on avatar 1's path.
Avatar 0 stays at (14, 10).
Avatar 1 attempted to move East to (16, 1).
Move failed. East wall added to (15, 1).
Avatar 2 attempted to move North to (14, 9).
Avatar 2 moved to (14, 9).
Avatar 3 stays at (15, 1).
Avatar 0 attempted to move North to (14, 9).
Avatar 0 moved to (14, 9).
Avatar 0 is on avatar 2's path.
Avatar 1 attempted to move South to (15, 2).
Avatar 1 moved to (15, 2).
Avatar 2 attempted to move East to (15, 9).
Avatar 2 moved to (15, 9).
Avatar 3 attempted to move South to (15, 2).
Avatar 3 moved to (15, 2).
Avatar 3 is on avatar 1's path.
Avatar 0 attempted to move East to (15, 9).
Avatar 0 moved to (15, 9).
Avatar 0 is on avatar 2's path.
Avatar 1 attempted to move East to (16, 2).
Move failed. East wall added to (15, 2).
Avatar 2 attempted to move East to (16, 9).
Move failed. East wall added to (15, 9).
Avatar 3 stays at (15, 2).
Avatar 0 stays at (15, 9).
Avatar 1 attempted to move South to (15, 3).
Move failed. South wall added to (15, 2).
Avatar 2 attempted to move North to (15, 8).
Avatar 2 moved to (15, 8).
Avatar 3 stays at (15, 2).
Avatar 0 attempted to move North to (15, 8).
Avatar 0 moved to (15, 8).
Avatar 0 is on avatar 2's path.
Avatar 1 attempted to move West to (14, 2).
Move failed. West wall added to (15, 2).
Avatar 2 attempted to move East to (16, 8).
Avatar 2 moved to (16, 8).
Avatar 3 stays at (15, 2).
Avatar 0 attempted to move East to (16, 8).
Avatar 0 moved to (16, 8).
Avatar 0 is on avatar 2's path.
Avatar 1 attempted to move North to (15, 1).
Avatar 1 moved to (15, 1).
Avatar 2 attempted to move South to (16, 9).
Avatar 2 moved to (16, 9).
Avatar 2 is on avatar 3's path.
Avatar 3 attempted to move North to (15, 1).
Avatar 3 moved to (15, 1).
Avatar 3 is on avatar 1's path.
Avatar 0 attempted to move South to (16, 9).
Avatar 0 moved to (16, 9).
Avatar 0 is on avatar 3's path.
Avatar 1 attempted to move North to (15, 0).
Avatar 1 moved to (15, 0).
Avatar 2 attempted to move East to (17, 9).
Avatar 2 moved to (17, 9).
Avatar 2 is on avatar 3's path.
Avatar 3 attempted to move North to (15, 0).
Avatar 3 moved to (15, 0).
Avatar 3 is on avatar 1's path.
Avatar 0 attempted to move East to (17, 9).
Avatar 0 moved to (17, 9).
Avatar 0 is on avatar 3's path.
Avatar 1 attempted to move East to (16, 0).
Avatar 1 moved to (16, 0).
Avatar 2 attempted to move North to (17, 8).
Avatar 2 moved to (17, 8).
Avatar 2 is on avatar 3's path.
Avatar 3 attempted to move East to (16, 0).
Avatar 3 moved to (16, 0).
Avatar 3 is on avatar 1's path.
Avatar 0 attempted to move North to (17, 8).
Avatar 0 moved to (17, 8).
Avatar 0 is on avatar 3's path.
Avatar 1 attempted to move East to (17, 0).
Avatar 1 moved to (17, 0).
Avatar 2 attempted to move East to (18, 8).
Avatar 2 moved to (18, 8).
Avatar 2 is on avatar 3's path.
Avatar 3 attempted to move East to (17, 0).
Avatar 3 moved to (17, 0).
Avatar 3 is on avatar 1's path.
Avatar 0 attempted to move East to (18, 8).
Avatar 0 moved to (18, 8).
Avatar 0 is on avatar 3's path.
Avatar 1 attempted to move East to (18, 0).
Avatar 1 moved to (18, 0).
Avatar 2 attempted to move South to (18, 9).
Avatar 2 moved to (18, 9).
Avatar 2 is on avatar 3's path.
Avatar 3 attempted to move East to (18, 0).
Avatar 3 moved to (18, 0).
Avatar 3 is on avatar 1's path.
Avatar 0 attempted to move South to (18, 9).
Avatar 0 moved to (18, 9).
Avatar 0 is on avatar 3's path.
Avatar 1 attempted to move South to (18, 1).
Avatar 1 moved to (18, 1).
Avatar 2 attempted to move East to (19, 9).
Avatar 2 moved to (19, 9).
Avatar 2 is on avatar 3's path.
Avatar 3 attempted to move South to (18, 1).
Avatar 3 moved to (18, 1).
Avatar 3 is on avatar 1's path.
Avatar 0 attempted to move East to (19, 9).
Avatar 0 moved to (19, 9).
Avatar 0 is on avatar 3's path.
Avatar 1 attempted to move West to (17, 1).
Avatar 1 moved to (17, 1).
Avatar 2 attempted to move North to (19, 8).
Avatar 2 moved to (19, 8).
Avatar 2 is on avatar 1's path.
Avatar 3 attempted to move West to (17, 1).
Avatar 3 moved to (17, 1).
Avatar 3 is on avatar 1's path.
Avatar 0 attempted to move North to (19, 8).
Avatar 0 moved to (19, 8).
Avatar 0 is on avatar 1's path.
Avatar 1 attempted to move West to (16, 1).
Avatar 1 moved to (16, 1).
Avatar 2 attempted to move North to (19, 7).
Avatar 2 moved to (19, 7).
Avatar 2 is on avatar 1's path.
Avatar 3 attempted to move West to (16, 1).
Avatar 3 moved to (16, 1).
Avatar 3 is on avatar 1's path.
Avatar 0 attempted to move North to (19, 7).
Avatar 0 moved to (19, 7).
Avatar 0 is on avatar 1's path.
Avatar 1 attempted to move South to (16, 2).
Avatar 1 moved to (16, 2).
Avatar 2 attempted to move West to (18, 7).
Avatar 2 moved to (18, 7).
Avatar 2 is on avatar 1's path.
Avatar 3 attempted to move South to (16, 2).
Avatar 3 moved to (16, 2).
Avatar 3 is on avatar 1's path.
Avatar 0 attempted to move West to (18, 7).
Avatar 0 moved to (18, 7).
Avatar 0 is on avatar 1's path.
Avatar 1 attempted to move East to (17, 2).
Avatar 1 moved to (17, 2).
Avatar 2 attempted to move West to (17, 7).
Avatar 2 moved to (17, 7).
Avatar 2 is on avatar 1's path.
Avatar 3 attempted to move East to (17, 2).
Avatar 3 moved to (17, 2).
Avatar 3 is on avatar 1's path.
Avatar 0 attempted to move West to (17, 7).
Avatar 0 moved to (17, 7).
Avatar 0 is on avatar 1's path.
Avatar 1 attempted to move East to (18, 2).
Avatar 1 moved to (18, 2).
Avatar 2 attempted to move North to (17, 6).
Avatar 2 moved to (17, 6).
Avatar 2 is on avatar 1's path.
Avatar 3 attempted to move East to (18, 2).
Avatar 3 moved to (18, 2).
Avatar 3 is on avatar 1's path.
Avatar 0 attempted to move North to (17, 6).
Avatar 0 moved to (17, 6).
Avatar 0 is on avatar 1's path.
Avatar 1 attempted to move South to (18, 3).
Avatar 1 moved to (18, 3).
Avatar 2 attempted to move West to (16, 6).
Avatar 2 moved to (16, 6).
Avatar 2 is on avatar 1's path.
Avatar 3 attempted to move South to (18, 3).
Avatar 3 moved to (18, 3).
Avatar 3 is on avatar 1's path.
Avatar 0 attempted to move West to (16, 6).
Avatar 0 moved to (16, 6).
Avatar 0 is on avatar 1's path.
Avatar 1 attempted to move South to (18, 4).
Avatar 1 moved to (18, 4).
Avatar 2 attempted to move South to (16, 7).
Avatar 2 moved to (16, 7).
Avatar 2 is on avatar 1's path.
Avatar 3 attempted to move South to (18, 4).
Avatar 3 moved to (18, 4).
Avatar 3 is on avatar 1's path.
Avatar 0 attempted to move South to (16, 7).
Avatar 0 moved to (16, 7).
Avatar 0 is on avatar 1's path.
Avatar 1 attempted to move East to (19, 4).
Avatar 1 moved to (19, 4).
Avatar 2 attempted to move West to (15, 7).
Avatar 2 moved to (15, 7).
Avatar 2 is on avatar 1's path.
Avatar 3 attempted to move East to (19, 4).
Avatar 3 moved to (19, 4).
Avatar 3 is on avatar 1's path.
Avatar 0 attempted to move West to (15, 7).
Avatar 0 moved to (15, 7).
Avatar 0 is on avatar 1's path.
Avatar 1 attempted to move South to (19, 5).
Avatar 1 moved to (19, 5).
Avatar 2 attempted to move North to (15, 6).
Avatar 2 moved to (15, 6).
Avatar 2 is on avatar 1's path.
Avatar 3 attempted to move South to (19, 5).
Avatar 3 moved to (19, 5).
Avatar 3 is on avatar 1's path.
Avatar 0 attempted to move North to (15, 6).
Avatar 0 moved to (15, 6).
Avatar 0 is on avatar 1's path.
Avatar 1 attempted to move South to (19, 6).
Avatar 1 moved to (19, 6).
Avatar 2 attempted to move North to (15, 5).
Avatar 2 moved to (15, 5).
Avatar 2 is on avatar 1's path.
Avatar 3 attempted to move South to (19, 6).
Avatar 3 moved to (19, 6).
Avatar 3 is on avatar 1's path.
Avatar 0 attempted to move North to (15, 5).
Avatar 0 moved to (15, 5).
Avatar 0 is on avatar 1's path.
Avatar 1 attempted to move West to (18, 6).
Avatar 1 moved to (18, 6).
Avatar 2 attempted to move North to (15, 4).
Avatar 2 moved to (15, 4).
Avatar 2 is on avatar 1's path.
Avatar 3 attempted to move West to (18, 6).
Avatar 3 moved to (18, 6).
Avatar 3 is on avatar 1's path.
Avatar 0 attempted to move North to (15, 4).
Avatar 0 moved to (15, 4).
Avatar 0 is on avatar 1's path.
Avatar 1 attempted to move North to (18, 5).
Avatar 1 moved to (18, 5).
Avatar 2 attempted to move North to (15, 3).
Avatar 2 moved to (15, 3).
Avatar 2 is on avatar 1's path.
Avatar 3 attempted to move North to (18, 5).
Avatar 3 moved to (18, 5).
Avatar 3 is on avatar 1's path.
Avatar 0 attempted to move North to (15, 3).
Avatar 0 moved to (15, 3).
Avatar 0 is on avatar 1's path.
Avatar 1 attempted to move West to (17, 5).
Avatar 1 moved to (17, 5).
Avatar 2 attempted to move East to (16, 3).
Avatar 2 moved to (16, 3).
Avatar 2 is on avatar 1's path.
Avatar 3 attempted to move West to (17, 5).
Avatar 3 moved to (17, 5).
Avatar 3 is on avatar 1's path.
Avatar 0 attempted to move East to (16, 3).
Avatar 0 moved to (16, 3).
Avatar 0 is on avatar 1's path.
Avatar 1 attempted to move North to (17, 4).
Avatar 1 moved to (17, 4).
Avatar 2 attempted to move South to (16, 4).
Avatar 2 moved to (16, 4).
Avatar 2 is on avatar 1's path.
Avatar 3 attempted to move North to (17, 4).
Avatar 3 moved to (17, 4).
Avatar 3 is on avatar 1's path.
Avatar 0 attempted to move South to (16, 4).
Avatar 0 moved to (16, 4).
Avatar 0 is on avatar 1's path.
Avatar 1 attempted to move West to (16, 4).
Avatar 1 moved to (16, 4).
Avatar 2 stays at (16, 4).
Avatar 3 attempted to move West to (16, 4).

Maze solved with nAvatars = 4, difficulty = 3, number of moves = 475, and hashcode -977857642.
