User ID: 402717, MazePort: 34633, Date & Time: Thu Aug 24 02:53:28 2017
Avatar 0 attempted to move East to (1, 2).
Avatar 0 moved to (1, 2).
Avatar 1 attempted to move East to (4, 2).
Avatar 1 moved to (4, 2).
Avatar 2 attempted to move East to (1, 4).
Move failed. East wall added to (0, 4).
Avatar 3 attempted to move East to (3, 2).
Move failed. East wall added to (2, 2).
Avatar 4 attempted to move East to (4, 4).
Avatar 4 moved to (4, 4).
Avatar 5 attempted to move East to (3, 3).
Avatar 5 moved to (3, 3).
Avatar 6 attempted to move East to (2, 1).
Move failed. East wall added to (1, 1).
Avatar 7 attempted to move East to (3, 4).
Avatar 7 moved to (3, 4).
Avatar 8 attempted to move East to (4, 1).
Move failed. East wall added to (3, 1).
Avatar 9 attempted to move West to (3, 4).
Avatar 9 moved to (3, 4).
Avatar 9 is on avatar 7's path.
Avatar 0 attempted to move East to (2, 2).
Avatar 0 moved to (2, 2).
Avatar 1 attempted to move South to (4, 3).
Avatar 1 moved to (4, 3).
Avatar 2 attempted to move North to (0, 3).
Avatar 2 moved to (0, 3).
Avatar 3 attempted to move West to (1, 2).
Avatar 3 moved to (1, 2).
Avatar 3 is on avatar 0's path.
Avatar 4 attempted to move West to (3, 4).
Avatar 4 moved to (3, 4).
Avatar 4 is on avatar 7's path.
Avatar 5 attempted to move East to (4, 3).
Avatar 5 moved to (4, 3).
Avatar 5 is on avatar 1's path.
Avatar 6 attempted to move South to (1, 2).
Move failed. South wall added to (1, 1).
Avatar 7 attempted to move North to (3, 3).
Move failed. North wall added to (3, 4).
Avatar 8 attempted to move South to (3, 2).
Avatar 8 moved to (3, 2).
Avatar 9 stays at (3, 4).
Avatar 0 attempted to move South to (2, 3).
Move failed. South wall added to (2, 2).
Avatar 1 attempted to move South to (4, 4).
Move failed. South wall added to (4, 3).
Avatar 2 attempted to move East to (1, 3).
Avatar 2 moved to (1, 3).
Avatar 3 attempted to move East to (2, 2).
Avatar 3 moved to (2, 2).
Avatar 3 is on avatar 0's path.
Avatar 4 stays at (3, 4).
Avatar 5 stays at (4, 3).
Avatar 6 attempted to move North to (1, 0).
Avatar 6 moved to (1, 0).
Avatar 7 attempted to move West to (2, 4).
Avatar 7 moved to (2, 4).
Avatar 8 attempted to move East to (4, 2).
Avatar 8 moved to (4, 2).
Avatar 8 is on avatar 1's path.
Avatar 9 attempted to move West to (2, 4).
Avatar 9 moved to (2, 4).
Avatar 9 is on avatar 7's path.
Avatar 0 attempted to move North to (2, 1).
Avatar 0 moved to (2, 1).
Avatar 1 attempted to move West to (3, 3).
Avatar 1 moved to (3, 3).
Avatar 2 attempted to move East to (2, 3).
Move failed. East wall added to (1, 3).
Avatar 3 attempted to move North to (2, 1).
Avatar 3 moved to (2, 1).
Avatar 3 is on avatar 0's path.
Avatar 4 attempted to move West to (2, 4).
Avatar 4 moved to (2, 4).
Avatar 4 is on avatar 7's path.
Avatar 5 attempted to move West to (3, 3).
Avatar 5 moved to (3, 3).
Avatar 5 is on avatar 1's path.
Avatar 6 attempted to move East to (2, 0).
Avatar 6 moved to (2, 0).
Avatar 7 attempted to move North to (2, 3).
Avatar 7 moved to (2, 3).
Avatar 8 attempted to move South to (4, 3).
Avatar 8 moved to (4, 3).
Avatar 8 is on avatar 1's path.
Avatar 9 attempted to move North to (2, 3).
Avatar 9 moved to (2, 3).
Avatar 9 is on avatar 7's path.
Avatar 0 attempted to move East to (3, 1).
Move failed. East wall added to (2, 1).
Avatar 1 attempted to move West to (2, 3).
Avatar 1 moved to (2, 3).
Avatar 1 is on avatar 7's path.
Avatar 2 attempted to move South to (1, 4).
Avatar 2 moved to (1, 4).
Avatar 3 stays at (2, 1).
Avatar 4 attempted to move North to (2, 3).
Avatar 4 moved to (2, 3).
Avatar 4 is on avatar 7's path.
Avatar 5 attempted to move West to (2, 3).
Avatar 5 moved to (2, 3).
Avatar 5 is on avatar 7's path.
Avatar 6 attempted to move East to (3, 0).
Avatar 6 moved to (3, 0).
Avatar 7 attempted to move South to (2, 4).
Avatar 7 moved to (2, 4).
Avatar 8 attempted to move West to (3, 3).
Avatar 8 moved to (3, 3).
Avatar 8 is on avatar 1's path.
Avatar 9 attempted to move South to (2, 4).
Avatar 9 moved to (2, 4).
Avatar 9 is on avatar 7's path.
Avatar 0 attempted to move North to (2, 0).
Avatar 0 moved to (2, 0).
Avatar 0 is on avatar 6's path.
Avatar 1 attempted to move South to (2, 4).
Avatar 1 moved to (2, 4).
Avatar 1 is on avatar 7's path.
Avatar 2 attempted to move East to (2, 4).
Avatar 2 moved to (2, 4).
Avatar 2 is on avatar 7's path.
Avatar 3 attempted to move North to (2, 0).
Avatar 3 moved to (2, 0).
Avatar 3 is on avatar 6's path.
Avatar 4 attempted to move South to (2, 4).
Avatar 4 moved to (2, 4).
Avatar 4 is on avatar 7's path.
Avatar 5 attempted to move South to (2, 4).
Avatar 5 moved to (2, 4).
Avatar 5 is on avatar 7's path.
Avatar 6 attempted to move East to (4, 0).
Avatar 6 moved to (4, 0).
Avatar 7 attempted to move East to (3, 4).
Avatar 7 moved to (3, 4).
Avatar 8 attempted to move West to (2, 3).
Avatar 8 moved to (2, 3).
Avatar 8 is on avatar 7's path.
Avatar 9 attempted to move East to (3, 4).
Avatar 9 moved to (3, 4).
Avatar 9 is on avatar 7's path.
Avatar 0 attempted to move East to (3, 0).
Avatar 0 moved to (3, 0).
Avatar 0 is on avatar 6's path.
Avatar 1 attempted to move East to (3, 4).
Avatar 1 moved to (3, 4).
Avatar 1 is on avatar 7's path.
Avatar 2 attempted to move East to (3, 4).
Avatar 2 moved to (3, 4).
Avatar 2 is on avatar 7's path.
Avatar 3 attempted to move East to (3, 0).
Avatar 3 moved to (3, 0).
Avatar 3 is on avatar 6's path.
Avatar 4 attempted to move East to (3, 4).
Avatar 4 moved to (3, 4).
Avatar 4 is on avatar 7's path.
Avatar 5 attempted to move East to (3, 4).
Avatar 5 moved to (3, 4).
Avatar 5 is on avatar 7's path.
Avatar 6 attempted to move South to (4, 1).
Avatar 6 moved to (4, 1).
Avatar 7 attempted to move East to (4, 4).
Avatar 7 moved to (4, 4).
Avatar 8 attempted to move South to (2, 4).
Avatar 8 moved to (2, 4).
Avatar 8 is on avatar 7's path.
Avatar 9 attempted to move East to (4, 4).
Avatar 9 moved to (4, 4).
Avatar 9 is on avatar 7's path.
Avatar 0 attempted to move East to (4, 0).
Avatar 0 moved to (4, 0).
Avatar 0 is on avatar 6's path.
Avatar 1 attempted to move East to (4, 4).
Avatar 1 moved to (4, 4).
Avatar 1 is on avatar 7's path.
Avatar 2 attempted to move East to (4, 4).
Avatar 2 moved to (4, 4).
Avatar 2 is on avatar 7's path.
Avatar 3 attempted to move East to (4, 0).
Avatar 3 moved to (4, 0).
Avatar 3 is on avatar 6's path.
Avatar 4 attempted to move East to (4, 4).
Avatar 4 moved to (4, 4).
Avatar 4 is on avatar 7's path.
Avatar 5 attempted to move East to (4, 4).
Avatar 5 moved to (4, 4).
Avatar 5 is on avatar 7's path.
Avatar 6 attempted to move South to (4, 2).
Move failed. South wall added to (4, 1).
Avatar 7 attempted to move West to (3, 4).
Avatar 7 moved to (3, 4).
Avatar 8 attempted to move East to (3, 4).
Avatar 8 moved to (3, 4).
Avatar 8 is on avatar 7's path.
Avatar 9 attempted to move West to (3, 4).
Avatar 9 moved to (3, 4).
Avatar 9 is on avatar 7's path.
Avatar 0 attempted to move South to (4, 1).
Avatar 0 moved to (4, 1).
Avatar 0 is on avatar 6's path.
Avatar 1 attempted to move West to (3, 4).
Avatar 1 moved to (3, 4).
Avatar 1 is on avatar 7's path.
Avatar 2 attempted to move West to (3, 4).
Avatar 2 moved to (3, 4).
Avatar 2 is on avatar 7's path.
Avatar 3 attempted to move South to (4, 1).
Avatar 3 moved to (4, 1).
Avatar 3 is on avatar 6's path.
Avatar 4 attempted to move West to (3, 4).
Avatar 4 moved to (3, 4).
Avatar 4 is on avatar 7's path.
Avatar 5 attempted to move West to (3, 4).
Avatar 5 moved to (3, 4).
Avatar 5 is on avatar 7's path.
Avatar 6 attempted to move North to (4, 0).
Avatar 6 moved to (4, 0).
Avatar 7 attempted to move West to (2, 4).
Avatar 7 moved to (2, 4).
Avatar 8 attempted to move West to (2, 4).
Avatar 8 moved to (2, 4).
Avatar 8 is on avatar 7's path.
Avatar 9 attempted to move West to (2, 4).
Avatar 9 moved to (2, 4).
Avatar 9 is on avatar 7's path.
Avatar 0 attempted to move North to (4, 0).
Avatar 0 moved to (4, 0).
Avatar 0 is on avatar 6's path.
Avatar 1 attempted to move West to (2, 4).
Avatar 1 moved to (2, 4).
Avatar 1 is on avatar 7's path.
Avatar 2 attempted to move West to (2, 4).
Avatar 2 moved to (2, 4).
Avatar 2 is on avatar 7's path.
Avatar 3 attempted to move North to (4, 0).
Avatar 3 moved to (4, 0).
Avatar 3 is on avatar 6's path.
Avatar 4 attempted to move West to (2, 4).
Avatar 4 moved to (2, 4).
Avatar 4 is on avatar 7's path.
Avatar 5 attempted to move West to (2, 4).
Avatar 5 moved to (2, 4).
Avatar 5 is on avatar 7's path.
Avatar 6 attempted to move West to (3, 0).
Avatar 6 moved to (3, 0).
Avatar 7 attempted to move North to (2, 3).
Avatar 7 moved to (2, 3).
Avatar 8 attempted to move North to (2, 3).
Avatar 8 moved to (2, 3).
Avatar 8 is on avatar 7's path.
Avatar 9 attempted to move North to (2, 3).
Avatar 9 moved to (2, 3).
Avatar 9 is on avatar 7's path.
Avatar 0 attempted to move West to (3, 0).
Avatar 0 moved to (3, 0).
Avatar 0 is on avatar 6's path.
Avatar 1 attempted to move North to (2, 3).
Avatar 1 moved to (2, 3).
Avatar 1 is on avatar 7's path.
Avatar 2 attempted to move North to (2, 3).
Avatar 2 moved to (2, 3).
Avatar 2 is on avatar 7's path.
Avatar 3 attempted to move West to (3, 0).
Avatar 3 moved to (3, 0).
Avatar 3 is on avatar 6's path.
Avatar 4 attempted to move North to (2, 3).
Avatar 4 moved to (2, 3).
Avatar 4 is on avatar 7's path.
Avatar 5 attempted to move North to (2, 3).
Avatar 5 moved to (2, 3).
Avatar 5 is on avatar 7's path.
Avatar 6 attempted to move South to (3, 1).
Move failed. South wall added to (3, 0).
Avatar 7 attempted to move East to (3, 3).
Avatar 7 moved to (3, 3).
Avatar 8 attempted to move East to (3, 3).
Avatar 8 moved to (3, 3).
Avatar 8 is on avatar 7's path.
Avatar 9 attempted to move East to (3, 3).
Avatar 9 moved to (3, 3).
Avatar 9 is on avatar 7's path.
Avatar 0 stays at (3, 0).
Avatar 1 attempted to move East to (3, 3).
Avatar 1 moved to (3, 3).
Avatar 1 is on avatar 7's path.
Avatar 2 attempted to move East to (3, 3).
Avatar 2 moved to (3, 3).
Avatar 2 is on avatar 7's path.
Avatar 3 stays at (3, 0).
Avatar 4 attempted to move East to (3, 3).
Avatar 4 moved to (3, 3).
Avatar 4 is on avatar 7's path.
Avatar 5 attempted to move East to (3, 3).
Avatar 5 moved to (3, 3).
Avatar 5 is on avatar 7's path.
Avatar 6 attempted to move West to (2, 0).
Avatar 6 moved to (2, 0).
Avatar 7 attempted to move North to (3, 2).
Move failed. North wall added to (3, 3).
Avatar 8 stays at (3, 3).
Avatar 9 stays at (3, 3).
Avatar 0 attempted to move West to (2, 0).
Avatar 0 moved to (2, 0).
Avatar 0 is on avatar 6's path.
Avatar 1 stays at (3, 3).
Avatar 2 stays at (3, 3).
Avatar 3 attempted to move West to (2, 0).
Avatar 3 moved to (2, 0).
Avatar 3 is on avatar 6's path.
Avatar 4 stays at (3, 3).
Avatar 5 stays at (3, 3).
Avatar 6 attempted to move West to (1, 0).
Avatar 6 moved to (1, 0).
Avatar 7 attempted to move East to (4, 3).
Avatar 7 moved to (4, 3).
Avatar 8 attempted to move East to (4, 3).
Avatar 8 moved to (4, 3).
Avatar 8 is on avatar 7's path.
Avatar 9 attempted to move East to (4, 3).
Avatar 9 moved to (4, 3).
Avatar 9 is on avatar 7's path.
Avatar 0 attempted to move West to (1, 0).
Avatar 0 moved to (1, 0).
Avatar 0 is on avatar 6's path.
Avatar 1 attempted to move East to (4, 3).
Avatar 1 moved to (4, 3).
Avatar 1 is on avatar 7's path.
Avatar 2 attempted to move East to (4, 3).
Avatar 2 moved to (4, 3).
Avatar 2 is on avatar 7's path.
Avatar 3 attempted to move West to (1, 0).
Avatar 3 moved to (1, 0).
Avatar 3 is on avatar 6's path.
Avatar 4 attempted to move East to (4, 3).
Avatar 4 moved to (4, 3).
Avatar 4 is on avatar 7's path.
Avatar 5 attempted to move East to (4, 3).
Avatar 5 moved to (4, 3).
Avatar 5 is on avatar 7's path.
Avatar 6 attempted to move West to (0, 0).
Move failed. West wall added to (1, 0).
Avatar 7 attempted to move North to (4, 2).
Avatar 7 moved to (4, 2).
Avatar 8 attempted to move North to (4, 2).
Avatar 8 moved to (4, 2).
Avatar 8 is on avatar 7's path.
Avatar 9 attempted to move North to (4, 2).
Avatar 9 moved to (4, 2).
Avatar 9 is on avatar 7's path.
Avatar 0 stays at (1, 0).
Avatar 1 attempted to move North to (4, 2).
Avatar 1 moved to (4, 2).
Avatar 1 is on avatar 7's path.
Avatar 2 attempted to move North to (4, 2).
Avatar 2 moved to (4, 2).
Avatar 2 is on avatar 7's path.
Avatar 3 stays at (1, 0).
Avatar 4 attempted to move North to (4, 2).
Avatar 4 moved to (4, 2).
Avatar 4 is on avatar 7's path.
Avatar 5 attempted to move North to (4, 2).
Avatar 5 moved to (4, 2).
Avatar 5 is on avatar 7's path.
Avatar 6 attempted to move South to (1, 1).
Avatar 6 moved to (1, 1).
Avatar 7 attempted to move West to (3, 2).
Avatar 7 moved to (3, 2).
Avatar 8 attempted to move West to (3, 2).
Avatar 8 moved to (3, 2).
Avatar 8 is on avatar 7's path.
Avatar 9 attempted to move West to (3, 2).
Avatar 9 moved to (3, 2).
Avatar 9 is on avatar 7's path.
Avatar 0 attempted to move South to (1, 1).
Avatar 0 moved to (1, 1).
Avatar 0 is on avatar 6's path.
Avatar 1 attempted to move West to (3, 2).
Avatar 1 moved to (3, 2).
Avatar 1 is on avatar 7's path.
Avatar 2 attempted to move West to (3, 2).
Avatar 2 moved to (3, 2).
Avatar 2 is on avatar 7's path.
Avatar 3 attempted to move South to (1, 1).
Avatar 3 moved to (1, 1).
Avatar 3 is on avatar 6's path.
Avatar 4 attempted to move West to (3, 2).
Avatar 4 moved to (3, 2).
Avatar 4 is on avatar 7's path.
Avatar 5 attempted to move West to (3, 2).
Avatar 5 moved to (3, 2).
Avatar 5 is on avatar 7's path.
Avatar 6 attempted to move West to (0, 1).
Avatar 6 moved to (0, 1).
Avatar 7 attempted to move North to (3, 1).
Avatar 7 moved to (3, 1).
Avatar 8 attempted to move North to (3, 1).
Avatar 8 moved to (3, 1).
Avatar 8 is on avatar 7's path.
Avatar 9 attempted to move North to (3, 1).
Avatar 9 moved to (3, 1).
Avatar 9 is on avatar 7's path.
Avatar 0 attempted to move West to (0, 1).
Avatar 0 moved to (0, 1).
Avatar 0 is on avatar 6's path.
Avatar 1 attempted to move North to (3, 1).
Avatar 1 moved to (3, 1).
Avatar 1 is on avatar 7's path.
Avatar 2 attempted to move North to (3, 1).
Avatar 2 moved to (3, 1).
Avatar 2 is on avatar 7's path.
Avatar 3 attempted to move West to (0, 1).
Avatar 3 moved to (0, 1).
Avatar 3 is on avatar 6's path.
Avatar 4 attempted to move North to (3, 1).
Avatar 4 moved to (3, 1).
Avatar 4 is on avatar 7's path.
Avatar 5 attempted to move North to (3, 1).
Avatar 5 moved to (3, 1).
Avatar 5 is on avatar 7's path.
Avatar 6 attempted to move South to (0, 2).
Move failed. South wall added to (0, 1).
Avatar 7 attempted to move South to (3, 2).
Avatar 7 moved to (3, 2).
Avatar 8 attempted to move South to (3, 2).
Avatar 8 moved to (3, 2).
Avatar 8 is on avatar 7's path.
Avatar 9 attempted to move South to (3, 2).
Avatar 9 moved to (3, 2).
Avatar 9 is on avatar 7's path.
Avatar 0 stays at (0, 1).
Avatar 1 attempted to move South to (3, 2).
Avatar 1 moved to (3, 2).
Avatar 1 is on avatar 7's path.
Avatar 2 attempted to move South to (3, 2).
Avatar 2 moved to (3, 2).
Avatar 2 is on avatar 7's path.
Avatar 3 stays at (0, 1).
Avatar 4 attempted to move South to (3, 2).
Avatar 4 moved to (3, 2).
Avatar 4 is on avatar 7's path.
Avatar 5 attempted to move South to (3, 2).
Avatar 5 moved to (3, 2).
Avatar 5 is on avatar 7's path.
Avatar 6 attempted to move North to (0, 0).
Avatar 6 moved to (0, 0).
Avatar 7 attempted to move East to (4, 2).
Avatar 7 moved to (4, 2).
Avatar 8 attempted to move East to (4, 2).
Avatar 8 moved to (4, 2).
Avatar 8 is on avatar 7's path.
Avatar 9 attempted to move East to (4, 2).
Avatar 9 moved to (4, 2).
Avatar 9 is on avatar 7's path.
Avatar 0 attempted to move North to (0, 0).
Avatar 0 moved to (0, 0).
Avatar 0 is on avatar 6's path.
Avatar 1 attempted to move East to (4, 2).
Avatar 1 moved to (4, 2).
Avatar 1 is on avatar 7's path.
Avatar 2 attempted to move East to (4, 2).
Avatar 2 moved to (4, 2).
Avatar 2 is on avatar 7's path.
Avatar 3 attempted to move North to (0, 0).
Avatar 3 moved to (0, 0).
Avatar 3 is on avatar 6's path.
Avatar 4 attempted to move East to (4, 2).
Avatar 4 moved to (4, 2).
Avatar 4 is on avatar 7's path.
Avatar 5 attempted to move East to (4, 2).
Avatar 5 moved to (4, 2).
Avatar 5 is on avatar 7's path.
Avatar 6 attempted to move South to (0, 1).
Avatar 6 moved to (0, 1).
Avatar 7 attempted to move South to (4, 3).
Avatar 7 moved to (4, 3).
Avatar 8 attempted to move South to (4, 3).
Avatar 8 moved to (4, 3).
Avatar 8 is on avatar 7's path.
Avatar 9 attempted to move South to (4, 3).
Avatar 9 moved to (4, 3).
Avatar 9 is on avatar 7's path.
Avatar 0 attempted to move South to (0, 1).
Avatar 0 moved to (0, 1).
Avatar 0 is on avatar 6's path.
Avatar 1 attempted to move South to (4, 3).
Avatar 1 moved to (4, 3).
Avatar 1 is on avatar 7's path.
Avatar 2 attempted to move South to (4, 3).
Avatar 2 moved to (4, 3).
Avatar 2 is on avatar 7's path.
Avatar 3 attempted to move South to (0, 1).
Avatar 3 moved to (0, 1).
Avatar 3 is on avatar 6's path.
Avatar 4 attempted to move South to (4, 3).
Avatar 4 moved to (4, 3).
Avatar 4 is on avatar 7's path.
Avatar 5 attempted to move South to (4, 3).
Avatar 5 moved to (4, 3).
Avatar 5 is on avatar 7's path.
Avatar 6 attempted to move East to (1, 1).
Avatar 6 moved to (1, 1).
Avatar 7 attempted to move West to (3, 3).
Avatar 7 moved to (3, 3).
Avatar 8 attempted to move West to (3, 3).
Avatar 8 moved to (3, 3).
Avatar 8 is on avatar 7's path.
Avatar 9 attempted to move West to (3, 3).
Avatar 9 moved to (3, 3).
Avatar 9 is on avatar 7's path.
Avatar 0 attempted to move East to (1, 1).
Avatar 0 moved to (1, 1).
Avatar 0 is on avatar 6's path.
Avatar 1 attempted to move West to (3, 3).
Avatar 1 moved to (3, 3).
Avatar 1 is on avatar 7's path.
Avatar 2 attempted to move West to (3, 3).
Avatar 2 moved to (3, 3).
Avatar 2 is on avatar 7's path.
Avatar 3 attempted to move East to (1, 1).
Avatar 3 moved to (1, 1).
Avatar 3 is on avatar 6's path.
Avatar 4 attempted to move West to (3, 3).
Avatar 4 moved to (3, 3).
Avatar 4 is on avatar 7's path.
Avatar 5 attempted to move West to (3, 3).
Avatar 5 moved to (3, 3).
Avatar 5 is on avatar 7's path.
Avatar 6 attempted to move North to (1, 0).
Avatar 6 moved to (1, 0).
Avatar 7 attempted to move West to (2, 3).
Avatar 7 moved to (2, 3).
Avatar 8 attempted to move West to (2, 3).
Avatar 8 moved to (2, 3).
Avatar 8 is on avatar 7's path.
Avatar 9 attempted to move West to (2, 3).
Avatar 9 moved to (2, 3).
Avatar 9 is on avatar 7's path.
Avatar 0 attempted to move North to (1, 0).
Avatar 0 moved to (1, 0).
Avatar 0 is on avatar 6's path.
Avatar 1 attempted to move West to (2, 3).
Avatar 1 moved to (2, 3).
Avatar 1 is on avatar 7's path.
Avatar 2 attempted to move West to (2, 3).
Avatar 2 moved to (2, 3).
Avatar 2 is on avatar 7's path.
Avatar 3 attempted to move North to (1, 0).
Avatar 3 moved to (1, 0).
Avatar 3 is on avatar 6's path.
Avatar 4 attempted to move West to (2, 3).
Avatar 4 moved to (2, 3).
Avatar 4 is on avatar 7's path.
Avatar 5 attempted to move West to (2, 3).
Avatar 5 moved to (2, 3).
Avatar 5 is on avatar 7's path.
Avatar 6 attempted to move East to (2, 0).
Avatar 6 moved to (2, 0).
Avatar 7 attempted to move South to (2, 4).
Avatar 7 moved to (2, 4).
Avatar 8 attempted to move South to (2, 4).
Avatar 8 moved to (2, 4).
Avatar 8 is on avatar 7's path.
Avatar 9 attempted to move South to (2, 4).
Avatar 9 moved to (2, 4).
Avatar 9 is on avatar 7's path.
Avatar 0 attempted to move East to (2, 0).
Avatar 0 moved to (2, 0).
Avatar 0 is on avatar 6's path.
Avatar 1 attempted to move South to (2, 4).
Avatar 1 moved to (2, 4).
Avatar 1 is on avatar 7's path.
Avatar 2 attempted to move South to (2, 4).
Avatar 2 moved to (2, 4).
Avatar 2 is on avatar 7's path.
Avatar 3 attempted to move East to (2, 0).
Avatar 3 moved to (2, 0).
Avatar 3 is on avatar 6's path.
Avatar 4 attempted to move South to (2, 4).
Avatar 4 moved to (2, 4).
Avatar 4 is on avatar 7's path.
Avatar 5 attempted to move South to (2, 4).
Avatar 5 moved to (2, 4).
Avatar 5 is on avatar 7's path.
Avatar 6 attempted to move South to (2, 1).
Avatar 6 moved to (2, 1).
Avatar 7 attempted to move West to (1, 4).
Avatar 7 moved to (1, 4).
Avatar 8 attempted to move West to (1, 4).
Avatar 8 moved to (1, 4).
Avatar 8 is on avatar 7's path.
Avatar 9 attempted to move West to (1, 4).
Avatar 9 moved to (1, 4).
Avatar 9 is on avatar 7's path.
Avatar 0 attempted to move South to (2, 1).
Avatar 0 moved to (2, 1).
Avatar 0 is on avatar 6's path.
Avatar 1 attempted to move West to (1, 4).
Avatar 1 moved to (1, 4).
Avatar 1 is on avatar 7's path.
Avatar 2 attempted to move West to (1, 4).
Avatar 2 moved to (1, 4).
Avatar 2 is on avatar 7's path.
Avatar 3 attempted to move South to (2, 1).
Avatar 3 moved to (2, 1).
Avatar 3 is on avatar 6's path.
Avatar 4 attempted to move West to (1, 4).
Avatar 4 moved to (1, 4).
Avatar 4 is on avatar 7's path.
Avatar 5 attempted to move West to (1, 4).
Avatar 5 moved to (1, 4).
Avatar 5 is on avatar 7's path.
Avatar 6 attempted to move South to (2, 2).
Avatar 6 moved to (2, 2).
Avatar 7 attempted to move North to (1, 3).
Avatar 7 moved to (1, 3).
Avatar 8 attempted to move North to (1, 3).
Avatar 8 moved to (1, 3).
Avatar 8 is on avatar 7's path.
Avatar 9 attempted to move North to (1, 3).
Avatar 9 moved to (1, 3).
Avatar 9 is on avatar 7's path.
Avatar 0 attempted to move South to (2, 2).
Avatar 0 moved to (2, 2).
Avatar 0 is on avatar 6's path.
Avatar 1 attempted to move North to (1, 3).
Avatar 1 moved to (1, 3).
Avatar 1 is on avatar 7's path.
Avatar 2 attempted to move North to (1, 3).
Avatar 2 moved to (1, 3).
Avatar 2 is on avatar 7's path.
Avatar 3 attempted to move South to (2, 2).
Avatar 3 moved to (2, 2).
Avatar 3 is on avatar 6's path.
Avatar 4 attempted to move North to (1, 3).
Avatar 4 moved to (1, 3).
Avatar 4 is on avatar 7's path.
Avatar 5 attempted to move North to (1, 3).
Avatar 5 moved to (1, 3).
Avatar 5 is on avatar 7's path.
Avatar 6 attempted to move West to (1, 2).
Avatar 6 moved to (1, 2).
Avatar 7 attempted to move North to (1, 2).
Move failed. North wall added to (1, 3).
Avatar 8 stays at (1, 3).
Avatar 9 stays at (1, 3).
Avatar 0 attempted to move West to (1, 2).
Avatar 0 moved to (1, 2).
Avatar 0 is on avatar 6's path.
Avatar 1 stays at (1, 3).
Avatar 2 stays at (1, 3).
Avatar 3 attempted to move West to (1, 2).
Avatar 3 moved to (1, 2).
Avatar 3 is on avatar 6's path.
Avatar 4 stays at (1, 3).
Avatar 5 stays at (1, 3).
Avatar 6 attempted to move West to (0, 2).
Avatar 6 moved to (0, 2).
Avatar 7 attempted to move West to (0, 3).
Avatar 7 moved to (0, 3).
Avatar 8 attempted to move West to (0, 3).
Avatar 8 moved to (0, 3).
Avatar 8 is on avatar 7's path.
Avatar 9 attempted to move West to (0, 3).
Avatar 9 moved to (0, 3).
Avatar 9 is on avatar 7's path.
Avatar 0 attempted to move West to (0, 2).
Avatar 0 moved to (0, 2).
Avatar 0 is on avatar 6's path.
Avatar 1 attempted to move West to (0, 3).
Avatar 1 moved to (0, 3).
Avatar 1 is on avatar 7's path.
Avatar 2 attempted to move West to (0, 3).
Avatar 2 moved to (0, 3).
Avatar 2 is on avatar 7's path.
Avatar 3 attempted to move West to (0, 2).
Avatar 3 moved to (0, 2).
Avatar 3 is on avatar 6's path.
Avatar 4 attempted to move West to (0, 3).
Avatar 4 moved to (0, 3).
Avatar 4 is on avatar 7's path.
Avatar 5 attempted to move West to (0, 3).
Avatar 5 moved to (0, 3).
Avatar 5 is on avatar 7's path.
Avatar 6 attempted to move South to (0, 3).
Avatar 6 moved to (0, 3).
Avatar 6 is on avatar 7's path.
Avatar 7 attempted to move East to (1, 3).
Avatar 7 moved to (1, 3).
Avatar 8 attempted to move East to (1, 3).
Avatar 8 moved to (1, 3).
Avatar 8 is on avatar 7's path.
Avatar 9 attempted to move East to (1, 3).
Avatar 9 moved to (1, 3).
Avatar 9 is on avatar 7's path.
Avatar 0 attempted to move South to (0, 3).
Avatar 0 moved to (0, 3).
Avatar 0 is on avatar 7's path.
Avatar 1 attempted to move East to (1, 3).
Avatar 1 moved to (1, 3).
Avatar 1 is on avatar 7's path.
Avatar 2 attempted to move East to (1, 3).
Avatar 2 moved to (1, 3).
Avatar 2 is on avatar 7's path.
Avatar 3 attempted to move South to (0, 3).
Avatar 3 moved to (0, 3).
Avatar 3 is on avatar 7's path.
Avatar 4 attempted to move East to (1, 3).
Avatar 4 moved to (1, 3).
Avatar 4 is on avatar 7's path.
Avatar 5 attempted to move East to (1, 3).
Avatar 5 moved to (1, 3).
Avatar 5 is on avatar 7's path.
Avatar 6 attempted to move East to (1, 3).
Avatar 6 moved to (1, 3).
Avatar 6 is on avatar 7's path.
Avatar 7 attempted to move South to (1, 4).
Avatar 7 moved to (1, 4).
Avatar 8 attempted to move South to (1, 4).
Avatar 8 moved to (1, 4).
Avatar 8 is on avatar 7's path.
Avatar 9 attempted to move South to (1, 4).
Avatar 9 moved to (1, 4).
Avatar 9 is on avatar 7's path.
Avatar 0 attempted to move East to (1, 3).
Avatar 0 moved to (1, 3).
Avatar 0 is on avatar 7's path.
Avatar 1 attempted to move South to (1, 4).
Avatar 1 moved to (1, 4).
Avatar 1 is on avatar 7's path.
Avatar 2 attempted to move South to (1, 4).
Avatar 2 moved to (1, 4).
Avatar 2 is on avatar 7's path.
Avatar 3 attempted to move East to (1, 3).
Avatar 3 moved to (1, 3).
Avatar 3 is on avatar 7's path.
Avatar 4 attempted to move South to (1, 4).
Avatar 4 moved to (1, 4).
Avatar 4 is on avatar 7's path.
Avatar 5 attempted to move South to (1, 4).
Avatar 5 moved to (1, 4).
Avatar 5 is on avatar 7's path.
Avatar 6 attempted to move South to (1, 4).
Avatar 6 moved to (1, 4).
Avatar 6 is on avatar 7's path.
Avatar 7 attempted to move East to (2, 4).
Avatar 7 moved to (2, 4).
Avatar 8 attempted to move East to (2, 4).
Avatar 8 moved to (2, 4).
Avatar 8 is on avatar 7's path.
Avatar 9 attempted to move East to (2, 4).
Avatar 9 moved to (2, 4).
Avatar 9 is on avatar 7's path.
Avatar 0 attempted to move South to (1, 4).
Avatar 0 moved to (1, 4).
Avatar 0 is on avatar 7's path.
Avatar 1 attempted to move East to (2, 4).
Avatar 1 moved to (2, 4).
Avatar 1 is on avatar 7's path.
Avatar 2 attempted to move East to (2, 4).
Avatar 2 moved to (2, 4).
Avatar 2 is on avatar 7's path.
Avatar 3 attempted to move South to (1, 4).
Avatar 3 moved to (1, 4).
Avatar 3 is on avatar 7's path.
Avatar 4 attempted to move East to (2, 4).
Avatar 4 moved to (2, 4).
Avatar 4 is on avatar 7's path.
Avatar 5 attempted to move East to (2, 4).
Avatar 5 moved to (2, 4).
Avatar 5 is on avatar 7's path.
Avatar 6 attempted to move East to (2, 4).
Avatar 6 moved to (2, 4).
Avatar 6 is on avatar 7's path.
Avatar 7 attempted to move East to (3, 4).
Avatar 7 moved to (3, 4).
Avatar 8 attempted to move East to (3, 4).
Avatar 8 moved to (3, 4).
Avatar 8 is on avatar 7's path.
Avatar 9 attempted to move East to (3, 4).
Avatar 9 moved to (3, 4).
Avatar 9 is on avatar 7's path.
Avatar 0 attempted to move East to (2, 4).
Avatar 0 moved to (2, 4).
Avatar 0 is on avatar 7's path.
Avatar 1 attempted to move East to (3, 4).
Avatar 1 moved to (3, 4).
Avatar 1 is on avatar 7's path.
Avatar 2 attempted to move East to (3, 4).
Avatar 2 moved to (3, 4).
Avatar 2 is on avatar 7's path.
Avatar 3 attempted to move East to (2, 4).
Avatar 3 moved to (2, 4).
Avatar 3 is on avatar 7's path.
Avatar 4 attempted to move East to (3, 4).
Avatar 4 moved to (3, 4).
Avatar 4 is on avatar 7's path.
Avatar 5 attempted to move East to (3, 4).
Avatar 5 moved to (3, 4).
Avatar 5 is on avatar 7's path.
Avatar 6 attempted to move East to (3, 4).
Avatar 6 moved to (3, 4).
Avatar 6 is on avatar 7's path.
Avatar 7 attempted to move East to (4, 4).
Avatar 7 moved to (4, 4).
Avatar 8 attempted to move East to (4, 4).
Avatar 8 moved to (4, 4).
Avatar 8 is on avatar 7's path.
Avatar 9 attempted to move East to (4, 4).
Avatar 9 moved to (4, 4).
Avatar 9 is on avatar 7's path.
Avatar 0 attempted to move East to (3, 4).
Avatar 0 moved to (3, 4).
Avatar 0 is on avatar 7's path.
Avatar 1 attempted to move East to (4, 4).
Avatar 1 moved to (4, 4).
Avatar 1 is on avatar 7's path.
Avatar 2 attempted to move East to (4, 4).
Avatar 2 moved to (4, 4).
Avatar 2 is on avatar 7's path.
Avatar 3 attempted to move East to (3, 4).
Avatar 3 moved to (3, 4).
Avatar 3 is on avatar 7's path.
Avatar 4 attempted to move East to (4, 4).
Avatar 4 moved to (4, 4).
Avatar 4 is on avatar 7's path.
Avatar 5 attempted to move East to (4, 4).
Avatar 5 moved to (4, 4).
Avatar 5 is on avatar 7's path.
Avatar 6 attempted to move East to (4, 4).
Avatar 6 moved to (4, 4).
Avatar 6 is on avatar 7's path.
Avatar 7 attempted to move West to (3, 4).
Avatar 7 moved to (3, 4).
Avatar 8 attempted to move West to (3, 4).
Avatar 8 moved to (3, 4).
Avatar 8 is on avatar 7's path.
Avatar 9 attempted to move West to (3, 4).
Avatar 9 moved to (3, 4).
Avatar 9 is on avatar 7's path.
Avatar 0 stays at (3, 4).
Avatar 1 attempted to move West to (3, 4).
Avatar 1 moved to (3, 4).
Avatar 1 is on avatar 7's path.
Avatar 2 attempted to move West to (3, 4).
Avatar 2 moved to (3, 4).
Avatar 2 is on avatar 7's path.
Avatar 3 stays at (3, 4).
Avatar 4 attempted to move West to (3, 4).
Avatar 4 moved to (3, 4).
Avatar 4 is on avatar 7's path.
Avatar 5 attempted to move West to (3, 4).
Avatar 5 moved to (3, 4).
Avatar 5 is on avatar 7's path.
Avatar 6 attempted to move West to (3, 4).
Solved maze with nAvatars = 10, difficulty = 0, nMoves = 326, and hashcode = 221963275User ID: 402717, MazePort: 44155, Date & Time: Thu Aug 24 13:30:52 2017
Avatar 0 attempted to move East to (1, 2).
Avatar 0 moved to (1, 2).
Avatar 1 attempted to move East to (4, 2).
Avatar 1 moved to (4, 2).
Avatar 2 attempted to move East to (1, 4).
Move failed. East wall added to (0, 4).
Avatar 3 attempted to move East to (3, 2).
Move failed. East wall added to (2, 2).
Avatar 4 attempted to move East to (4, 4).
Avatar 4 moved to (4, 4).
Avatar 5 attempted to move East to (3, 3).
Avatar 5 moved to (3, 3).
Avatar 6 attempted to move East to (2, 1).
Move failed. East wall added to (1, 1).
Avatar 7 attempted to move East to (3, 4).
Avatar 7 moved to (3, 4).
Avatar 8 attempted to move East to (4, 1).
Move failed. East wall added to (3, 1).
Avatar 9 attempted to move West to (3, 4).
Avatar 9 moved to (3, 4).
Avatar 9 is on avatar 7's path.
Avatar 0 attempted to move East to (2, 2).
Avatar 0 moved to (2, 2).
Avatar 1 attempted to move South to (4, 3).
Avatar 1 moved to (4, 3).
Avatar 2 attempted to move North to (0, 3).
Avatar 2 moved to (0, 3).
Avatar 3 attempted to move West to (1, 2).
Avatar 3 moved to (1, 2).
Avatar 3 is on avatar 0's path.
Avatar 4 attempted to move West to (3, 4).
Avatar 4 moved to (3, 4).
Avatar 4 is on avatar 7's path.
Avatar 5 attempted to move East to (4, 3).
Avatar 5 moved to (4, 3).
Avatar 5 is on avatar 1's path.
Avatar 6 attempted to move South to (1, 2).
Move failed. South wall added to (1, 1).
Avatar 7 attempted to move North to (3, 3).
Move failed. North wall added to (3, 4).
Avatar 8 attempted to move South to (3, 2).
Avatar 8 moved to (3, 2).
Avatar 9 stays at (3, 4).
Avatar 0 attempted to move South to (2, 3).
Move failed. South wall added to (2, 2).
Avatar 1 attempted to move South to (4, 4).
Move failed. South wall added to (4, 3).
Avatar 2 attempted to move East to (1, 3).
Avatar 2 moved to (1, 3).
Avatar 3 attempted to move East to (2, 2).
Avatar 3 moved to (2, 2).
Avatar 3 is on avatar 0's path.
Avatar 4 stays at (3, 4).
Avatar 5 stays at (4, 3).
Avatar 6 attempted to move North to (1, 0).
Avatar 6 moved to (1, 0).
Avatar 7 attempted to move West to (2, 4).
Avatar 7 moved to (2, 4).
Avatar 8 attempted to move East to (4, 2).
Avatar 8 moved to (4, 2).
Avatar 8 is on avatar 1's path.
Avatar 9 attempted to move West to (2, 4).
Avatar 9 moved to (2, 4).
Avatar 9 is on avatar 7's path.
Avatar 0 attempted to move North to (2, 1).
Avatar 0 moved to (2, 1).
Avatar 1 attempted to move West to (3, 3).
Avatar 1 moved to (3, 3).
Avatar 2 attempted to move East to (2, 3).
Move failed. East wall added to (1, 3).
Avatar 3 attempted to move North to (2, 1).
Avatar 3 moved to (2, 1).
Avatar 3 is on avatar 0's path.
Avatar 4 attempted to move West to (2, 4).
Avatar 4 moved to (2, 4).
Avatar 4 is on avatar 7's path.
Avatar 5 attempted to move West to (3, 3).
Avatar 5 moved to (3, 3).
Avatar 5 is on avatar 1's path.
Avatar 6 attempted to move East to (2, 0).
Avatar 6 moved to (2, 0).
Avatar 7 attempted to move North to (2, 3).
Avatar 7 moved to (2, 3).
Avatar 8 attempted to move South to (4, 3).
Avatar 8 moved to (4, 3).
Avatar 8 is on avatar 1's path.
Avatar 9 attempted to move North to (2, 3).
Avatar 9 moved to (2, 3).
Avatar 9 is on avatar 7's path.
Avatar 0 attempted to move East to (3, 1).
Move failed. East wall added to (2, 1).
Avatar 1 attempted to move West to (2, 3).
Avatar 1 moved to (2, 3).
Avatar 1 is on avatar 7's path.
Avatar 2 attempted to move South to (1, 4).
Avatar 2 moved to (1, 4).
Avatar 3 stays at (2, 1).
Avatar 4 attempted to move North to (2, 3).
Avatar 4 moved to (2, 3).
Avatar 4 is on avatar 7's path.
Avatar 5 attempted to move West to (2, 3).
Avatar 5 moved to (2, 3).
Avatar 5 is on avatar 7's path.
Avatar 6 attempted to move East to (3, 0).
Avatar 6 moved to (3, 0).
Avatar 7 attempted to move South to (2, 4).
Avatar 7 moved to (2, 4).
Avatar 8 attempted to move West to (3, 3).
Avatar 8 moved to (3, 3).
Avatar 8 is on avatar 1's path.
Avatar 9 attempted to move South to (2, 4).
Avatar 9 moved to (2, 4).
Avatar 9 is on avatar 7's path.
Avatar 0 attempted to move North to (2, 0).
Avatar 0 moved to (2, 0).
Avatar 0 is on avatar 6's path.
Avatar 1 attempted to move South to (2, 4).
Avatar 1 moved to (2, 4).
Avatar 1 is on avatar 7's path.
Avatar 2 attempted to move East to (2, 4).
Avatar 2 moved to (2, 4).
Avatar 2 is on avatar 7's path.
Avatar 3 attempted to move North to (2, 0).
Avatar 3 moved to (2, 0).
Avatar 3 is on avatar 6's path.
Avatar 4 attempted to move South to (2, 4).
Avatar 4 moved to (2, 4).
Avatar 4 is on avatar 7's path.
Avatar 5 attempted to move South to (2, 4).
Avatar 5 moved to (2, 4).
Avatar 5 is on avatar 7's path.
Avatar 6 attempted to move East to (4, 0).
Avatar 6 moved to (4, 0).
Avatar 7 attempted to move East to (3, 4).
Avatar 7 moved to (3, 4).
Avatar 8 attempted to move West to (2, 3).
Avatar 8 moved to (2, 3).
Avatar 8 is on avatar 7's path.
Avatar 9 attempted to move East to (3, 4).
Avatar 9 moved to (3, 4).
Avatar 9 is on avatar 7's path.
Avatar 0 attempted to move East to (3, 0).
Avatar 0 moved to (3, 0).
Avatar 0 is on avatar 6's path.
Avatar 1 attempted to move East to (3, 4).
Avatar 1 moved to (3, 4).
Avatar 1 is on avatar 7's path.
Avatar 2 attempted to move East to (3, 4).
Avatar 2 moved to (3, 4).
Avatar 2 is on avatar 7's path.
Avatar 3 attempted to move East to (3, 0).
Avatar 3 moved to (3, 0).
Avatar 3 is on avatar 6's path.
Avatar 4 attempted to move East to (3, 4).
Avatar 4 moved to (3, 4).
Avatar 4 is on avatar 7's path.
Avatar 5 attempted to move East to (3, 4).
Avatar 5 moved to (3, 4).
Avatar 5 is on avatar 7's path.
Avatar 6 attempted to move South to (4, 1).
Avatar 6 moved to (4, 1).
Avatar 7 attempted to move East to (4, 4).
Avatar 7 moved to (4, 4).
Avatar 8 attempted to move South to (2, 4).
Avatar 8 moved to (2, 4).
Avatar 8 is on avatar 7's path.
Avatar 9 attempted to move East to (4, 4).
Avatar 9 moved to (4, 4).
Avatar 9 is on avatar 7's path.
Avatar 0 attempted to move East to (4, 0).
Avatar 0 moved to (4, 0).
Avatar 0 is on avatar 6's path.
Avatar 1 attempted to move East to (4, 4).
Avatar 1 moved to (4, 4).
Avatar 1 is on avatar 7's path.
Avatar 2 attempted to move East to (4, 4).
Avatar 2 moved to (4, 4).
Avatar 2 is on avatar 7's path.
Avatar 3 attempted to move East to (4, 0).
Avatar 3 moved to (4, 0).
Avatar 3 is on avatar 6's path.
Avatar 4 attempted to move East to (4, 4).
Avatar 4 moved to (4, 4).
Avatar 4 is on avatar 7's path.
Avatar 5 attempted to move East to (4, 4).
Avatar 5 moved to (4, 4).
Avatar 5 is on avatar 7's path.
Avatar 6 attempted to move South to (4, 2).
Move failed. South wall added to (4, 1).
Avatar 7 attempted to move West to (3, 4).
Avatar 7 moved to (3, 4).
Avatar 8 attempted to move East to (3, 4).
Avatar 8 moved to (3, 4).
Avatar 8 is on avatar 7's path.
Avatar 9 attempted to move West to (3, 4).
Avatar 9 moved to (3, 4).
Avatar 9 is on avatar 7's path.
Avatar 0 attempted to move South to (4, 1).
Avatar 0 moved to (4, 1).
Avatar 0 is on avatar 6's path.
Avatar 1 attempted to move West to (3, 4).
Avatar 1 moved to (3, 4).
Avatar 1 is on avatar 7's path.
Avatar 2 attempted to move West to (3, 4).
Avatar 2 moved to (3, 4).
Avatar 2 is on avatar 7's path.
Avatar 3 attempted to move South to (4, 1).
Avatar 3 moved to (4, 1).
Avatar 3 is on avatar 6's path.
Avatar 4 attempted to move West to (3, 4).
Avatar 4 moved to (3, 4).
Avatar 4 is on avatar 7's path.
Avatar 5 attempted to move West to (3, 4).
Avatar 5 moved to (3, 4).
Avatar 5 is on avatar 7's path.
Avatar 6 attempted to move North to (4, 0).
Avatar 6 moved to (4, 0).
Avatar 7 attempted to move West to (2, 4).
Avatar 7 moved to (2, 4).
Avatar 8 attempted to move West to (2, 4).
Avatar 8 moved to (2, 4).
Avatar 8 is on avatar 7's path.
Avatar 9 attempted to move West to (2, 4).
Avatar 9 moved to (2, 4).
Avatar 9 is on avatar 7's path.
Avatar 0 attempted to move North to (4, 0).
Avatar 0 moved to (4, 0).
Avatar 0 is on avatar 6's path.
Avatar 1 attempted to move West to (2, 4).
Avatar 1 moved to (2, 4).
Avatar 1 is on avatar 7's path.
Avatar 2 attempted to move West to (2, 4).
Avatar 2 moved to (2, 4).
Avatar 2 is on avatar 7's path.
Avatar 3 attempted to move North to (4, 0).
Avatar 3 moved to (4, 0).
Avatar 3 is on avatar 6's path.
Avatar 4 attempted to move West to (2, 4).
Avatar 4 moved to (2, 4).
Avatar 4 is on avatar 7's path.
Avatar 5 attempted to move West to (2, 4).
Avatar 5 moved to (2, 4).
Avatar 5 is on avatar 7's path.
Avatar 6 attempted to move West to (3, 0).
Avatar 6 moved to (3, 0).
Avatar 7 attempted to move North to (2, 3).
Avatar 7 moved to (2, 3).
Avatar 8 attempted to move North to (2, 3).
Avatar 8 moved to (2, 3).
Avatar 8 is on avatar 7's path.
Avatar 9 attempted to move North to (2, 3).
Avatar 9 moved to (2, 3).
Avatar 9 is on avatar 7's path.
Avatar 0 attempted to move West to (3, 0).
Avatar 0 moved to (3, 0).
Avatar 0 is on avatar 6's path.
Avatar 1 attempted to move North to (2, 3).
Avatar 1 moved to (2, 3).
Avatar 1 is on avatar 7's path.
Avatar 2 attempted to move North to (2, 3).
Avatar 2 moved to (2, 3).
Avatar 2 is on avatar 7's path.
Avatar 3 attempted to move West to (3, 0).
Avatar 3 moved to (3, 0).
Avatar 3 is on avatar 6's path.
Avatar 4 attempted to move North to (2, 3).
Avatar 4 moved to (2, 3).
Avatar 4 is on avatar 7's path.
Avatar 5 attempted to move North to (2, 3).
Avatar 5 moved to (2, 3).
Avatar 5 is on avatar 7's path.
Avatar 6 attempted to move South to (3, 1).
Move failed. South wall added to (3, 0).
Avatar 7 attempted to move East to (3, 3).
Avatar 7 moved to (3, 3).
Avatar 8 attempted to move East to (3, 3).
Avatar 8 moved to (3, 3).
Avatar 8 is on avatar 7's path.
Avatar 9 attempted to move East to (3, 3).
Avatar 9 moved to (3, 3).
Avatar 9 is on avatar 7's path.
Avatar 0 stays at (3, 0).
Avatar 1 attempted to move East to (3, 3).
Avatar 1 moved to (3, 3).
Avatar 1 is on avatar 7's path.
Avatar 2 attempted to move East to (3, 3).
Avatar 2 moved to (3, 3).
Avatar 2 is on avatar 7's path.
Avatar 3 stays at (3, 0).
Avatar 4 attempted to move East to (3, 3).
Avatar 4 moved to (3, 3).
Avatar 4 is on avatar 7's path.
Avatar 5 attempted to move East to (3, 3).
Avatar 5 moved to (3, 3).
Avatar 5 is on avatar 7's path.
Avatar 6 attempted to move West to (2, 0).
Avatar 6 moved to (2, 0).
Avatar 7 attempted to move North to (3, 2).
Move failed. North wall added to (3, 3).
Avatar 8 stays at (3, 3).
Avatar 9 stays at (3, 3).
Avatar 0 attempted to move West to (2, 0).
Avatar 0 moved to (2, 0).
Avatar 0 is on avatar 6's path.
Avatar 1 stays at (3, 3).
Avatar 2 stays at (3, 3).
Avatar 3 attempted to move West to (2, 0).
Avatar 3 moved to (2, 0).
Avatar 3 is on avatar 6's path.
Avatar 4 stays at (3, 3).
Avatar 5 stays at (3, 3).
Avatar 6 attempted to move West to (1, 0).
Avatar 6 moved to (1, 0).
Avatar 7 attempted to move East to (4, 3).
Avatar 7 moved to (4, 3).
Avatar 8 attempted to move East to (4, 3).
Avatar 8 moved to (4, 3).
Avatar 8 is on avatar 7's path.
Avatar 9 attempted to move East to (4, 3).
Avatar 9 moved to (4, 3).
Avatar 9 is on avatar 7's path.
Avatar 0 attempted to move West to (1, 0).
Avatar 0 moved to (1, 0).
Avatar 0 is on avatar 6's path.
Avatar 1 attempted to move East to (4, 3).
Avatar 1 moved to (4, 3).
Avatar 1 is on avatar 7's path.
Avatar 2 attempted to move East to (4, 3).
Avatar 2 moved to (4, 3).
Avatar 2 is on avatar 7's path.
Avatar 3 attempted to move West to (1, 0).
Avatar 3 moved to (1, 0).
Avatar 3 is on avatar 6's path.
Avatar 4 attempted to move East to (4, 3).
Avatar 4 moved to (4, 3).
Avatar 4 is on avatar 7's path.
Avatar 5 attempted to move East to (4, 3).
Avatar 5 moved to (4, 3).
Avatar 5 is on avatar 7's path.
Avatar 6 attempted to move West to (0, 0).
Move failed. West wall added to (1, 0).
Avatar 7 attempted to move North to (4, 2).
Avatar 7 moved to (4, 2).
Avatar 8 attempted to move North to (4, 2).
Avatar 8 moved to (4, 2).
Avatar 8 is on avatar 7's path.
Avatar 9 attempted to move North to (4, 2).
Avatar 9 moved to (4, 2).
Avatar 9 is on avatar 7's path.
Avatar 0 stays at (1, 0).
Avatar 1 attempted to move North to (4, 2).
Avatar 1 moved to (4, 2).
Avatar 1 is on avatar 7's path.
Avatar 2 attempted to move North to (4, 2).
Avatar 2 moved to (4, 2).
Avatar 2 is on avatar 7's path.
Avatar 3 stays at (1, 0).
Avatar 4 attempted to move North to (4, 2).
Avatar 4 moved to (4, 2).
Avatar 4 is on avatar 7's path.
Avatar 5 attempted to move North to (4, 2).
Avatar 5 moved to (4, 2).
Avatar 5 is on avatar 7's path.
Avatar 6 attempted to move South to (1, 1).
Avatar 6 moved to (1, 1).
Avatar 7 attempted to move West to (3, 2).
Avatar 7 moved to (3, 2).
Avatar 8 attempted to move West to (3, 2).
Avatar 8 moved to (3, 2).
Avatar 8 is on avatar 7's path.
Avatar 9 attempted to move West to (3, 2).
Avatar 9 moved to (3, 2).
Avatar 9 is on avatar 7's path.
Avatar 0 attempted to move South to (1, 1).
Avatar 0 moved to (1, 1).
Avatar 0 is on avatar 6's path.
Avatar 1 attempted to move West to (3, 2).
Avatar 1 moved to (3, 2).
Avatar 1 is on avatar 7's path.
Avatar 2 attempted to move West to (3, 2).
Avatar 2 moved to (3, 2).
Avatar 2 is on avatar 7's path.
Avatar 3 attempted to move South to (1, 1).
Avatar 3 moved to (1, 1).
Avatar 3 is on avatar 6's path.
Avatar 4 attempted to move West to (3, 2).
Avatar 4 moved to (3, 2).
Avatar 4 is on avatar 7's path.
Avatar 5 attempted to move West to (3, 2).
Avatar 5 moved to (3, 2).
Avatar 5 is on avatar 7's path.
Avatar 6 attempted to move West to (0, 1).
Avatar 6 moved to (0, 1).
Avatar 7 attempted to move North to (3, 1).
Avatar 7 moved to (3, 1).
Avatar 8 attempted to move North to (3, 1).
Avatar 8 moved to (3, 1).
Avatar 8 is on avatar 7's path.
Avatar 9 attempted to move North to (3, 1).
Avatar 9 moved to (3, 1).
Avatar 9 is on avatar 7's path.
Avatar 0 attempted to move West to (0, 1).
Avatar 0 moved to (0, 1).
Avatar 0 is on avatar 6's path.
Avatar 1 attempted to move North to (3, 1).
Avatar 1 moved to (3, 1).
Avatar 1 is on avatar 7's path.
Avatar 2 attempted to move North to (3, 1).
Avatar 2 moved to (3, 1).
Avatar 2 is on avatar 7's path.
Avatar 3 attempted to move West to (0, 1).
Avatar 3 moved to (0, 1).
Avatar 3 is on avatar 6's path.
Avatar 4 attempted to move North to (3, 1).
Avatar 4 moved to (3, 1).
Avatar 4 is on avatar 7's path.
Avatar 5 attempted to move North to (3, 1).
Avatar 5 moved to (3, 1).
Avatar 5 is on avatar 7's path.
Avatar 6 attempted to move South to (0, 2).
Move failed. South wall added to (0, 1).
Avatar 7 attempted to move South to (3, 2).
Avatar 7 moved to (3, 2).
Avatar 8 attempted to move South to (3, 2).
Avatar 8 moved to (3, 2).
Avatar 8 is on avatar 7's path.
Avatar 9 attempted to move South to (3, 2).
Avatar 9 moved to (3, 2).
Avatar 9 is on avatar 7's path.
Avatar 0 stays at (0, 1).
Avatar 1 attempted to move South to (3, 2).
Avatar 1 moved to (3, 2).
Avatar 1 is on avatar 7's path.
Avatar 2 attempted to move South to (3, 2).
Avatar 2 moved to (3, 2).
Avatar 2 is on avatar 7's path.
Avatar 3 stays at (0, 1).
Avatar 4 attempted to move South to (3, 2).
Avatar 4 moved to (3, 2).
Avatar 4 is on avatar 7's path.
Avatar 5 attempted to move South to (3, 2).
Avatar 5 moved to (3, 2).
Avatar 5 is on avatar 7's path.
Avatar 6 attempted to move North to (0, 0).
Avatar 6 moved to (0, 0).
Avatar 7 attempted to move East to (4, 2).
Avatar 7 moved to (4, 2).
Avatar 8 attempted to move East to (4, 2).
Avatar 8 moved to (4, 2).
Avatar 8 is on avatar 7's path.
Avatar 9 attempted to move East to (4, 2).
Avatar 9 moved to (4, 2).
Avatar 9 is on avatar 7's path.
Avatar 0 attempted to move North to (0, 0).
Avatar 0 moved to (0, 0).
Avatar 0 is on avatar 6's path.
Avatar 1 attempted to move East to (4, 2).
Avatar 1 moved to (4, 2).
Avatar 1 is on avatar 7's path.
Avatar 2 attempted to move East to (4, 2).
Avatar 2 moved to (4, 2).
Avatar 2 is on avatar 7's path.
Avatar 3 attempted to move North to (0, 0).
Avatar 3 moved to (0, 0).
Avatar 3 is on avatar 6's path.
Avatar 4 attempted to move East to (4, 2).
Avatar 4 moved to (4, 2).
Avatar 4 is on avatar 7's path.
Avatar 5 attempted to move East to (4, 2).
Avatar 5 moved to (4, 2).
Avatar 5 is on avatar 7's path.
Avatar 6 attempted to move South to (0, 1).
Avatar 6 moved to (0, 1).
Avatar 7 attempted to move South to (4, 3).
Avatar 7 moved to (4, 3).
Avatar 8 attempted to move South to (4, 3).
Avatar 8 moved to (4, 3).
Avatar 8 is on avatar 7's path.
Avatar 9 attempted to move South to (4, 3).
Avatar 9 moved to (4, 3).
Avatar 9 is on avatar 7's path.
Avatar 0 attempted to move South to (0, 1).
Avatar 0 moved to (0, 1).
Avatar 0 is on avatar 6's path.
Avatar 1 attempted to move South to (4, 3).
Avatar 1 moved to (4, 3).
Avatar 1 is on avatar 7's path.
Avatar 2 attempted to move South to (4, 3).
Avatar 2 moved to (4, 3).
Avatar 2 is on avatar 7's path.
Avatar 3 attempted to move South to (0, 1).
Avatar 3 moved to (0, 1).
Avatar 3 is on avatar 6's path.
Avatar 4 attempted to move South to (4, 3).
Avatar 4 moved to (4, 3).
Avatar 4 is on avatar 7's path.
Avatar 5 attempted to move South to (4, 3).
Avatar 5 moved to (4, 3).
Avatar 5 is on avatar 7's path.
Avatar 6 attempted to move East to (1, 1).
Avatar 6 moved to (1, 1).
Avatar 7 attempted to move West to (3, 3).
Avatar 7 moved to (3, 3).
Avatar 8 attempted to move West to (3, 3).
Avatar 8 moved to (3, 3).
Avatar 8 is on avatar 7's path.
Avatar 9 attempted to move West to (3, 3).
Avatar 9 moved to (3, 3).
Avatar 9 is on avatar 7's path.
Avatar 0 attempted to move East to (1, 1).
Avatar 0 moved to (1, 1).
Avatar 0 is on avatar 6's path.
Avatar 1 attempted to move West to (3, 3).
Avatar 1 moved to (3, 3).
Avatar 1 is on avatar 7's path.
Avatar 2 attempted to move West to (3, 3).
Avatar 2 moved to (3, 3).
Avatar 2 is on avatar 7's path.
Avatar 3 attempted to move East to (1, 1).
Avatar 3 moved to (1, 1).
Avatar 3 is on avatar 6's path.
Avatar 4 attempted to move West to (3, 3).
Avatar 4 moved to (3, 3).
Avatar 4 is on avatar 7's path.
Avatar 5 attempted to move West to (3, 3).
Avatar 5 moved to (3, 3).
Avatar 5 is on avatar 7's path.
Avatar 6 attempted to move North to (1, 0).
Avatar 6 moved to (1, 0).
Avatar 7 attempted to move West to (2, 3).
Avatar 7 moved to (2, 3).
Avatar 8 attempted to move West to (2, 3).
Avatar 8 moved to (2, 3).
Avatar 8 is on avatar 7's path.
Avatar 9 attempted to move West to (2, 3).
Avatar 9 moved to (2, 3).
Avatar 9 is on avatar 7's path.
Avatar 0 attempted to move North to (1, 0).
Avatar 0 moved to (1, 0).
Avatar 0 is on avatar 6's path.
Avatar 1 attempted to move West to (2, 3).
Avatar 1 moved to (2, 3).
Avatar 1 is on avatar 7's path.
Avatar 2 attempted to move West to (2, 3).
Avatar 2 moved to (2, 3).
Avatar 2 is on avatar 7's path.
Avatar 3 attempted to move North to (1, 0).
Avatar 3 moved to (1, 0).
Avatar 3 is on avatar 6's path.
Avatar 4 attempted to move West to (2, 3).
Avatar 4 moved to (2, 3).
Avatar 4 is on avatar 7's path.
Avatar 5 attempted to move West to (2, 3).
Avatar 5 moved to (2, 3).
Avatar 5 is on avatar 7's path.
Avatar 6 attempted to move East to (2, 0).
Avatar 6 moved to (2, 0).
Avatar 7 attempted to move South to (2, 4).
Avatar 7 moved to (2, 4).
Avatar 8 attempted to move South to (2, 4).
Avatar 8 moved to (2, 4).
Avatar 8 is on avatar 7's path.
Avatar 9 attempted to move South to (2, 4).
Avatar 9 moved to (2, 4).
Avatar 9 is on avatar 7's path.
Avatar 0 attempted to move East to (2, 0).
Avatar 0 moved to (2, 0).
Avatar 0 is on avatar 6's path.
Avatar 1 attempted to move South to (2, 4).
Avatar 1 moved to (2, 4).
Avatar 1 is on avatar 7's path.
Avatar 2 attempted to move South to (2, 4).
Avatar 2 moved to (2, 4).
Avatar 2 is on avatar 7's path.
Avatar 3 attempted to move East to (2, 0).
Avatar 3 moved to (2, 0).
Avatar 3 is on avatar 6's path.
Avatar 4 attempted to move South to (2, 4).
Avatar 4 moved to (2, 4).
Avatar 4 is on avatar 7's path.
Avatar 5 attempted to move South to (2, 4).
Avatar 5 moved to (2, 4).
Avatar 5 is on avatar 7's path.
Avatar 6 attempted to move South to (2, 1).
Avatar 6 moved to (2, 1).
Avatar 7 attempted to move West to (1, 4).
Avatar 7 moved to (1, 4).
Avatar 8 attempted to move West to (1, 4).
Avatar 8 moved to (1, 4).
Avatar 8 is on avatar 7's path.
Avatar 9 attempted to move West to (1, 4).
Avatar 9 moved to (1, 4).
Avatar 9 is on avatar 7's path.
Avatar 0 attempted to move South to (2, 1).
Avatar 0 moved to (2, 1).
Avatar 0 is on avatar 6's path.
Avatar 1 attempted to move West to (1, 4).
Avatar 1 moved to (1, 4).
Avatar 1 is on avatar 7's path.
Avatar 2 attempted to move West to (1, 4).
Avatar 2 moved to (1, 4).
Avatar 2 is on avatar 7's path.
Avatar 3 attempted to move South to (2, 1).
Avatar 3 moved to (2, 1).
Avatar 3 is on avatar 6's path.
Avatar 4 attempted to move West to (1, 4).
Avatar 4 moved to (1, 4).
Avatar 4 is on avatar 7's path.
Avatar 5 attempted to move West to (1, 4).
Avatar 5 moved to (1, 4).
Avatar 5 is on avatar 7's path.
Avatar 6 attempted to move South to (2, 2).
Avatar 6 moved to (2, 2).
Avatar 7 attempted to move North to (1, 3).
Avatar 7 moved to (1, 3).
Avatar 8 attempted to move North to (1, 3).
Avatar 8 moved to (1, 3).
Avatar 8 is on avatar 7's path.
Avatar 9 attempted to move North to (1, 3).
Avatar 9 moved to (1, 3).
Avatar 9 is on avatar 7's path.
Avatar 0 attempted to move South to (2, 2).
Avatar 0 moved to (2, 2).
Avatar 0 is on avatar 6's path.
Avatar 1 attempted to move North to (1, 3).
Avatar 1 moved to (1, 3).
Avatar 1 is on avatar 7's path.
Avatar 2 attempted to move North to (1, 3).
Avatar 2 moved to (1, 3).
Avatar 2 is on avatar 7's path.
Avatar 3 attempted to move South to (2, 2).
Avatar 3 moved to (2, 2).
Avatar 3 is on avatar 6's path.
Avatar 4 attempted to move North to (1, 3).
Avatar 4 moved to (1, 3).
Avatar 4 is on avatar 7's path.
Avatar 5 attempted to move North to (1, 3).
Avatar 5 moved to (1, 3).
Avatar 5 is on avatar 7's path.
Avatar 6 attempted to move West to (1, 2).
Avatar 6 moved to (1, 2).
Avatar 7 attempted to move North to (1, 2).
Move failed. North wall added to (1, 3).
Avatar 8 stays at (1, 3).
Avatar 9 stays at (1, 3).
Avatar 0 attempted to move West to (1, 2).
Avatar 0 moved to (1, 2).
Avatar 0 is on avatar 6's path.
Avatar 1 stays at (1, 3).
Avatar 2 stays at (1, 3).
Avatar 3 attempted to move West to (1, 2).
Avatar 3 moved to (1, 2).
Avatar 3 is on avatar 6's path.
Avatar 4 stays at (1, 3).
Avatar 5 stays at (1, 3).
Avatar 6 attempted to move West to (0, 2).
Avatar 6 moved to (0, 2).
Avatar 7 attempted to move West to (0, 3).
Avatar 7 moved to (0, 3).
Avatar 8 attempted to move West to (0, 3).
Avatar 8 moved to (0, 3).
Avatar 8 is on avatar 7's path.
Avatar 9 attempted to move West to (0, 3).
Avatar 9 moved to (0, 3).
Avatar 9 is on avatar 7's path.
Avatar 0 attempted to move West to (0, 2).
Avatar 0 moved to (0, 2).
Avatar 0 is on avatar 6's path.
Avatar 1 attempted to move West to (0, 3).
Avatar 1 moved to (0, 3).
Avatar 1 is on avatar 7's path.
Avatar 2 attempted to move West to (0, 3).
Avatar 2 moved to (0, 3).
Avatar 2 is on avatar 7's path.
Avatar 3 attempted to move West to (0, 2).
Avatar 3 moved to (0, 2).
Avatar 3 is on avatar 6's path.
Avatar 4 attempted to move West to (0, 3).
Avatar 4 moved to (0, 3).
Avatar 4 is on avatar 7's path.
Avatar 5 attempted to move West to (0, 3).
Avatar 5 moved to (0, 3).
Avatar 5 is on avatar 7's path.
Avatar 6 attempted to move South to (0, 3).
Avatar 6 moved to (0, 3).
Avatar 6 is on avatar 7's path.
Avatar 7 attempted to move East to (1, 3).
Avatar 7 moved to (1, 3).
Avatar 8 attempted to move East to (1, 3).
Avatar 8 moved to (1, 3).
Avatar 8 is on avatar 7's path.
Avatar 9 attempted to move East to (1, 3).
Avatar 9 moved to (1, 3).
Avatar 9 is on avatar 7's path.
Avatar 0 attempted to move South to (0, 3).
Avatar 0 moved to (0, 3).
Avatar 0 is on avatar 7's path.
Avatar 1 attempted to move East to (1, 3).
Avatar 1 moved to (1, 3).
Avatar 1 is on avatar 7's path.
Avatar 2 attempted to move East to (1, 3).
Avatar 2 moved to (1, 3).
Avatar 2 is on avatar 7's path.
Avatar 3 attempted to move South to (0, 3).
Avatar 3 moved to (0, 3).
Avatar 3 is on avatar 7's path.
Avatar 4 attempted to move East to (1, 3).
Avatar 4 moved to (1, 3).
Avatar 4 is on avatar 7's path.
Avatar 5 attempted to move East to (1, 3).
Avatar 5 moved to (1, 3).
Avatar 5 is on avatar 7's path.
Avatar 6 attempted to move East to (1, 3).
Avatar 6 moved to (1, 3).
Avatar 6 is on avatar 7's path.
Avatar 7 attempted to move South to (1, 4).
Avatar 7 moved to (1, 4).
Avatar 8 attempted to move South to (1, 4).
Avatar 8 moved to (1, 4).
Avatar 8 is on avatar 7's path.
Avatar 9 attempted to move South to (1, 4).
Avatar 9 moved to (1, 4).
Avatar 9 is on avatar 7's path.
Avatar 0 attempted to move East to (1, 3).
Avatar 0 moved to (1, 3).
Avatar 0 is on avatar 7's path.
Avatar 1 attempted to move South to (1, 4).
Avatar 1 moved to (1, 4).
Avatar 1 is on avatar 7's path.
Avatar 2 attempted to move South to (1, 4).
Avatar 2 moved to (1, 4).
Avatar 2 is on avatar 7's path.
Avatar 3 attempted to move East to (1, 3).
Avatar 3 moved to (1, 3).
Avatar 3 is on avatar 7's path.
Avatar 4 attempted to move South to (1, 4).
Avatar 4 moved to (1, 4).
Avatar 4 is on avatar 7's path.
Avatar 5 attempted to move South to (1, 4).
Avatar 5 moved to (1, 4).
Avatar 5 is on avatar 7's path.
Avatar 6 attempted to move South to (1, 4).
Avatar 6 moved to (1, 4).
Avatar 6 is on avatar 7's path.
Avatar 7 attempted to move East to (2, 4).
Avatar 7 moved to (2, 4).
Avatar 8 attempted to move East to (2, 4).
Avatar 8 moved to (2, 4).
Avatar 8 is on avatar 7's path.
Avatar 9 attempted to move East to (2, 4).
Avatar 9 moved to (2, 4).
Avatar 9 is on avatar 7's path.
Avatar 0 attempted to move South to (1, 4).
Avatar 0 moved to (1, 4).
Avatar 0 is on avatar 7's path.
Avatar 1 attempted to move East to (2, 4).
Avatar 1 moved to (2, 4).
Avatar 1 is on avatar 7's path.
Avatar 2 attempted to move East to (2, 4).
Avatar 2 moved to (2, 4).
Avatar 2 is on avatar 7's path.
Avatar 3 attempted to move South to (1, 4).
Avatar 3 moved to (1, 4).
Avatar 3 is on avatar 7's path.
Avatar 4 attempted to move East to (2, 4).
Avatar 4 moved to (2, 4).
Avatar 4 is on avatar 7's path.
Avatar 5 attempted to move East to (2, 4).
Avatar 5 moved to (2, 4).
Avatar 5 is on avatar 7's path.
Avatar 6 attempted to move East to (2, 4).
Avatar 6 moved to (2, 4).
Avatar 6 is on avatar 7's path.
Avatar 7 attempted to move East to (3, 4).
Avatar 7 moved to (3, 4).
Avatar 8 attempted to move East to (3, 4).
Avatar 8 moved to (3, 4).
Avatar 8 is on avatar 7's path.
Avatar 9 attempted to move East to (3, 4).
Avatar 9 moved to (3, 4).
Avatar 9 is on avatar 7's path.
Avatar 0 attempted to move East to (2, 4).
Avatar 0 moved to (2, 4).
Avatar 0 is on avatar 7's path.
Avatar 1 attempted to move East to (3, 4).
Avatar 1 moved to (3, 4).
Avatar 1 is on avatar 7's path.
Avatar 2 attempted to move East to (3, 4).
Avatar 2 moved to (3, 4).
Avatar 2 is on avatar 7's path.
Avatar 3 attempted to move East to (2, 4).
Avatar 3 moved to (2, 4).
Avatar 3 is on avatar 7's path.
Avatar 4 attempted to move East to (3, 4).
Avatar 4 moved to (3, 4).
Avatar 4 is on avatar 7's path.
Avatar 5 attempted to move East to (3, 4).
Avatar 5 moved to (3, 4).
Avatar 5 is on avatar 7's path.
Avatar 6 attempted to move East to (3, 4).
Avatar 6 moved to (3, 4).
Avatar 6 is on avatar 7's path.
Avatar 7 attempted to move East to (4, 4).
Avatar 7 moved to (4, 4).
Avatar 8 attempted to move East to (4, 4).
Avatar 8 moved to (4, 4).
Avatar 8 is on avatar 7's path.
Avatar 9 attempted to move East to (4, 4).
Avatar 9 moved to (4, 4).
Avatar 9 is on avatar 7's path.
Avatar 0 attempted to move East to (3, 4).
Avatar 0 moved to (3, 4).
Avatar 0 is on avatar 7's path.
Avatar 1 attempted to move East to (4, 4).
Avatar 1 moved to (4, 4).
Avatar 1 is on avatar 7's path.
Avatar 2 attempted to move East to (4, 4).
Avatar 2 moved to (4, 4).
Avatar 2 is on avatar 7's path.
Avatar 3 attempted to move East to (3, 4).
Avatar 3 moved to (3, 4).
Avatar 3 is on avatar 7's path.
Avatar 4 attempted to move East to (4, 4).
Avatar 4 moved to (4, 4).
Avatar 4 is on avatar 7's path.
Avatar 5 attempted to move East to (4, 4).
Avatar 5 moved to (4, 4).
Avatar 5 is on avatar 7's path.
Avatar 6 attempted to move East to (4, 4).
Avatar 6 moved to (4, 4).
Avatar 6 is on avatar 7's path.
Avatar 7 attempted to move West to (3, 4).
Avatar 7 moved to (3, 4).
Avatar 8 attempted to move West to (3, 4).
Avatar 8 moved to (3, 4).
Avatar 8 is on avatar 7's path.
Avatar 9 attempted to move West to (3, 4).
Avatar 9 moved to (3, 4).
Avatar 9 is on avatar 7's path.
Avatar 0 stays at (3, 4).
Avatar 1 attempted to move West to (3, 4).
Avatar 1 moved to (3, 4).
Avatar 1 is on avatar 7's path.
Avatar 2 attempted to move West to (3, 4).
Avatar 2 moved to (3, 4).
Avatar 2 is on avatar 7's path.
Avatar 3 stays at (3, 4).
Avatar 4 attempted to move West to (3, 4).
Avatar 4 moved to (3, 4).
Avatar 4 is on avatar 7's path.
Avatar 5 attempted to move West to (3, 4).
Avatar 5 moved to (3, 4).
Avatar 5 is on avatar 7's path.
Avatar 6 attempted to move West to (3, 4).
Solved maze with nAvatars = 10, difficulty = 0, nMoves = 326, and hashcode = 1549244041User ID: 402717, MazePort: 36897, Date & Time: Thu Aug 24 14:09:01 2017
Avatar 0 attempted to move East to (1, 2).
Avatar 0 moved to (1, 2).
Avatar 1 attempted to move East to (4, 2).
Avatar 1 moved to (4, 2).
Avatar 2 attempted to move East to (1, 4).
Move failed. East wall added to (0, 4).
Avatar 3 attempted to move East to (3, 2).
Move failed. East wall added to (2, 2).
Avatar 4 attempted to move East to (4, 4).
Avatar 4 moved to (4, 4).
Avatar 5 attempted to move East to (3, 3).
Avatar 5 moved to (3, 3).
Avatar 6 attempted to move East to (2, 1).
Move failed. East wall added to (1, 1).
Avatar 7 attempted to move East to (3, 4).
Avatar 7 moved to (3, 4).
Avatar 8 attempted to move East to (4, 1).
Move failed. East wall added to (3, 1).
Avatar 9 attempted to move West to (3, 4).
Avatar 9 moved to (3, 4).
Avatar 9 is on avatar 7's path.
Avatar 0 attempted to move East to (2, 2).
Avatar 0 moved to (2, 2).
Avatar 1 attempted to move South to (4, 3).
Avatar 1 moved to (4, 3).
Avatar 2 attempted to move North to (0, 3).
Avatar 2 moved to (0, 3).
Avatar 3 attempted to move West to (1, 2).
Avatar 3 moved to (1, 2).
Avatar 3 is on avatar 0's path.
Avatar 4 attempted to move West to (3, 4).
Avatar 4 moved to (3, 4).
Avatar 4 is on avatar 7's path.
Avatar 5 attempted to move East to (4, 3).
Avatar 5 moved to (4, 3).
Avatar 5 is on avatar 1's path.
Avatar 6 attempted to move South to (1, 2).
Move failed. South wall added to (1, 1).
Avatar 7 attempted to move North to (3, 3).
Move failed. North wall added to (3, 4).
Avatar 8 attempted to move South to (3, 2).
Avatar 8 moved to (3, 2).
Avatar 9 stays at (3, 4).
Avatar 0 attempted to move South to (2, 3).
Move failed. South wall added to (2, 2).
Avatar 1 attempted to move South to (4, 4).
Move failed. South wall added to (4, 3).
Avatar 2 attempted to move East to (1, 3).
Avatar 2 moved to (1, 3).
Avatar 3 attempted to move East to (2, 2).
Avatar 3 moved to (2, 2).
Avatar 3 is on avatar 0's path.
Avatar 4 stays at (3, 4).
Avatar 5 stays at (4, 3).
Avatar 6 attempted to move North to (1, 0).
Avatar 6 moved to (1, 0).
Avatar 7 attempted to move West to (2, 4).
Avatar 7 moved to (2, 4).
Avatar 8 attempted to move East to (4, 2).
Avatar 8 moved to (4, 2).
Avatar 8 is on avatar 1's path.
Avatar 9 attempted to move West to (2, 4).
Avatar 9 moved to (2, 4).
Avatar 9 is on avatar 7's path.
Avatar 0 attempted to move North to (2, 1).
Avatar 0 moved to (2, 1).
Avatar 1 attempted to move West to (3, 3).
Avatar 1 moved to (3, 3).
Avatar 2 attempted to move East to (2, 3).
Move failed. East wall added to (1, 3).
Avatar 3 attempted to move North to (2, 1).
Avatar 3 moved to (2, 1).
Avatar 3 is on avatar 0's path.
Avatar 4 attempted to move West to (2, 4).
Avatar 4 moved to (2, 4).
Avatar 4 is on avatar 7's path.
Avatar 5 attempted to move West to (3, 3).
Avatar 5 moved to (3, 3).
Avatar 5 is on avatar 1's path.
Avatar 6 attempted to move East to (2, 0).
Avatar 6 moved to (2, 0).
Avatar 7 attempted to move North to (2, 3).
Avatar 7 moved to (2, 3).
Avatar 8 attempted to move South to (4, 3).
Avatar 8 moved to (4, 3).
Avatar 8 is on avatar 1's path.
Avatar 9 attempted to move North to (2, 3).
Avatar 9 moved to (2, 3).
Avatar 9 is on avatar 7's path.
Avatar 0 attempted to move East to (3, 1).
Move failed. East wall added to (2, 1).
Avatar 1 attempted to move West to (2, 3).
Avatar 1 moved to (2, 3).
Avatar 1 is on avatar 7's path.
Avatar 2 attempted to move South to (1, 4).
Avatar 2 moved to (1, 4).
Avatar 3 stays at (2, 1).
Avatar 4 attempted to move North to (2, 3).
Avatar 4 moved to (2, 3).
Avatar 4 is on avatar 7's path.
Avatar 5 attempted to move West to (2, 3).
Avatar 5 moved to (2, 3).
Avatar 5 is on avatar 7's path.
Avatar 6 attempted to move East to (3, 0).
Avatar 6 moved to (3, 0).
Avatar 7 attempted to move South to (2, 4).
Avatar 7 moved to (2, 4).
Avatar 8 attempted to move West to (3, 3).
Avatar 8 moved to (3, 3).
Avatar 8 is on avatar 1's path.
Avatar 9 attempted to move South to (2, 4).
Avatar 9 moved to (2, 4).
Avatar 9 is on avatar 7's path.
Avatar 0 attempted to move North to (2, 0).
Avatar 0 moved to (2, 0).
Avatar 0 is on avatar 6's path.
Avatar 1 attempted to move South to (2, 4).
Avatar 1 moved to (2, 4).
Avatar 1 is on avatar 7's path.
Avatar 2 attempted to move East to (2, 4).
Avatar 2 moved to (2, 4).
Avatar 2 is on avatar 7's path.
Avatar 3 attempted to move North to (2, 0).
Avatar 3 moved to (2, 0).
Avatar 3 is on avatar 6's path.
Avatar 4 attempted to move South to (2, 4).
Avatar 4 moved to (2, 4).
Avatar 4 is on avatar 7's path.
Avatar 5 attempted to move South to (2, 4).
Avatar 5 moved to (2, 4).
Avatar 5 is on avatar 7's path.
Avatar 6 attempted to move East to (4, 0).
Avatar 6 moved to (4, 0).
Avatar 7 attempted to move East to (3, 4).
Avatar 7 moved to (3, 4).
Avatar 8 attempted to move West to (2, 3).
Avatar 8 moved to (2, 3).
Avatar 8 is on avatar 7's path.
Avatar 9 attempted to move East to (3, 4).
Avatar 9 moved to (3, 4).
Avatar 9 is on avatar 7's path.
Avatar 0 attempted to move East to (3, 0).
Avatar 0 moved to (3, 0).
Avatar 0 is on avatar 6's path.
Avatar 1 attempted to move East to (3, 4).
Avatar 1 moved to (3, 4).
Avatar 1 is on avatar 7's path.
Avatar 2 attempted to move East to (3, 4).
Avatar 2 moved to (3, 4).
Avatar 2 is on avatar 7's path.
Avatar 3 attempted to move East to (3, 0).
Avatar 3 moved to (3, 0).
Avatar 3 is on avatar 6's path.
Avatar 4 attempted to move East to (3, 4).
Avatar 4 moved to (3, 4).
Avatar 4 is on avatar 7's path.
Avatar 5 attempted to move East to (3, 4).
Avatar 5 moved to (3, 4).
Avatar 5 is on avatar 7's path.
Avatar 6 attempted to move South to (4, 1).
Avatar 6 moved to (4, 1).
Avatar 7 attempted to move East to (4, 4).
Avatar 7 moved to (4, 4).
Avatar 8 attempted to move South to (2, 4).
Avatar 8 moved to (2, 4).
Avatar 8 is on avatar 7's path.
Avatar 9 attempted to move East to (4, 4).
Avatar 9 moved to (4, 4).
Avatar 9 is on avatar 7's path.
Avatar 0 attempted to move East to (4, 0).
Avatar 0 moved to (4, 0).
Avatar 0 is on avatar 6's path.
Avatar 1 attempted to move East to (4, 4).
Avatar 1 moved to (4, 4).
Avatar 1 is on avatar 7's path.
Avatar 2 attempted to move East to (4, 4).
Avatar 2 moved to (4, 4).
Avatar 2 is on avatar 7's path.
Avatar 3 attempted to move East to (4, 0).
Avatar 3 moved to (4, 0).
Avatar 3 is on avatar 6's path.
Avatar 4 attempted to move East to (4, 4).
Avatar 4 moved to (4, 4).
Avatar 4 is on avatar 7's path.
Avatar 5 attempted to move East to (4, 4).
Avatar 5 moved to (4, 4).
Avatar 5 is on avatar 7's path.
Avatar 6 attempted to move South to (4, 2).
Move failed. South wall added to (4, 1).
Avatar 7 attempted to move West to (3, 4).
Avatar 7 moved to (3, 4).
Avatar 8 attempted to move East to (3, 4).
Avatar 8 moved to (3, 4).
Avatar 8 is on avatar 7's path.
Avatar 9 attempted to move West to (3, 4).
Avatar 9 moved to (3, 4).
Avatar 9 is on avatar 7's path.
Avatar 0 attempted to move South to (4, 1).
Avatar 0 moved to (4, 1).
Avatar 0 is on avatar 6's path.
Avatar 1 attempted to move West to (3, 4).
Avatar 1 moved to (3, 4).
Avatar 1 is on avatar 7's path.
Avatar 2 attempted to move West to (3, 4).
Avatar 2 moved to (3, 4).
Avatar 2 is on avatar 7's path.
Avatar 3 attempted to move South to (4, 1).
Avatar 3 moved to (4, 1).
Avatar 3 is on avatar 6's path.
Avatar 4 attempted to move West to (3, 4).
Avatar 4 moved to (3, 4).
Avatar 4 is on avatar 7's path.
Avatar 5 attempted to move West to (3, 4).
Avatar 5 moved to (3, 4).
Avatar 5 is on avatar 7's path.
Avatar 6 attempted to move North to (4, 0).
Avatar 6 moved to (4, 0).
Avatar 7 attempted to move West to (2, 4).
Avatar 7 moved to (2, 4).
Avatar 8 attempted to move West to (2, 4).
Avatar 8 moved to (2, 4).
Avatar 8 is on avatar 7's path.
Avatar 9 attempted to move West to (2, 4).
Avatar 9 moved to (2, 4).
Avatar 9 is on avatar 7's path.
Avatar 0 attempted to move North to (4, 0).
Avatar 0 moved to (4, 0).
Avatar 0 is on avatar 6's path.
Avatar 1 attempted to move West to (2, 4).
Avatar 1 moved to (2, 4).
Avatar 1 is on avatar 7's path.
Avatar 2 attempted to move West to (2, 4).
Avatar 2 moved to (2, 4).
Avatar 2 is on avatar 7's path.
Avatar 3 attempted to move North to (4, 0).
Avatar 3 moved to (4, 0).
Avatar 3 is on avatar 6's path.
Avatar 4 attempted to move West to (2, 4).
Avatar 4 moved to (2, 4).
Avatar 4 is on avatar 7's path.
Avatar 5 attempted to move West to (2, 4).
Avatar 5 moved to (2, 4).
Avatar 5 is on avatar 7's path.
Avatar 6 attempted to move West to (3, 0).
Avatar 6 moved to (3, 0).
Avatar 7 attempted to move North to (2, 3).
Avatar 7 moved to (2, 3).
Avatar 8 attempted to move North to (2, 3).
Avatar 8 moved to (2, 3).
Avatar 8 is on avatar 7's path.
Avatar 9 attempted to move North to (2, 3).
Avatar 9 moved to (2, 3).
Avatar 9 is on avatar 7's path.
Avatar 0 attempted to move West to (3, 0).
Avatar 0 moved to (3, 0).
Avatar 0 is on avatar 6's path.
Avatar 1 attempted to move North to (2, 3).
Avatar 1 moved to (2, 3).
Avatar 1 is on avatar 7's path.
Avatar 2 attempted to move North to (2, 3).
Avatar 2 moved to (2, 3).
Avatar 2 is on avatar 7's path.
Avatar 3 attempted to move West to (3, 0).
Avatar 3 moved to (3, 0).
Avatar 3 is on avatar 6's path.
Avatar 4 attempted to move North to (2, 3).
Avatar 4 moved to (2, 3).
Avatar 4 is on avatar 7's path.
Avatar 5 attempted to move North to (2, 3).
Avatar 5 moved to (2, 3).
Avatar 5 is on avatar 7's path.
Avatar 6 attempted to move South to (3, 1).
Move failed. South wall added to (3, 0).
Avatar 7 attempted to move East to (3, 3).
Avatar 7 moved to (3, 3).
Avatar 8 attempted to move East to (3, 3).
Avatar 8 moved to (3, 3).
Avatar 8 is on avatar 7's path.
Avatar 9 attempted to move East to (3, 3).
Avatar 9 moved to (3, 3).
Avatar 9 is on avatar 7's path.
Avatar 0 stays at (3, 0).
Avatar 1 attempted to move East to (3, 3).
Avatar 1 moved to (3, 3).
Avatar 1 is on avatar 7's path.
Avatar 2 attempted to move East to (3, 3).
Avatar 2 moved to (3, 3).
Avatar 2 is on avatar 7's path.
Avatar 3 stays at (3, 0).
Avatar 4 attempted to move East to (3, 3).
Avatar 4 moved to (3, 3).
Avatar 4 is on avatar 7's path.
Avatar 5 attempted to move East to (3, 3).
Avatar 5 moved to (3, 3).
Avatar 5 is on avatar 7's path.
Avatar 6 attempted to move West to (2, 0).
Avatar 6 moved to (2, 0).
Avatar 7 attempted to move North to (3, 2).
Move failed. North wall added to (3, 3).
Avatar 8 stays at (3, 3).
Avatar 9 stays at (3, 3).
Avatar 0 attempted to move West to (2, 0).
Avatar 0 moved to (2, 0).
Avatar 0 is on avatar 6's path.
Avatar 1 stays at (3, 3).
Avatar 2 stays at (3, 3).
Avatar 3 attempted to move West to (2, 0).
Avatar 3 moved to (2, 0).
Avatar 3 is on avatar 6's path.
Avatar 4 stays at (3, 3).
Avatar 5 stays at (3, 3).
Avatar 6 attempted to move West to (1, 0).
Avatar 6 moved to (1, 0).
Avatar 7 attempted to move East to (4, 3).
Avatar 7 moved to (4, 3).
Avatar 8 attempted to move East to (4, 3).
Avatar 8 moved to (4, 3).
Avatar 8 is on avatar 7's path.
Avatar 9 attempted to move East to (4, 3).
Avatar 9 moved to (4, 3).
Avatar 9 is on avatar 7's path.
Avatar 0 attempted to move West to (1, 0).
Avatar 0 moved to (1, 0).
Avatar 0 is on avatar 6's path.
Avatar 1 attempted to move East to (4, 3).
Avatar 1 moved to (4, 3).
Avatar 1 is on avatar 7's path.
Avatar 2 attempted to move East to (4, 3).
Avatar 2 moved to (4, 3).
Avatar 2 is on avatar 7's path.
Avatar 3 attempted to move West to (1, 0).
Avatar 3 moved to (1, 0).
Avatar 3 is on avatar 6's path.
Avatar 4 attempted to move East to (4, 3).
Avatar 4 moved to (4, 3).
Avatar 4 is on avatar 7's path.
Avatar 5 attempted to move East to (4, 3).
Avatar 5 moved to (4, 3).
Avatar 5 is on avatar 7's path.
Avatar 6 attempted to move West to (0, 0).
Move failed. West wall added to (1, 0).
Avatar 7 attempted to move North to (4, 2).
Avatar 7 moved to (4, 2).
Avatar 8 attempted to move North to (4, 2).
Avatar 8 moved to (4, 2).
Avatar 8 is on avatar 7's path.
Avatar 9 attempted to move North to (4, 2).
Avatar 9 moved to (4, 2).
Avatar 9 is on avatar 7's path.
Avatar 0 stays at (1, 0).
Avatar 1 attempted to move North to (4, 2).
Avatar 1 moved to (4, 2).
Avatar 1 is on avatar 7's path.
Avatar 2 attempted to move North to (4, 2).
Avatar 2 moved to (4, 2).
Avatar 2 is on avatar 7's path.
Avatar 3 stays at (1, 0).
Avatar 4 attempted to move North to (4, 2).
Avatar 4 moved to (4, 2).
Avatar 4 is on avatar 7's path.
Avatar 5 attempted to move North to (4, 2).
Avatar 5 moved to (4, 2).
Avatar 5 is on avatar 7's path.
Avatar 6 attempted to move South to (1, 1).
Avatar 6 moved to (1, 1).
Avatar 7 attempted to move West to (3, 2).
Avatar 7 moved to (3, 2).
Avatar 8 attempted to move West to (3, 2).
Avatar 8 moved to (3, 2).
Avatar 8 is on avatar 7's path.
Avatar 9 attempted to move West to (3, 2).
Avatar 9 moved to (3, 2).
Avatar 9 is on avatar 7's path.
Avatar 0 attempted to move South to (1, 1).
Avatar 0 moved to (1, 1).
Avatar 0 is on avatar 6's path.
Avatar 1 attempted to move West to (3, 2).
Avatar 1 moved to (3, 2).
Avatar 1 is on avatar 7's path.
Avatar 2 attempted to move West to (3, 2).
Avatar 2 moved to (3, 2).
Avatar 2 is on avatar 7's path.
Avatar 3 attempted to move South to (1, 1).
Avatar 3 moved to (1, 1).
Avatar 3 is on avatar 6's path.
Avatar 4 attempted to move West to (3, 2).
Avatar 4 moved to (3, 2).
Avatar 4 is on avatar 7's path.
Avatar 5 attempted to move West to (3, 2).
Avatar 5 moved to (3, 2).
Avatar 5 is on avatar 7's path.
Avatar 6 attempted to move West to (0, 1).
Avatar 6 moved to (0, 1).
Avatar 7 attempted to move North to (3, 1).
Avatar 7 moved to (3, 1).
Avatar 8 attempted to move North to (3, 1).
Avatar 8 moved to (3, 1).
Avatar 8 is on avatar 7's path.
Avatar 9 attempted to move North to (3, 1).
Avatar 9 moved to (3, 1).
Avatar 9 is on avatar 7's path.
Avatar 0 attempted to move West to (0, 1).
Avatar 0 moved to (0, 1).
Avatar 0 is on avatar 6's path.
Avatar 1 attempted to move North to (3, 1).
Avatar 1 moved to (3, 1).
Avatar 1 is on avatar 7's path.
Avatar 2 attempted to move North to (3, 1).
Avatar 2 moved to (3, 1).
Avatar 2 is on avatar 7's path.
Avatar 3 attempted to move West to (0, 1).
Avatar 3 moved to (0, 1).
Avatar 3 is on avatar 6's path.
Avatar 4 attempted to move North to (3, 1).
Avatar 4 moved to (3, 1).
Avatar 4 is on avatar 7's path.
Avatar 5 attempted to move North to (3, 1).
Avatar 5 moved to (3, 1).
Avatar 5 is on avatar 7's path.
Avatar 6 attempted to move South to (0, 2).
Move failed. South wall added to (0, 1).
Avatar 7 attempted to move South to (3, 2).
Avatar 7 moved to (3, 2).
Avatar 8 attempted to move South to (3, 2).
Avatar 8 moved to (3, 2).
Avatar 8 is on avatar 7's path.
Avatar 9 attempted to move South to (3, 2).
Avatar 9 moved to (3, 2).
Avatar 9 is on avatar 7's path.
Avatar 0 stays at (0, 1).
Avatar 1 attempted to move South to (3, 2).
Avatar 1 moved to (3, 2).
Avatar 1 is on avatar 7's path.
Avatar 2 attempted to move South to (3, 2).
Avatar 2 moved to (3, 2).
Avatar 2 is on avatar 7's path.
Avatar 3 stays at (0, 1).
Avatar 4 attempted to move South to (3, 2).
Avatar 4 moved to (3, 2).
Avatar 4 is on avatar 7's path.
Avatar 5 attempted to move South to (3, 2).
Avatar 5 moved to (3, 2).
Avatar 5 is on avatar 7's path.
Avatar 6 attempted to move North to (0, 0).
Avatar 6 moved to (0, 0).
Avatar 7 attempted to move East to (4, 2).
Avatar 7 moved to (4, 2).
Avatar 8 attempted to move East to (4, 2).
Avatar 8 moved to (4, 2).
Avatar 8 is on avatar 7's path.
Avatar 9 attempted to move East to (4, 2).
Avatar 9 moved to (4, 2).
Avatar 9 is on avatar 7's path.
Avatar 0 attempted to move North to (0, 0).
Avatar 0 moved to (0, 0).
Avatar 0 is on avatar 6's path.
Avatar 1 attempted to move East to (4, 2).
Avatar 1 moved to (4, 2).
Avatar 1 is on avatar 7's path.
Avatar 2 attempted to move East to (4, 2).
Avatar 2 moved to (4, 2).
Avatar 2 is on avatar 7's path.
Avatar 3 attempted to move North to (0, 0).
Avatar 3 moved to (0, 0).
Avatar 3 is on avatar 6's path.
Avatar 4 attempted to move East to (4, 2).
Avatar 4 moved to (4, 2).
Avatar 4 is on avatar 7's path.
Avatar 5 attempted to move East to (4, 2).
Avatar 5 moved to (4, 2).
Avatar 5 is on avatar 7's path.
Avatar 6 attempted to move South to (0, 1).
Avatar 6 moved to (0, 1).
Avatar 7 attempted to move South to (4, 3).
Avatar 7 moved to (4, 3).
Avatar 8 attempted to move South to (4, 3).
Avatar 8 moved to (4, 3).
Avatar 8 is on avatar 7's path.
Avatar 9 attempted to move South to (4, 3).
Avatar 9 moved to (4, 3).
Avatar 9 is on avatar 7's path.
Avatar 0 attempted to move South to (0, 1).
Avatar 0 moved to (0, 1).
Avatar 0 is on avatar 6's path.
Avatar 1 attempted to move South to (4, 3).
Avatar 1 moved to (4, 3).
Avatar 1 is on avatar 7's path.
Avatar 2 attempted to move South to (4, 3).
Avatar 2 moved to (4, 3).
Avatar 2 is on avatar 7's path.
Avatar 3 attempted to move South to (0, 1).
Avatar 3 moved to (0, 1).
Avatar 3 is on avatar 6's path.
Avatar 4 attempted to move South to (4, 3).
Avatar 4 moved to (4, 3).
Avatar 4 is on avatar 7's path.
Avatar 5 attempted to move South to (4, 3).
Avatar 5 moved to (4, 3).
Avatar 5 is on avatar 7's path.
Avatar 6 attempted to move East to (1, 1).
Avatar 6 moved to (1, 1).
Avatar 7 attempted to move West to (3, 3).
Avatar 7 moved to (3, 3).
Avatar 8 attempted to move West to (3, 3).
Avatar 8 moved to (3, 3).
Avatar 8 is on avatar 7's path.
Avatar 9 attempted to move West to (3, 3).
Avatar 9 moved to (3, 3).
Avatar 9 is on avatar 7's path.
Avatar 0 attempted to move East to (1, 1).
Avatar 0 moved to (1, 1).
Avatar 0 is on avatar 6's path.
Avatar 1 attempted to move West to (3, 3).
Avatar 1 moved to (3, 3).
Avatar 1 is on avatar 7's path.
Avatar 2 attempted to move West to (3, 3).
Avatar 2 moved to (3, 3).
Avatar 2 is on avatar 7's path.
Avatar 3 attempted to move East to (1, 1).
Avatar 3 moved to (1, 1).
Avatar 3 is on avatar 6's path.
Avatar 4 attempted to move West to (3, 3).
Avatar 4 moved to (3, 3).
Avatar 4 is on avatar 7's path.
Avatar 5 attempted to move West to (3, 3).
Avatar 5 moved to (3, 3).
Avatar 5 is on avatar 7's path.
Avatar 6 attempted to move North to (1, 0).
Avatar 6 moved to (1, 0).
Avatar 7 attempted to move West to (2, 3).
Avatar 7 moved to (2, 3).
Avatar 8 attempted to move West to (2, 3).
Avatar 8 moved to (2, 3).
Avatar 8 is on avatar 7's path.
Avatar 9 attempted to move West to (2, 3).
Avatar 9 moved to (2, 3).
Avatar 9 is on avatar 7's path.
Avatar 0 attempted to move North to (1, 0).
Avatar 0 moved to (1, 0).
Avatar 0 is on avatar 6's path.
Avatar 1 attempted to move West to (2, 3).
Avatar 1 moved to (2, 3).
Avatar 1 is on avatar 7's path.
Avatar 2 attempted to move West to (2, 3).
Avatar 2 moved to (2, 3).
Avatar 2 is on avatar 7's path.
Avatar 3 attempted to move North to (1, 0).
Avatar 3 moved to (1, 0).
Avatar 3 is on avatar 6's path.
Avatar 4 attempted to move West to (2, 3).
Avatar 4 moved to (2, 3).
Avatar 4 is on avatar 7's path.
Avatar 5 attempted to move West to (2, 3).
Avatar 5 moved to (2, 3).
Avatar 5 is on avatar 7's path.
Avatar 6 attempted to move East to (2, 0).
Avatar 6 moved to (2, 0).
Avatar 7 attempted to move South to (2, 4).
Avatar 7 moved to (2, 4).
Avatar 8 attempted to move South to (2, 4).
Avatar 8 moved to (2, 4).
Avatar 8 is on avatar 7's path.
Avatar 9 attempted to move South to (2, 4).
Avatar 9 moved to (2, 4).
Avatar 9 is on avatar 7's path.
Avatar 0 attempted to move East to (2, 0).
Avatar 0 moved to (2, 0).
Avatar 0 is on avatar 6's path.
Avatar 1 attempted to move South to (2, 4).
Avatar 1 moved to (2, 4).
Avatar 1 is on avatar 7's path.
Avatar 2 attempted to move South to (2, 4).
Avatar 2 moved to (2, 4).
Avatar 2 is on avatar 7's path.
Avatar 3 attempted to move East to (2, 0).
Avatar 3 moved to (2, 0).
Avatar 3 is on avatar 6's path.
Avatar 4 attempted to move South to (2, 4).
Avatar 4 moved to (2, 4).
Avatar 4 is on avatar 7's path.
Avatar 5 attempted to move South to (2, 4).
Avatar 5 moved to (2, 4).
Avatar 5 is on avatar 7's path.
Avatar 6 attempted to move South to (2, 1).
Avatar 6 moved to (2, 1).
Avatar 7 attempted to move West to (1, 4).
Avatar 7 moved to (1, 4).
Avatar 8 attempted to move West to (1, 4).
Avatar 8 moved to (1, 4).
Avatar 8 is on avatar 7's path.
Avatar 9 attempted to move West to (1, 4).
Avatar 9 moved to (1, 4).
Avatar 9 is on avatar 7's path.
Avatar 0 attempted to move South to (2, 1).
Avatar 0 moved to (2, 1).
Avatar 0 is on avatar 6's path.
Avatar 1 attempted to move West to (1, 4).
Avatar 1 moved to (1, 4).
Avatar 1 is on avatar 7's path.
Avatar 2 attempted to move West to (1, 4).
Avatar 2 moved to (1, 4).
Avatar 2 is on avatar 7's path.
Avatar 3 attempted to move South to (2, 1).
Avatar 3 moved to (2, 1).
Avatar 3 is on avatar 6's path.
Avatar 4 attempted to move West to (1, 4).
Avatar 4 moved to (1, 4).
Avatar 4 is on avatar 7's path.
Avatar 5 attempted to move West to (1, 4).
Avatar 5 moved to (1, 4).
Avatar 5 is on avatar 7's path.
Avatar 6 attempted to move South to (2, 2).
Avatar 6 moved to (2, 2).
Avatar 7 attempted to move North to (1, 3).
Avatar 7 moved to (1, 3).
Avatar 8 attempted to move North to (1, 3).
Avatar 8 moved to (1, 3).
Avatar 8 is on avatar 7's path.
Avatar 9 attempted to move North to (1, 3).
Avatar 9 moved to (1, 3).
Avatar 9 is on avatar 7's path.
Avatar 0 attempted to move South to (2, 2).
Avatar 0 moved to (2, 2).
Avatar 0 is on avatar 6's path.
Avatar 1 attempted to move North to (1, 3).
Avatar 1 moved to (1, 3).
Avatar 1 is on avatar 7's path.
Avatar 2 attempted to move North to (1, 3).
Avatar 2 moved to (1, 3).
Avatar 2 is on avatar 7's path.
Avatar 3 attempted to move South to (2, 2).
Avatar 3 moved to (2, 2).
Avatar 3 is on avatar 6's path.
Avatar 4 attempted to move North to (1, 3).
Avatar 4 moved to (1, 3).
Avatar 4 is on avatar 7's path.
Avatar 5 attempted to move North to (1, 3).
Avatar 5 moved to (1, 3).
Avatar 5 is on avatar 7's path.
Avatar 6 attempted to move West to (1, 2).
Avatar 6 moved to (1, 2).
Avatar 7 attempted to move North to (1, 2).
Move failed. North wall added to (1, 3).
Avatar 8 stays at (1, 3).
Avatar 9 stays at (1, 3).
Avatar 0 attempted to move West to (1, 2).
Avatar 0 moved to (1, 2).
Avatar 0 is on avatar 6's path.
Avatar 1 stays at (1, 3).
Avatar 2 stays at (1, 3).
Avatar 3 attempted to move West to (1, 2).
Avatar 3 moved to (1, 2).
Avatar 3 is on avatar 6's path.
Avatar 4 stays at (1, 3).
Avatar 5 stays at (1, 3).
Avatar 6 attempted to move West to (0, 2).
Avatar 6 moved to (0, 2).
Avatar 7 attempted to move West to (0, 3).
Avatar 7 moved to (0, 3).
Avatar 8 attempted to move West to (0, 3).
Avatar 8 moved to (0, 3).
Avatar 8 is on avatar 7's path.
Avatar 9 attempted to move West to (0, 3).
Avatar 9 moved to (0, 3).
Avatar 9 is on avatar 7's path.
Avatar 0 attempted to move West to (0, 2).
Avatar 0 moved to (0, 2).
Avatar 0 is on avatar 6's path.
Avatar 1 attempted to move West to (0, 3).
Avatar 1 moved to (0, 3).
Avatar 1 is on avatar 7's path.
Avatar 2 attempted to move West to (0, 3).
Avatar 2 moved to (0, 3).
Avatar 2 is on avatar 7's path.
Avatar 3 attempted to move West to (0, 2).
Avatar 3 moved to (0, 2).
Avatar 3 is on avatar 6's path.
Avatar 4 attempted to move West to (0, 3).
Avatar 4 moved to (0, 3).
Avatar 4 is on avatar 7's path.
Avatar 5 attempted to move West to (0, 3).
Avatar 5 moved to (0, 3).
Avatar 5 is on avatar 7's path.
Avatar 6 attempted to move South to (0, 3).
Avatar 6 moved to (0, 3).
Avatar 6 is on avatar 7's path.
Avatar 7 attempted to move East to (1, 3).
Avatar 7 moved to (1, 3).
Avatar 8 attempted to move East to (1, 3).
Avatar 8 moved to (1, 3).
Avatar 8 is on avatar 7's path.
Avatar 9 attempted to move East to (1, 3).
Avatar 9 moved to (1, 3).
Avatar 9 is on avatar 7's path.
Avatar 0 attempted to move South to (0, 3).
Avatar 0 moved to (0, 3).
Avatar 0 is on avatar 7's path.
Avatar 1 attempted to move East to (1, 3).
Avatar 1 moved to (1, 3).
Avatar 1 is on avatar 7's path.
Avatar 2 attempted to move East to (1, 3).
Avatar 2 moved to (1, 3).
Avatar 2 is on avatar 7's path.
Avatar 3 attempted to move South to (0, 3).
Avatar 3 moved to (0, 3).
Avatar 3 is on avatar 7's path.
Avatar 4 attempted to move East to (1, 3).
Avatar 4 moved to (1, 3).
Avatar 4 is on avatar 7's path.
Avatar 5 attempted to move East to (1, 3).
Avatar 5 moved to (1, 3).
Avatar 5 is on avatar 7's path.
Avatar 6 attempted to move East to (1, 3).
Avatar 6 moved to (1, 3).
Avatar 6 is on avatar 7's path.
Avatar 7 attempted to move South to (1, 4).
Avatar 7 moved to (1, 4).
Avatar 8 attempted to move South to (1, 4).
Avatar 8 moved to (1, 4).
Avatar 8 is on avatar 7's path.
Avatar 9 attempted to move South to (1, 4).
Avatar 9 moved to (1, 4).
Avatar 9 is on avatar 7's path.
Avatar 0 attempted to move East to (1, 3).
Avatar 0 moved to (1, 3).
Avatar 0 is on avatar 7's path.
Avatar 1 attempted to move South to (1, 4).
Avatar 1 moved to (1, 4).
Avatar 1 is on avatar 7's path.
Avatar 2 attempted to move South to (1, 4).
Avatar 2 moved to (1, 4).
Avatar 2 is on avatar 7's path.
Avatar 3 attempted to move East to (1, 3).
Avatar 3 moved to (1, 3).
Avatar 3 is on avatar 7's path.
Avatar 4 attempted to move South to (1, 4).
Avatar 4 moved to (1, 4).
Avatar 4 is on avatar 7's path.
Avatar 5 attempted to move South to (1, 4).
Avatar 5 moved to (1, 4).
Avatar 5 is on avatar 7's path.
Avatar 6 attempted to move South to (1, 4).
Avatar 6 moved to (1, 4).
Avatar 6 is on avatar 7's path.
Avatar 7 attempted to move East to (2, 4).
Avatar 7 moved to (2, 4).
Avatar 8 attempted to move East to (2, 4).
Avatar 8 moved to (2, 4).
Avatar 8 is on avatar 7's path.
Avatar 9 attempted to move East to (2, 4).
Avatar 9 moved to (2, 4).
Avatar 9 is on avatar 7's path.
Avatar 0 attempted to move South to (1, 4).
Avatar 0 moved to (1, 4).
Avatar 0 is on avatar 7's path.
Avatar 1 attempted to move East to (2, 4).
Avatar 1 moved to (2, 4).
Avatar 1 is on avatar 7's path.
Avatar 2 attempted to move East to (2, 4).
Avatar 2 moved to (2, 4).
Avatar 2 is on avatar 7's path.
Avatar 3 attempted to move South to (1, 4).
Avatar 3 moved to (1, 4).
Avatar 3 is on avatar 7's path.
Avatar 4 attempted to move East to (2, 4).
Avatar 4 moved to (2, 4).
Avatar 4 is on avatar 7's path.
Avatar 5 attempted to move East to (2, 4).
Avatar 5 moved to (2, 4).
Avatar 5 is on avatar 7's path.
Avatar 6 attempted to move East to (2, 4).
Avatar 6 moved to (2, 4).
Avatar 6 is on avatar 7's path.
Avatar 7 attempted to move East to (3, 4).
Avatar 7 moved to (3, 4).
Avatar 8 attempted to move East to (3, 4).
Avatar 8 moved to (3, 4).
Avatar 8 is on avatar 7's path.
Avatar 9 attempted to move East to (3, 4).
Avatar 9 moved to (3, 4).
Avatar 9 is on avatar 7's path.
Avatar 0 attempted to move East to (2, 4).
Avatar 0 moved to (2, 4).
Avatar 0 is on avatar 7's path.
Avatar 1 attempted to move East to (3, 4).
Avatar 1 moved to (3, 4).
Avatar 1 is on avatar 7's path.
Avatar 2 attempted to move East to (3, 4).
Avatar 2 moved to (3, 4).
Avatar 2 is on avatar 7's path.
Avatar 3 attempted to move East to (2, 4).
Avatar 3 moved to (2, 4).
Avatar 3 is on avatar 7's path.
Avatar 4 attempted to move East to (3, 4).
Avatar 4 moved to (3, 4).
Avatar 4 is on avatar 7's path.
Avatar 5 attempted to move East to (3, 4).
Avatar 5 moved to (3, 4).
Avatar 5 is on avatar 7's path.
Avatar 6 attempted to move East to (3, 4).
Avatar 6 moved to (3, 4).
Avatar 6 is on avatar 7's path.
Avatar 7 attempted to move East to (4, 4).
Avatar 7 moved to (4, 4).
Avatar 8 attempted to move East to (4, 4).
Avatar 8 moved to (4, 4).
Avatar 8 is on avatar 7's path.
Avatar 9 attempted to move East to (4, 4).
Avatar 9 moved to (4, 4).
Avatar 9 is on avatar 7's path.
Avatar 0 attempted to move East to (3, 4).
Avatar 0 moved to (3, 4).
Avatar 0 is on avatar 7's path.
Avatar 1 attempted to move East to (4, 4).
Avatar 1 moved to (4, 4).
Avatar 1 is on avatar 7's path.
Avatar 2 attempted to move East to (4, 4).
Avatar 2 moved to (4, 4).
Avatar 2 is on avatar 7's path.
Avatar 3 attempted to move East to (3, 4).
Avatar 3 moved to (3, 4).
Avatar 3 is on avatar 7's path.
Avatar 4 attempted to move East to (4, 4).
Avatar 4 moved to (4, 4).
Avatar 4 is on avatar 7's path.
Avatar 5 attempted to move East to (4, 4).
Avatar 5 moved to (4, 4).
Avatar 5 is on avatar 7's path.
Avatar 6 attempted to move East to (4, 4).
Avatar 6 moved to (4, 4).
Avatar 6 is on avatar 7's path.
Avatar 7 attempted to move West to (3, 4).
Avatar 7 moved to (3, 4).
Avatar 8 attempted to move West to (3, 4).
Avatar 8 moved to (3, 4).
Avatar 8 is on avatar 7's path.
Avatar 9 attempted to move West to (3, 4).
Avatar 9 moved to (3, 4).
Avatar 9 is on avatar 7's path.
Avatar 0 stays at (3, 4).
Avatar 1 attempted to move West to (3, 4).
Avatar 1 moved to (3, 4).
Avatar 1 is on avatar 7's path.
Avatar 2 attempted to move West to (3, 4).
Avatar 2 moved to (3, 4).
Avatar 2 is on avatar 7's path.
Avatar 3 stays at (3, 4).
Avatar 4 attempted to move West to (3, 4).
Avatar 4 moved to (3, 4).
Avatar 4 is on avatar 7's path.
Avatar 5 attempted to move West to (3, 4).
Avatar 5 moved to (3, 4).
Avatar 5 is on avatar 7's path.
Avatar 6 attempted to move West to (3, 4).
Solved maze with nAvatars = 10, difficulty = 0, nMoves = 326, and hashcode = -1791658483