User ID: 412598, MazePort: 42601, Date & Time: Thu Aug 24 02:00:53 2017
Avatar 0 attempted to move East to (3, 0).
Avatar 0 moved to (3, 0).
Avatar 1 attempted to move East to (3, 5).
Move failed. East wall added to (2, 5).
Avatar 2 attempted to move East to (5, 4).
Avatar 2 moved to (5, 4).
Avatar 3 attempted to move East to (4, 0).
Move failed. East wall added to (3, 0).
Avatar 4 attempted to move East to (3, 6).
Move failed. East wall added to (2, 6).
Avatar 5 attempted to move East to (3, 8).
Avatar 5 moved to (3, 8).
Avatar 6 attempted to move East to (5, 3).
Move failed. East wall added to (4, 3).
Avatar 7 attempted to move East to (2, 2).
Avatar 7 moved to (2, 2).
Avatar 8 attempted to move East to (1, 0).
Move failed. East wall added to (0, 0).
Avatar 0 attempted to move South to (3, 1).
Move failed. South wall added to (3, 0).
Avatar 1 attempted to move South to (2, 6).
Avatar 1 moved to (2, 6).
Avatar 2 attempted to move South to (5, 5).
Move failed. South wall added to (5, 4).
Avatar 3 attempted to move West to (2, 0).
Avatar 3 moved to (2, 0).
Avatar 4 attempted to move South to (2, 7).
Avatar 4 moved to (2, 7).
Avatar 5 attempted to move East to (4, 8).
Avatar 5 moved to (4, 8).
Avatar 6 attempted to move South to (4, 4).
Move failed. South wall added to (4, 3).
Avatar 7 attempted to move East to (3, 2).
Move failed. East wall added to (2, 2).
Avatar 8 attempted to move South to (0, 1).
Avatar 8 moved to (0, 1).
Avatar 0 attempted to move West to (2, 0).
Avatar 0 moved to (2, 0).
Avatar 0 is on avatar 3's path.
Avatar 1 attempted to move South to (2, 7).
Avatar 1 moved to (2, 7).
Avatar 1 is on avatar 4's path.
Avatar 2 attempted to move North to (5, 3).
Avatar 2 moved to (5, 3).
Avatar 3 attempted to move South to (2, 1).
Avatar 3 moved to (2, 1).
Avatar 4 attempted to move East to (3, 7).
Move failed. East wall added to (2, 7).
Avatar 5 attempted to move East to (5, 8).
Avatar 5 moved to (5, 8).
Avatar 6 attempted to move North to (4, 2).
Avatar 6 moved to (4, 2).
Avatar 7 attempted to move South to (2, 3).
Avatar 7 moved to (2, 3).
Avatar 8 attempted to move East to (1, 1).
Move failed. East wall added to (0, 1).
Avatar 0 attempted to move South to (2, 1).
Avatar 0 moved to (2, 1).
Avatar 0 is on avatar 3's path.
Avatar 1 stays at (2, 7).
Avatar 2 attempted to move North to (5, 2).
Avatar 2 moved to (5, 2).
Avatar 3 attempted to move East to (3, 1).
Avatar 3 moved to (3, 1).
Avatar 4 attempted to move South to (2, 8).
Avatar 4 moved to (2, 8).
Avatar 5 attempted to move North to (5, 7).
Avatar 5 moved to (5, 7).
Avatar 6 attempted to move East to (5, 2).
Move failed. East wall added to (4, 2).
Avatar 7 attempted to move East to (3, 3).
Avatar 7 moved to (3, 3).
Avatar 8 attempted to move South to (0, 2).
Avatar 8 moved to (0, 2).
Avatar 0 attempted to move East to (3, 1).
Avatar 0 moved to (3, 1).
Avatar 0 is on avatar 3's path.
Avatar 1 attempted to move South to (2, 8).
Avatar 1 moved to (2, 8).
Avatar 1 is on avatar 4's path.
Avatar 2 attempted to move North to (5, 1).
Avatar 2 moved to (5, 1).
Avatar 3 attempted to move East to (4, 1).
Avatar 3 moved to (4, 1).
Avatar 4 attempted to move East to (3, 8).
Avatar 4 moved to (3, 8).
Avatar 4 is on avatar 5's path.
Avatar 5 attempted to move North to (5, 6).
Move failed. North wall added to (5, 7).
Avatar 6 attempted to move North to (4, 1).
Move failed. North wall added to (4, 2).
Avatar 7 attempted to move East to (4, 3).
Avatar 7 moved to (4, 3).
Avatar 8 attempted to move East to (1, 2).
Avatar 8 moved to (1, 2).
Avatar 0 attempted to move East to (4, 1).
Avatar 0 moved to (4, 1).
Avatar 0 is on avatar 3's path.
Avatar 1 attempted to move East to (3, 8).
Avatar 1 moved to (3, 8).
Avatar 1 is on avatar 5's path.
Avatar 2 attempted to move North to (5, 0).
Avatar 2 moved to (5, 0).
Avatar 3 attempted to move East to (5, 1).
Move failed. East wall added to (4, 1).
Avatar 4 attempted to move East to (4, 8).
Avatar 4 moved to (4, 8).
Avatar 4 is on avatar 5's path.
Avatar 5 attempted to move West to (4, 7).
Move failed. West wall added to (5, 7).
Avatar 6 attempted to move South to (4, 3).
Avatar 6 moved to (4, 3).
Avatar 6 is on avatar 7's path.
Avatar 7 attempted to move North to (4, 2).
Avatar 7 moved to (4, 2).
Avatar 8 attempted to move East to (2, 2).
Avatar 8 moved to (2, 2).
Avatar 8 is on avatar 7's path.
Avatar 0 stays at (4, 1).
Avatar 1 attempted to move East to (4, 8).
Avatar 1 moved to (4, 8).
Avatar 1 is on avatar 5's path.
Avatar 2 attempted to move West to (4, 0).
Avatar 2 moved to (4, 0).
Avatar 3 attempted to move North to (4, 0).
Avatar 3 moved to (4, 0).
Avatar 3 is on avatar 2's path.
Avatar 4 attempted to move East to (5, 8).
Avatar 4 moved to (5, 8).
Avatar 4 is on avatar 5's path.
Avatar 5 attempted to move South to (5, 8).
Avatar 5 moved to (5, 8).
Avatar 6 attempted to move North to (4, 2).
Avatar 6 moved to (4, 2).
Avatar 6 is on avatar 7's path.
Avatar 7 attempted to move West to (3, 2).
Avatar 7 moved to (3, 2).
Avatar 8 attempted to move South to (2, 3).
Avatar 8 moved to (2, 3).
Avatar 8 is on avatar 7's path.
Avatar 0 attempted to move North to (4, 0).
Avatar 0 moved to (4, 0).
Avatar 0 is on avatar 2's path.
Avatar 1 attempted to move East to (5, 8).
Avatar 1 moved to (5, 8).
Avatar 1 is on avatar 5's path.
Avatar 2 attempted to move South to (4, 1).
Avatar 2 moved to (4, 1).
Avatar 3 attempted to move South to (4, 1).
Avatar 3 moved to (4, 1).
Avatar 3 is on avatar 2's path.
Avatar 4 stays at (5, 8).
Avatar 5 attempted to move West to (4, 8).
Avatar 5 moved to (4, 8).
Avatar 6 attempted to move West to (3, 2).
Avatar 6 moved to (3, 2).
Avatar 6 is on avatar 7's path.
Avatar 7 attempted to move South to (3, 3).
Move failed. South wall added to (3, 2).
Avatar 8 attempted to move East to (3, 3).
Avatar 8 moved to (3, 3).
Avatar 8 is on avatar 7's path.
Avatar 0 attempted to move South to (4, 1).
Avatar 0 moved to (4, 1).
Avatar 0 is on avatar 2's path.
Avatar 1 attempted to move West to (4, 8).
Avatar 1 moved to (4, 8).
Avatar 1 is on avatar 5's path.
Avatar 2 attempted to move West to (3, 1).
Avatar 2 moved to (3, 1).
Avatar 3 attempted to move West to (3, 1).
Avatar 3 moved to (3, 1).
Avatar 3 is on avatar 2's path.
Avatar 4 attempted to move West to (4, 8).
Avatar 4 moved to (4, 8).
Avatar 4 is on avatar 5's path.
Avatar 5 attempted to move North to (4, 7).
Move failed. North wall added to (4, 8).
Avatar 6 stays at (3, 2).
Avatar 7 attempted to move North to (3, 1).
Move failed. North wall added to (3, 2).
Avatar 8 attempted to move East to (4, 3).
Avatar 8 moved to (4, 3).
Avatar 8 is on avatar 7's path.
Avatar 0 attempted to move West to (3, 1).
Avatar 0 moved to (3, 1).
Avatar 0 is on avatar 2's path.
Avatar 1 stays at (4, 8).
Avatar 2 attempted to move West to (2, 1).
Avatar 2 moved to (2, 1).
Avatar 3 attempted to move West to (2, 1).
Avatar 3 moved to (2, 1).
Avatar 3 is on avatar 2's path.
Avatar 4 stays at (4, 8).
Avatar 5 attempted to move West to (3, 8).
Avatar 5 moved to (3, 8).
Avatar 6 stays at (3, 2).
Avatar 7 attempted to move East to (4, 2).
Avatar 7 moved to (4, 2).
Avatar 8 attempted to move North to (4, 2).
Avatar 8 moved to (4, 2).
Avatar 8 is on avatar 7's path.
Avatar 0 attempted to move West to (2, 1).
Avatar 0 moved to (2, 1).
Avatar 0 is on avatar 2's path.
Avatar 1 attempted to move West to (3, 8).
Avatar 1 moved to (3, 8).
Avatar 1 is on avatar 5's path.
Avatar 2 attempted to move South to (2, 2).
Move failed. South wall added to (2, 1).
Avatar 3 stays at (2, 1).
Avatar 4 attempted to move West to (3, 8).
Avatar 4 moved to (3, 8).
Avatar 4 is on avatar 5's path.
Avatar 5 attempted to move North to (3, 7).
Move failed. North wall added to (3, 8).
Avatar 6 attempted to move East to (4, 2).
Avatar 6 moved to (4, 2).
Avatar 6 is on avatar 7's path.
Avatar 7 attempted to move South to (4, 3).
Avatar 7 moved to (4, 3).
Avatar 8 attempted to move South to (4, 3).
Avatar 8 moved to (4, 3).
Avatar 8 is on avatar 7's path.
Avatar 0 stays at (2, 1).
Avatar 1 stays at (3, 8).
Avatar 2 attempted to move West to (1, 1).
Move failed. West wall added to (2, 1).
Avatar 3 stays at (2, 1).
Avatar 4 stays at (3, 8).
Avatar 5 attempted to move West to (2, 8).
Avatar 5 moved to (2, 8).
Avatar 6 attempted to move South to (4, 3).
Avatar 6 moved to (4, 3).
Avatar 6 is on avatar 7's path.
Avatar 7 attempted to move West to (3, 3).
Avatar 7 moved to (3, 3).
Avatar 8 attempted to move West to (3, 3).
Avatar 8 moved to (3, 3).
Avatar 8 is on avatar 7's path.
Avatar 0 stays at (2, 1).
Avatar 1 attempted to move West to (2, 8).
Avatar 1 moved to (2, 8).
Avatar 1 is on avatar 5's path.
Avatar 2 attempted to move North to (2, 0).
Avatar 2 moved to (2, 0).
Avatar 3 attempted to move North to (2, 0).
Avatar 3 moved to (2, 0).
Avatar 3 is on avatar 2's path.
Avatar 4 attempted to move West to (2, 8).
Avatar 4 moved to (2, 8).
Avatar 4 is on avatar 5's path.
Avatar 5 attempted to move West to (1, 8).
Avatar 5 moved to (1, 8).
Avatar 6 attempted to move West to (3, 3).
Avatar 6 moved to (3, 3).
Avatar 6 is on avatar 7's path.
Avatar 7 attempted to move South to (3, 4).
Move failed. South wall added to (3, 3).
Avatar 8 stays at (3, 3).
Avatar 0 attempted to move North to (2, 0).
Avatar 0 moved to (2, 0).
Avatar 0 is on avatar 2's path.
Avatar 1 attempted to move West to (1, 8).
Avatar 1 moved to (1, 8).
Avatar 1 is on avatar 5's path.
Avatar 2 attempted to move West to (1, 0).
Avatar 2 moved to (1, 0).
Avatar 3 attempted to move West to (1, 0).
Avatar 3 moved to (1, 0).
Avatar 3 is on avatar 2's path.
Avatar 4 attempted to move West to (1, 8).
Avatar 4 moved to (1, 8).
Avatar 4 is on avatar 5's path.
Avatar 5 attempted to move North to (1, 7).
Avatar 5 moved to (1, 7).
Avatar 6 stays at (3, 3).
Avatar 7 attempted to move West to (2, 3).
Avatar 7 moved to (2, 3).
Avatar 8 attempted to move West to (2, 3).
Avatar 8 moved to (2, 3).
Avatar 8 is on avatar 7's path.
Avatar 0 attempted to move West to (1, 0).
Avatar 0 moved to (1, 0).
Avatar 0 is on avatar 2's path.
Avatar 1 attempted to move North to (1, 7).
Avatar 1 moved to (1, 7).
Avatar 1 is on avatar 5's path.
Avatar 2 attempted to move South to (1, 1).
Avatar 2 moved to (1, 1).
Avatar 3 attempted to move South to (1, 1).
Avatar 3 moved to (1, 1).
Avatar 3 is on avatar 2's path.
Avatar 4 attempted to move North to (1, 7).
Avatar 4 moved to (1, 7).
Avatar 4 is on avatar 5's path.
Avatar 5 attempted to move East to (2, 7).
Move failed. East wall added to (1, 7).
Avatar 6 attempted to move West to (2, 3).
Avatar 6 moved to (2, 3).
Avatar 6 is on avatar 7's path.
Avatar 7 attempted to move South to (2, 4).
Move failed. South wall added to (2, 3).
Avatar 8 stays at (2, 3).
Avatar 0 attempted to move South to (1, 1).
Avatar 0 moved to (1, 1).
Avatar 0 is on avatar 2's path.
Avatar 1 stays at (1, 7).
Avatar 2 attempted to move South to (1, 2).
Avatar 2 moved to (1, 2).
Avatar 2 is on avatar 8's path.
Avatar 3 attempted to move South to (1, 2).
Avatar 3 moved to (1, 2).
Avatar 3 is on avatar 8's path.
Avatar 4 stays at (1, 7).
Avatar 5 attempted to move North to (1, 6).
Move failed. North wall added to (1, 7).
Avatar 6 stays at (2, 3).
Avatar 7 attempted to move West to (1, 3).
Move failed. West wall added to (2, 3).
Avatar 8 stays at (2, 3).
Avatar 0 attempted to move South to (1, 2).
Avatar 0 moved to (1, 2).
Avatar 0 is on avatar 8's path.
Avatar 1 stays at (1, 7).
Avatar 2 attempted to move East to (2, 2).
Avatar 2 moved to (2, 2).
Avatar 2 is on avatar 7's path.
Avatar 3 attempted to move East to (2, 2).
Avatar 3 moved to (2, 2).
Avatar 3 is on avatar 7's path.
Avatar 4 stays at (1, 7).
Avatar 5 attempted to move West to (0, 7).
Avatar 5 moved to (0, 7).
Avatar 6 stays at (2, 3).
Avatar 7 attempted to move North to (2, 2).
Avatar 7 moved to (2, 2).
Avatar 8 attempted to move North to (2, 2).
Avatar 8 moved to (2, 2).
Avatar 8 is on avatar 7's path.
Avatar 0 attempted to move East to (2, 2).
Avatar 0 moved to (2, 2).
Avatar 0 is on avatar 7's path.
Avatar 1 attempted to move West to (0, 7).
Avatar 1 moved to (0, 7).
Avatar 1 is on avatar 5's path.
Avatar 2 stays at (2, 2).
Avatar 3 stays at (2, 2).
Avatar 4 attempted to move West to (0, 7).
Avatar 4 moved to (0, 7).
Avatar 4 is on avatar 5's path.
Avatar 5 attempted to move South to (0, 8).
Avatar 5 moved to (0, 8).
Avatar 6 attempted to move North to (2, 2).
Avatar 6 moved to (2, 2).
Avatar 6 is on avatar 7's path.
Avatar 7 attempted to move West to (1, 2).
Avatar 7 moved to (1, 2).
Avatar 8 attempted to move West to (1, 2).
Avatar 8 moved to (1, 2).
Avatar 8 is on avatar 7's path.
Avatar 0 attempted to move West to (1, 2).
Avatar 0 moved to (1, 2).
Avatar 0 is on avatar 7's path.
Avatar 1 attempted to move South to (0, 8).
Avatar 1 moved to (0, 8).
Avatar 1 is on avatar 5's path.
Avatar 2 attempted to move West to (1, 2).
Avatar 2 moved to (1, 2).
Avatar 2 is on avatar 7's path.
Avatar 3 attempted to move West to (1, 2).
Avatar 3 moved to (1, 2).
Avatar 3 is on avatar 7's path.
Avatar 4 attempted to move South to (0, 8).
Avatar 4 moved to (0, 8).
Avatar 4 is on avatar 5's path.
Avatar 5 attempted to move East to (1, 8).
Move failed. East wall added to (0, 8).
Avatar 6 attempted to move West to (1, 2).
Avatar 6 moved to (1, 2).
Avatar 6 is on avatar 7's path.
Avatar 7 attempted to move South to (1, 3).
Move failed. South wall added to (1, 2).
Avatar 8 stays at (1, 2).
Avatar 0 stays at (1, 2).
Avatar 1 stays at (0, 8).
Avatar 2 stays at (1, 2).
Avatar 3 stays at (1, 2).
Avatar 4 stays at (0, 8).
Avatar 5 attempted to move North to (0, 7).
Avatar 5 moved to (0, 7).
Avatar 6 stays at (1, 2).
Avatar 7 attempted to move West to (0, 2).
Avatar 7 moved to (0, 2).
Avatar 8 attempted to move West to (0, 2).
Avatar 8 moved to (0, 2).
Avatar 8 is on avatar 7's path.
Avatar 0 attempted to move West to (0, 2).
Avatar 0 moved to (0, 2).
Avatar 0 is on avatar 7's path.
Avatar 1 attempted to move North to (0, 7).
Avatar 1 moved to (0, 7).
Avatar 1 is on avatar 5's path.
Avatar 2 attempted to move West to (0, 2).
Avatar 2 moved to (0, 2).
Avatar 2 is on avatar 7's path.
Avatar 3 attempted to move West to (0, 2).
Avatar 3 moved to (0, 2).
Avatar 3 is on avatar 7's path.
Avatar 4 attempted to move North to (0, 7).
Avatar 4 moved to (0, 7).
Avatar 4 is on avatar 5's path.
Avatar 5 attempted to move North to (0, 6).
Move failed. North wall added to (0, 7).
Avatar 6 attempted to move West to (0, 2).
Avatar 6 moved to (0, 2).
Avatar 6 is on avatar 7's path.
Avatar 7 attempted to move South to (0, 3).
Avatar 7 moved to (0, 3).
Avatar 8 attempted to move South to (0, 3).
Avatar 8 moved to (0, 3).
Avatar 8 is on avatar 7's path.
Avatar 0 attempted to move South to (0, 3).
Avatar 0 moved to (0, 3).
Avatar 0 is on avatar 7's path.
Avatar 1 stays at (0, 7).
Avatar 2 attempted to move South to (0, 3).
Avatar 2 moved to (0, 3).
Avatar 2 is on avatar 7's path.
Avatar 3 attempted to move South to (0, 3).
Avatar 3 moved to (0, 3).
Avatar 3 is on avatar 7's path.
Avatar 4 stays at (0, 7).
Avatar 5 attempted to move East to (1, 7).
Avatar 5 moved to (1, 7).
Avatar 6 attempted to move South to (0, 3).
Avatar 6 moved to (0, 3).
Avatar 6 is on avatar 7's path.
Avatar 7 attempted to move East to (1, 3).
Move failed. East wall added to (0, 3).
Avatar 8 stays at (0, 3).
Avatar 0 stays at (0, 3).
Avatar 1 attempted to move East to (1, 7).
Avatar 1 moved to (1, 7).
Avatar 1 is on avatar 5's path.
Avatar 2 stays at (0, 3).
Avatar 3 stays at (0, 3).
Avatar 4 attempted to move East to (1, 7).
Avatar 4 moved to (1, 7).
Avatar 4 is on avatar 5's path.
Avatar 5 attempted to move South to (1, 8).
Avatar 5 moved to (1, 8).
Avatar 6 stays at (0, 3).
Avatar 7 attempted to move South to (0, 4).
Avatar 7 moved to (0, 4).
Avatar 8 attempted to move South to (0, 4).
Avatar 8 moved to (0, 4).
Avatar 8 is on avatar 7's path.
Avatar 0 attempted to move South to (0, 4).
Avatar 0 moved to (0, 4).
Avatar 0 is on avatar 7's path.
Avatar 1 attempted to move South to (1, 8).
Avatar 1 moved to (1, 8).
Avatar 1 is on avatar 5's path.
Avatar 2 attempted to move South to (0, 4).
Avatar 2 moved to (0, 4).
Avatar 2 is on avatar 7's path.
Avatar 3 attempted to move South to (0, 4).
Avatar 3 moved to (0, 4).
Avatar 3 is on avatar 7's path.
Avatar 4 attempted to move South to (1, 8).
Avatar 4 moved to (1, 8).
Avatar 4 is on avatar 5's path.
Avatar 5 attempted to move East to (2, 8).
Avatar 5 moved to (2, 8).
Avatar 6 attempted to move South to (0, 4).
Avatar 6 moved to (0, 4).
Avatar 6 is on avatar 7's path.
Avatar 7 attempted to move East to (1, 4).
Move failed. East wall added to (0, 4).
Avatar 8 stays at (0, 4).
Avatar 0 stays at (0, 4).
Avatar 1 attempted to move East to (2, 8).
Avatar 1 moved to (2, 8).
Avatar 1 is on avatar 5's path.
Avatar 2 stays at (0, 4).
Avatar 3 stays at (0, 4).
Avatar 4 attempted to move East to (2, 8).
Avatar 4 moved to (2, 8).
Avatar 4 is on avatar 5's path.
Avatar 5 attempted to move North to (2, 7).
Avatar 5 moved to (2, 7).
Avatar 6 stays at (0, 4).
Avatar 7 attempted to move South to (0, 5).
Avatar 7 moved to (0, 5).
Avatar 8 attempted to move South to (0, 5).
Avatar 8 moved to (0, 5).
Avatar 8 is on avatar 7's path.
Avatar 0 attempted to move South to (0, 5).
Avatar 0 moved to (0, 5).
Avatar 0 is on avatar 7's path.
Avatar 1 attempted to move North to (2, 7).
Avatar 1 moved to (2, 7).
Avatar 1 is on avatar 5's path.
Avatar 2 attempted to move South to (0, 5).
Avatar 2 moved to (0, 5).
Avatar 2 is on avatar 7's path.
Avatar 3 attempted to move South to (0, 5).
Avatar 3 moved to (0, 5).
Avatar 3 is on avatar 7's path.
Avatar 4 attempted to move North to (2, 7).
Avatar 4 moved to (2, 7).
Avatar 4 is on avatar 5's path.
Avatar 5 attempted to move North to (2, 6).
Avatar 5 moved to (2, 6).
Avatar 6 attempted to move South to (0, 5).
Avatar 6 moved to (0, 5).
Avatar 6 is on avatar 7's path.
Avatar 7 attempted to move East to (1, 5).
Move failed. East wall added to (0, 5).
Avatar 8 stays at (0, 5).
Avatar 0 stays at (0, 5).
Avatar 1 attempted to move North to (2, 6).
Avatar 1 moved to (2, 6).
Avatar 1 is on avatar 5's path.
Avatar 2 stays at (0, 5).
Avatar 3 stays at (0, 5).
Avatar 4 attempted to move North to (2, 6).
Avatar 4 moved to (2, 6).
Avatar 4 is on avatar 5's path.
Avatar 5 attempted to move West to (1, 6).
Move failed. West wall added to (2, 6).
Avatar 6 stays at (0, 5).
Avatar 7 attempted to move South to (0, 6).
Avatar 7 moved to (0, 6).
Avatar 8 attempted to move South to (0, 6).
Avatar 8 moved to (0, 6).
Avatar 8 is on avatar 7's path.
Avatar 0 attempted to move South to (0, 6).
Avatar 0 moved to (0, 6).
Avatar 0 is on avatar 7's path.
Avatar 1 stays at (2, 6).
Avatar 2 attempted to move South to (0, 6).
Avatar 2 moved to (0, 6).
Avatar 2 is on avatar 7's path.
Avatar 3 attempted to move South to (0, 6).
Avatar 3 moved to (0, 6).
Avatar 3 is on avatar 7's path.
Avatar 4 stays at (2, 6).
Avatar 5 attempted to move North to (2, 5).
Avatar 5 moved to (2, 5).
Avatar 6 attempted to move South to (0, 6).
Avatar 6 moved to (0, 6).
Avatar 6 is on avatar 7's path.
Avatar 7 attempted to move East to (1, 6).
Avatar 7 moved to (1, 6).
Avatar 8 attempted to move East to (1, 6).
Avatar 8 moved to (1, 6).
Avatar 8 is on avatar 7's path.
Avatar 0 attempted to move East to (1, 6).
Avatar 0 moved to (1, 6).
Avatar 0 is on avatar 7's path.
Avatar 1 attempted to move North to (2, 5).
Avatar 1 moved to (2, 5).
Avatar 1 is on avatar 5's path.
Avatar 2 attempted to move East to (1, 6).
Avatar 2 moved to (1, 6).
Avatar 2 is on avatar 7's path.
Avatar 3 attempted to move East to (1, 6).
Avatar 3 moved to (1, 6).
Avatar 3 is on avatar 7's path.
Avatar 4 attempted to move North to (2, 5).
Avatar 4 moved to (2, 5).
Avatar 4 is on avatar 5's path.
Avatar 5 attempted to move North to (2, 4).
Move failed. North wall added to (2, 5).
Avatar 6 attempted to move East to (1, 6).
Avatar 6 moved to (1, 6).
Avatar 6 is on avatar 7's path.
Avatar 7 attempted to move North to (1, 5).
Avatar 7 moved to (1, 5).
Avatar 8 attempted to move North to (1, 5).
Avatar 8 moved to (1, 5).
Avatar 8 is on avatar 7's path.
Avatar 0 attempted to move North to (1, 5).
Avatar 0 moved to (1, 5).
Avatar 0 is on avatar 7's path.
Avatar 1 stays at (2, 5).
Avatar 2 attempted to move North to (1, 5).
Avatar 2 moved to (1, 5).
Avatar 2 is on avatar 7's path.
Avatar 3 attempted to move North to (1, 5).
Avatar 3 moved to (1, 5).
Avatar 3 is on avatar 7's path.
Avatar 4 stays at (2, 5).
Avatar 5 attempted to move West to (1, 5).
Avatar 5 moved to (1, 5).
Avatar 5 is on avatar 7's path.
Avatar 6 attempted to move North to (1, 5).
Avatar 6 moved to (1, 5).
Avatar 6 is on avatar 7's path.
Avatar 7 attempted to move South to (1, 6).
Avatar 7 moved to (1, 6).
Avatar 8 attempted to move South to (1, 6).
Avatar 8 moved to (1, 6).
Avatar 8 is on avatar 7's path.
Avatar 0 attempted to move South to (1, 6).
Avatar 0 moved to (1, 6).
Avatar 0 is on avatar 7's path.
Avatar 1 attempted to move West to (1, 5).
Avatar 1 moved to (1, 5).
Avatar 1 is on avatar 7's path.
Avatar 2 attempted to move South to (1, 6).
Avatar 2 moved to (1, 6).
Avatar 2 is on avatar 7's path.
Avatar 3 attempted to move South to (1, 6).
Avatar 3 moved to (1, 6).
Avatar 3 is on avatar 7's path.
Avatar 4 attempted to move West to (1, 5).
Avatar 4 moved to (1, 5).
Avatar 4 is on avatar 7's path.
Avatar 5 attempted to move South to (1, 6).
Avatar 5 moved to (1, 6).
Avatar 5 is on avatar 7's path.
Avatar 6 attempted to move South to (1, 6).
Avatar 6 moved to (1, 6).
Avatar 6 is on avatar 7's path.
Avatar 7 attempted to move West to (0, 6).
Avatar 7 moved to (0, 6).
Avatar 8 attempted to move West to (0, 6).
Avatar 8 moved to (0, 6).
Avatar 8 is on avatar 7's path.
Avatar 0 attempted to move West to (0, 6).
Avatar 0 moved to (0, 6).
Avatar 0 is on avatar 7's path.
Avatar 1 attempted to move South to (1, 6).
Avatar 1 moved to (1, 6).
Avatar 1 is on avatar 7's path.
Avatar 2 attempted to move West to (0, 6).
Avatar 2 moved to (0, 6).
Avatar 2 is on avatar 7's path.
Avatar 3 attempted to move West to (0, 6).
Avatar 3 moved to (0, 6).
Avatar 3 is on avatar 7's path.
Avatar 4 attempted to move South to (1, 6).
Avatar 4 moved to (1, 6).
Avatar 4 is on avatar 7's path.
Avatar 5 attempted to move West to (0, 6).
Avatar 5 moved to (0, 6).
Avatar 5 is on avatar 7's path.
Avatar 6 attempted to move West to (0, 6).
Avatar 6 moved to (0, 6).
Avatar 6 is on avatar 7's path.
Avatar 7 attempted to move North to (0, 5).
Avatar 7 moved to (0, 5).
Avatar 8 attempted to move North to (0, 5).
Avatar 8 moved to (0, 5).
Avatar 8 is on avatar 7's path.
Avatar 0 attempted to move North to (0, 5).
Avatar 0 moved to (0, 5).
Avatar 0 is on avatar 7's path.
Avatar 1 attempted to move West to (0, 6).
Avatar 1 moved to (0, 6).
Avatar 1 is on avatar 7's path.
Avatar 2 attempted to move North to (0, 5).
Avatar 2 moved to (0, 5).
Avatar 2 is on avatar 7's path.
Avatar 3 attempted to move North to (0, 5).
Avatar 3 moved to (0, 5).
Avatar 3 is on avatar 7's path.
Avatar 4 attempted to move West to (0, 6).
Avatar 4 moved to (0, 6).
Avatar 4 is on avatar 7's path.
Avatar 5 attempted to move North to (0, 5).
Avatar 5 moved to (0, 5).
Avatar 5 is on avatar 7's path.
Avatar 6 attempted to move North to (0, 5).
Avatar 6 moved to (0, 5).
Avatar 6 is on avatar 7's path.
Avatar 7 attempted to move North to (0, 4).
Avatar 7 moved to (0, 4).
Avatar 8 attempted to move North to (0, 4).
Avatar 8 moved to (0, 4).
Avatar 8 is on avatar 7's path.
Avatar 0 attempted to move North to (0, 4).
Avatar 0 moved to (0, 4).
Avatar 0 is on avatar 7's path.
Avatar 1 attempted to move North to (0, 5).
Avatar 1 moved to (0, 5).
Avatar 1 is on avatar 7's path.
Avatar 2 attempted to move North to (0, 4).
Avatar 2 moved to (0, 4).
Avatar 2 is on avatar 7's path.
Avatar 3 attempted to move North to (0, 4).
Avatar 3 moved to (0, 4).
Avatar 3 is on avatar 7's path.
Avatar 4 attempted to move North to (0, 5).
Avatar 4 moved to (0, 5).
Avatar 4 is on avatar 7's path.
Avatar 5 attempted to move North to (0, 4).
Avatar 5 moved to (0, 4).
Avatar 5 is on avatar 7's path.
Avatar 6 attempted to move North to (0, 4).
Avatar 6 moved to (0, 4).
Avatar 6 is on avatar 7's path.
Avatar 7 attempted to move North to (0, 3).
Avatar 7 moved to (0, 3).
Avatar 8 attempted to move North to (0, 3).
Avatar 8 moved to (0, 3).
Avatar 8 is on avatar 7's path.
Avatar 0 attempted to move North to (0, 3).
Avatar 0 moved to (0, 3).
Avatar 0 is on avatar 7's path.
Avatar 1 attempted to move North to (0, 4).
Avatar 1 moved to (0, 4).
Avatar 1 is on avatar 7's path.
Avatar 2 attempted to move North to (0, 3).
Avatar 2 moved to (0, 3).
Avatar 2 is on avatar 7's path.
Avatar 3 attempted to move North to (0, 3).
Avatar 3 moved to (0, 3).
Avatar 3 is on avatar 7's path.
Avatar 4 attempted to move North to (0, 4).
Avatar 4 moved to (0, 4).
Avatar 4 is on avatar 7's path.
Avatar 5 attempted to move North to (0, 3).
Avatar 5 moved to (0, 3).
Avatar 5 is on avatar 7's path.
Avatar 6 attempted to move North to (0, 3).
Avatar 6 moved to (0, 3).
Avatar 6 is on avatar 7's path.
Avatar 7 attempted to move North to (0, 2).
Avatar 7 moved to (0, 2).
Avatar 8 attempted to move North to (0, 2).
Avatar 8 moved to (0, 2).
Avatar 8 is on avatar 7's path.
Avatar 0 attempted to move North to (0, 2).
Avatar 0 moved to (0, 2).
Avatar 0 is on avatar 7's path.
Avatar 1 attempted to move North to (0, 3).
Avatar 1 moved to (0, 3).
Avatar 1 is on avatar 7's path.
Avatar 2 attempted to move North to (0, 2).
Avatar 2 moved to (0, 2).
Avatar 2 is on avatar 7's path.
Avatar 3 attempted to move North to (0, 2).
Avatar 3 moved to (0, 2).
Avatar 3 is on avatar 7's path.
Avatar 4 attempted to move North to (0, 3).
Avatar 4 moved to (0, 3).
Avatar 4 is on avatar 7's path.
Avatar 5 attempted to move North to (0, 2).
Avatar 5 moved to (0, 2).
Avatar 5 is on avatar 7's path.
Avatar 6 attempted to move North to (0, 2).
Avatar 6 moved to (0, 2).
Avatar 6 is on avatar 7's path.
Avatar 7 attempted to move East to (1, 2).
Avatar 7 moved to (1, 2).
Avatar 8 attempted to move East to (1, 2).
Avatar 8 moved to (1, 2).
Avatar 8 is on avatar 7's path.
Avatar 0 attempted to move East to (1, 2).
Avatar 0 moved to (1, 2).
Avatar 0 is on avatar 7's path.
Avatar 1 attempted to move North to (0, 2).
Avatar 1 moved to (0, 2).
Avatar 1 is on avatar 7's path.
Avatar 2 attempted to move East to (1, 2).
Avatar 2 moved to (1, 2).
Avatar 2 is on avatar 7's path.
Avatar 3 attempted to move East to (1, 2).
Avatar 3 moved to (1, 2).
Avatar 3 is on avatar 7's path.
Avatar 4 attempted to move North to (0, 2).
Avatar 4 moved to (0, 2).
Avatar 4 is on avatar 7's path.
Avatar 5 attempted to move East to (1, 2).
Avatar 5 moved to (1, 2).
Avatar 5 is on avatar 7's path.
Avatar 6 attempted to move East to (1, 2).
Avatar 6 moved to (1, 2).
Avatar 6 is on avatar 7's path.
Avatar 7 attempted to move East to (2, 2).
Avatar 7 moved to (2, 2).
Avatar 8 attempted to move East to (2, 2).
Avatar 8 moved to (2, 2).
Avatar 8 is on avatar 7's path.
Avatar 0 attempted to move East to (2, 2).
Avatar 0 moved to (2, 2).
Avatar 0 is on avatar 7's path.
Avatar 1 attempted to move East to (1, 2).
Avatar 1 moved to (1, 2).
Avatar 1 is on avatar 7's path.
Avatar 2 attempted to move East to (2, 2).
Avatar 2 moved to (2, 2).
Avatar 2 is on avatar 7's path.
Avatar 3 attempted to move East to (2, 2).
Avatar 3 moved to (2, 2).
Avatar 3 is on avatar 7's path.
Avatar 4 attempted to move East to (1, 2).
Avatar 4 moved to (1, 2).
Avatar 4 is on avatar 7's path.
Avatar 5 attempted to move East to (2, 2).
Avatar 5 moved to (2, 2).
Avatar 5 is on avatar 7's path.
Avatar 6 attempted to move East to (2, 2).
Avatar 6 moved to (2, 2).
Avatar 6 is on avatar 7's path.
Avatar 7 attempted to move South to (2, 3).
Avatar 7 moved to (2, 3).
Avatar 8 attempted to move South to (2, 3).
Avatar 8 moved to (2, 3).
Avatar 8 is on avatar 7's path.
Avatar 0 attempted to move South to (2, 3).
Avatar 0 moved to (2, 3).
Avatar 0 is on avatar 7's path.
Avatar 1 attempted to move East to (2, 2).
Avatar 1 moved to (2, 2).
Avatar 1 is on avatar 7's path.
Avatar 2 attempted to move South to (2, 3).
Avatar 2 moved to (2, 3).
Avatar 2 is on avatar 7's path.
Avatar 3 attempted to move South to (2, 3).
Avatar 3 moved to (2, 3).
Avatar 3 is on avatar 7's path.
Avatar 4 attempted to move East to (2, 2).
Avatar 4 moved to (2, 2).
Avatar 4 is on avatar 7's path.
Avatar 5 attempted to move South to (2, 3).
Avatar 5 moved to (2, 3).
Avatar 5 is on avatar 7's path.
Avatar 6 attempted to move South to (2, 3).
Avatar 6 moved to (2, 3).
Avatar 6 is on avatar 7's path.
Avatar 7 attempted to move East to (3, 3).
Avatar 7 moved to (3, 3).
Avatar 8 attempted to move East to (3, 3).
Avatar 8 moved to (3, 3).
Avatar 8 is on avatar 7's path.
Avatar 0 attempted to move East to (3, 3).
Avatar 0 moved to (3, 3).
Avatar 0 is on avatar 7's path.
Avatar 1 attempted to move South to (2, 3).
Avatar 1 moved to (2, 3).
Avatar 1 is on avatar 7's path.
Avatar 2 attempted to move East to (3, 3).
Avatar 2 moved to (3, 3).
Avatar 2 is on avatar 7's path.
Avatar 3 attempted to move East to (3, 3).
Avatar 3 moved to (3, 3).
Avatar 3 is on avatar 7's path.
Avatar 4 attempted to move South to (2, 3).
Avatar 4 moved to (2, 3).
Avatar 4 is on avatar 7's path.
Avatar 5 attempted to move East to (3, 3).
Avatar 5 moved to (3, 3).
Avatar 5 is on avatar 7's path.
Avatar 6 attempted to move East to (3, 3).
Avatar 6 moved to (3, 3).
Avatar 6 is on avatar 7's path.
Avatar 7 attempted to move East to (4, 3).
Avatar 7 moved to (4, 3).
Avatar 8 attempted to move East to (4, 3).
Avatar 8 moved to (4, 3).
Avatar 8 is on avatar 7's path.
Avatar 0 attempted to move East to (4, 3).
Avatar 0 moved to (4, 3).
Avatar 0 is on avatar 7's path.
Avatar 1 attempted to move East to (3, 3).
Avatar 1 moved to (3, 3).
Avatar 1 is on avatar 7's path.
Avatar 2 attempted to move East to (4, 3).
Avatar 2 moved to (4, 3).
Avatar 2 is on avatar 7's path.
Avatar 3 attempted to move East to (4, 3).
Avatar 3 moved to (4, 3).
Avatar 3 is on avatar 7's path.
Avatar 4 attempted to move East to (3, 3).
Avatar 4 moved to (3, 3).
Avatar 4 is on avatar 7's path.
Avatar 5 attempted to move East to (4, 3).
Avatar 5 moved to (4, 3).
Avatar 5 is on avatar 7's path.
Avatar 6 attempted to move East to (4, 3).
Avatar 6 moved to (4, 3).
Avatar 6 is on avatar 7's path.
Avatar 7 attempted to move North to (4, 2).
Avatar 7 moved to (4, 2).
Avatar 8 attempted to move North to (4, 2).
Avatar 8 moved to (4, 2).
Avatar 8 is on avatar 7's path.
Avatar 0 attempted to move North to (4, 2).
Avatar 0 moved to (4, 2).
Avatar 0 is on avatar 7's path.
Avatar 1 attempted to move East to (4, 3).
Avatar 1 moved to (4, 3).
Avatar 1 is on avatar 7's path.
Avatar 2 attempted to move North to (4, 2).
Avatar 2 moved to (4, 2).
Avatar 2 is on avatar 7's path.
Avatar 3 attempted to move North to (4, 2).
Avatar 3 moved to (4, 2).
Avatar 3 is on avatar 7's path.
Avatar 4 attempted to move East to (4, 3).
Avatar 4 moved to (4, 3).
Avatar 4 is on avatar 7's path.
Avatar 5 attempted to move North to (4, 2).
Avatar 5 moved to (4, 2).
Avatar 5 is on avatar 7's path.
Avatar 6 attempted to move North to (4, 2).
Avatar 6 moved to (4, 2).
Avatar 6 is on avatar 7's path.
Avatar 7 attempted to move West to (3, 2).
Avatar 7 moved to (3, 2).
Avatar 8 attempted to move West to (3, 2).
Avatar 8 moved to (3, 2).
Avatar 8 is on avatar 7's path.
Avatar 0 attempted to move West to (3, 2).
Avatar 0 moved to (3, 2).
Avatar 0 is on avatar 7's path.
Avatar 1 attempted to move North to (4, 2).
Avatar 1 moved to (4, 2).
Avatar 1 is on avatar 7's path.
Avatar 2 attempted to move West to (3, 2).
Avatar 2 moved to (3, 2).
Avatar 2 is on avatar 7's path.
Avatar 3 attempted to move West to (3, 2).
Avatar 3 moved to (3, 2).
Avatar 3 is on avatar 7's path.
Avatar 4 attempted to move North to (4, 2).
Avatar 4 moved to (4, 2).
Avatar 4 is on avatar 7's path.
Avatar 5 attempted to move West to (3, 2).
Avatar 5 moved to (3, 2).
Avatar 5 is on avatar 7's path.
Avatar 6 attempted to move West to (3, 2).
Avatar 6 moved to (3, 2).
Avatar 6 is on avatar 7's path.
Avatar 7 attempted to move East to (4, 2).
Avatar 7 moved to (4, 2).
Avatar 8 attempted to move East to (4, 2).
Avatar 8 moved to (4, 2).
Avatar 8 is on avatar 7's path.
Avatar 0 attempted to move East to (4, 2).
Avatar 0 moved to (4, 2).
Avatar 0 is on avatar 7's path.
Avatar 1 stays at (4, 2).
Avatar 2 attempted to move East to (4, 2).
Avatar 2 moved to (4, 2).
Avatar 2 is on avatar 7's path.
Avatar 3 attempted to move East to (4, 2).
Avatar 3 moved to (4, 2).
Avatar 3 is on avatar 7's path.
Avatar 4 stays at (4, 2).
Avatar 5 attempted to move East to (4, 2).
Avatar 5 moved to (4, 2).
Avatar 5 is on avatar 7's path.
Avatar 6 attempted to move East to (4, 2).

Maze solved with nAvatars = 9, difficulty = 1, number of moves = 393, and hashcode 1288860417.
