User ID: 412598, MazePort: 43103, Date & Time: Thu Aug 24 03:11:55 2017
Avatar 0 attempted to move East to (1, 2).
Avatar 0 moved to (1, 2).
Avatar 1 attempted to move East to (4, 2).
Avatar 1 moved to (4, 2).
Avatar 2 attempted to move East to (1, 4).
Move failed. East wall added to (0, 4).
Avatar 3 attempted to move East to (3, 2).
Move failed. East wall added to (2, 2).
Avatar 0 attempted to move East to (2, 2).
Avatar 0 moved to (2, 2).
Avatar 1 attempted to move South to (4, 3).
Avatar 1 moved to (4, 3).
Avatar 2 attempted to move North to (0, 3).
Avatar 2 moved to (0, 3).
Avatar 3 attempted to move West to (1, 2).
Avatar 3 moved to (1, 2).
Avatar 3 is on avatar 0's path.
Avatar 0 attempted to move South to (2, 3).
Move failed. South wall added to (2, 2).
Avatar 1 attempted to move South to (4, 4).
Move failed. South wall added to (4, 3).
Avatar 2 attempted to move East to (1, 3).
Avatar 2 moved to (1, 3).
Avatar 3 attempted to move East to (2, 2).
Avatar 3 moved to (2, 2).
Avatar 3 is on avatar 0's path.
Avatar 0 attempted to move North to (2, 1).
Avatar 0 moved to (2, 1).
Avatar 1 attempted to move West to (3, 3).
Avatar 1 moved to (3, 3).
Avatar 2 attempted to move East to (2, 3).
Move failed. East wall added to (1, 3).
Avatar 3 attempted to move North to (2, 1).
Avatar 3 moved to (2, 1).
Avatar 3 is on avatar 0's path.
Avatar 0 attempted to move East to (3, 1).
Move failed. East wall added to (2, 1).
Avatar 1 attempted to move South to (3, 4).
Move failed. South wall added to (3, 3).
Avatar 2 attempted to move South to (1, 4).
Avatar 2 moved to (1, 4).
Avatar 3 stays at (2, 1).
Avatar 0 attempted to move North to (2, 0).
Avatar 0 moved to (2, 0).
Avatar 1 attempted to move North to (3, 2).
Move failed. North wall added to (3, 3).
Avatar 2 attempted to move East to (2, 4).
Avatar 2 moved to (2, 4).
Avatar 3 attempted to move North to (2, 0).
Avatar 3 moved to (2, 0).
Avatar 3 is on avatar 0's path.
Avatar 0 attempted to move East to (3, 0).
Avatar 0 moved to (3, 0).
Avatar 1 attempted to move West to (2, 3).
Avatar 1 moved to (2, 3).
Avatar 2 attempted to move East to (3, 4).
Avatar 2 moved to (3, 4).
Avatar 3 attempted to move East to (3, 0).
Avatar 3 moved to (3, 0).
Avatar 3 is on avatar 0's path.
Avatar 0 attempted to move East to (4, 0).
Avatar 0 moved to (4, 0).
Avatar 1 attempted to move South to (2, 4).
Avatar 1 moved to (2, 4).
Avatar 1 is on avatar 2's path.
Avatar 2 attempted to move East to (4, 4).
Avatar 2 moved to (4, 4).
Avatar 3 attempted to move East to (4, 0).
Avatar 3 moved to (4, 0).
Avatar 3 is on avatar 0's path.
Avatar 0 attempted to move South to (4, 1).
Avatar 0 moved to (4, 1).
Avatar 1 attempted to move East to (3, 4).
Avatar 1 moved to (3, 4).
Avatar 1 is on avatar 2's path.
Avatar 2 attempted to move West to (3, 4).
Avatar 2 moved to (3, 4).
Avatar 3 attempted to move South to (4, 1).
Avatar 3 moved to (4, 1).
Avatar 3 is on avatar 0's path.
Avatar 0 attempted to move South to (4, 2).
Move failed. South wall added to (4, 1).
Avatar 1 stays at (3, 4).
Avatar 2 attempted to move West to (2, 4).
Avatar 2 moved to (2, 4).
Avatar 3 stays at (4, 1).
Avatar 0 attempted to move West to (3, 1).
Move failed. West wall added to (4, 1).
Avatar 1 attempted to move West to (2, 4).
Avatar 1 moved to (2, 4).
Avatar 1 is on avatar 2's path.
Avatar 2 attempted to move West to (1, 4).
Avatar 2 moved to (1, 4).
Avatar 3 stays at (4, 1).
Avatar 0 attempted to move North to (4, 0).
Avatar 0 moved to (4, 0).
Avatar 1 attempted to move West to (1, 4).
Avatar 1 moved to (1, 4).
Avatar 1 is on avatar 2's path.
Avatar 2 attempted to move North to (1, 3).
Avatar 2 moved to (1, 3).
Avatar 3 attempted to move North to (4, 0).
Avatar 3 moved to (4, 0).
Avatar 3 is on avatar 0's path.
Avatar 0 attempted to move West to (3, 0).
Avatar 0 moved to (3, 0).
Avatar 1 attempted to move North to (1, 3).
Avatar 1 moved to (1, 3).
Avatar 1 is on avatar 2's path.
Avatar 2 attempted to move North to (1, 2).
Move failed. North wall added to (1, 3).
Avatar 3 attempted to move West to (3, 0).
Avatar 3 moved to (3, 0).
Avatar 3 is on avatar 0's path.
Avatar 0 attempted to move South to (3, 1).
Move failed. South wall added to (3, 0).
Avatar 1 stays at (1, 3).
Avatar 2 attempted to move West to (0, 3).
Avatar 2 moved to (0, 3).
Avatar 3 stays at (3, 0).
Avatar 0 attempted to move West to (2, 0).
Avatar 0 moved to (2, 0).
Avatar 1 attempted to move West to (0, 3).
Avatar 1 moved to (0, 3).
Avatar 1 is on avatar 2's path.
Avatar 2 attempted to move North to (0, 2).
Avatar 2 moved to (0, 2).
Avatar 3 attempted to move West to (2, 0).
Avatar 3 moved to (2, 0).
Avatar 3 is on avatar 0's path.
Avatar 0 attempted to move West to (1, 0).
Avatar 0 moved to (1, 0).
Avatar 1 attempted to move North to (0, 2).
Avatar 1 moved to (0, 2).
Avatar 1 is on avatar 2's path.
Avatar 2 attempted to move East to (1, 2).
Avatar 2 moved to (1, 2).
Avatar 2 is on avatar 0's path.
Avatar 3 attempted to move West to (1, 0).
Avatar 3 moved to (1, 0).
Avatar 3 is on avatar 0's path.
Avatar 0 attempted to move East to (2, 0).
Avatar 0 moved to (2, 0).
Avatar 1 attempted to move East to (1, 2).
Avatar 1 moved to (1, 2).
Avatar 1 is on avatar 0's path.
Avatar 2 attempted to move East to (2, 2).
Avatar 2 moved to (2, 2).
Avatar 2 is on avatar 0's path.
Avatar 3 attempted to move East to (2, 0).
Avatar 3 moved to (2, 0).
Avatar 3 is on avatar 0's path.
Avatar 0 attempted to move South to (2, 1).
Avatar 0 moved to (2, 1).
Avatar 1 attempted to move East to (2, 2).
Avatar 1 moved to (2, 2).
Avatar 1 is on avatar 0's path.
Avatar 2 attempted to move North to (2, 1).
Avatar 2 moved to (2, 1).
Avatar 2 is on avatar 0's path.
Avatar 3 attempted to move South to (2, 1).
Avatar 3 moved to (2, 1).
Avatar 3 is on avatar 0's path.
Avatar 0 attempted to move South to (2, 2).
Avatar 0 moved to (2, 2).
Avatar 1 stays at (2, 2).
Avatar 2 attempted to move South to (2, 2).
Avatar 2 moved to (2, 2).
Avatar 2 is on avatar 0's path.
Avatar 3 attempted to move South to (2, 2).
Solved maze with nAvatars = 4, difficulty = 0, nMoves = 75, and hashcode = -280711679User ID: 412598, MazePort: 40299, Date & Time: Thu Aug 24 03:40:35 2017
Avatar 0 attempted to move East to (1, 2).
Avatar 0 moved to (1, 2).
Avatar 1 attempted to move East to (4, 2).
Avatar 1 moved to (4, 2).
Avatar 2 attempted to move East to (1, 4).
Move failed. East wall added to (0, 4).
Avatar 3 attempted to move East to (3, 2).
Move failed. East wall added to (2, 2).
Avatar 0 attempted to move East to (2, 2).
Avatar 0 moved to (2, 2).
Avatar 1 attempted to move South to (4, 3).
Avatar 1 moved to (4, 3).
Avatar 2 attempted to move North to (0, 3).
Avatar 2 moved to (0, 3).
Avatar 3 attempted to move West to (1, 2).
Avatar 3 moved to (1, 2).
Avatar 3 is on avatar 0's path.
Avatar 0 attempted to move South to (2, 3).
Move failed. South wall added to (2, 2).
Avatar 1 attempted to move South to (4, 4).
Move failed. South wall added to (4, 3).
Avatar 2 attempted to move East to (1, 3).
Avatar 2 moved to (1, 3).
Avatar 3 attempted to move East to (2, 2).
Avatar 3 moved to (2, 2).
Avatar 3 is on avatar 0's path.
Avatar 0 attempted to move North to (2, 1).
Avatar 0 moved to (2, 1).
Avatar 1 attempted to move West to (3, 3).
Avatar 1 moved to (3, 3).
Avatar 2 attempted to move East to (2, 3).
Move failed. East wall added to (1, 3).
Avatar 3 attempted to move North to (2, 1).
Avatar 3 moved to (2, 1).
Avatar 3 is on avatar 0's path.
Avatar 0 attempted to move East to (3, 1).
Move failed. East wall added to (2, 1).
Avatar 1 attempted to move South to (3, 4).
Move failed. South wall added to (3, 3).
Avatar 2 attempted to move South to (1, 4).
Avatar 2 moved to (1, 4).
Avatar 3 stays at (2, 1).
Avatar 0 attempted to move North to (2, 0).
Avatar 0 moved to (2, 0).
Avatar 1 attempted to move North to (3, 2).
Move failed. North wall added to (3, 3).
Avatar 2 attempted to move East to (2, 4).
Avatar 2 moved to (2, 4).
Avatar 3 attempted to move North to (2, 0).
Avatar 3 moved to (2, 0).
Avatar 3 is on avatar 0's path.
Avatar 0 attempted to move East to (3, 0).
Avatar 0 moved to (3, 0).
Avatar 1 attempted to move West to (2, 3).
Avatar 1 moved to (2, 3).
Avatar 2 attempted to move East to (3, 4).
Avatar 2 moved to (3, 4).
Avatar 3 attempted to move East to (3, 0).
Avatar 3 moved to (3, 0).
Avatar 3 is on avatar 0's path.
Avatar 0 attempted to move East to (4, 0).
Avatar 0 moved to (4, 0).
Avatar 1 attempted to move South to (2, 4).
Avatar 1 moved to (2, 4).
Avatar 1 is on avatar 2's path.
Avatar 2 attempted to move East to (4, 4).
Avatar 2 moved to (4, 4).
Avatar 3 attempted to move East to (4, 0).
Avatar 3 moved to (4, 0).
Avatar 3 is on avatar 0's path.
Avatar 0 attempted to move South to (4, 1).
Avatar 0 moved to (4, 1).
Avatar 1 attempted to move East to (3, 4).
Avatar 1 moved to (3, 4).
Avatar 1 is on avatar 2's path.
Avatar 2 attempted to move West to (3, 4).
Avatar 2 moved to (3, 4).
Avatar 3 attempted to move South to (4, 1).
Avatar 3 moved to (4, 1).
Avatar 3 is on avatar 0's path.
Avatar 0 attempted to move South to (4, 2).
Move failed. South wall added to (4, 1).
Avatar 1 stays at (3, 4).
Avatar 2 attempted to move West to (2, 4).
Avatar 2 moved to (2, 4).
Avatar 3 stays at (4, 1).
Avatar 0 attempted to move West to (3, 1).
Move failed. West wall added to (4, 1).
Avatar 1 attempted to move West to (2, 4).
Avatar 1 moved to (2, 4).
Avatar 1 is on avatar 2's path.
Avatar 2 attempted to move West to (1, 4).
Avatar 2 moved to (1, 4).
Avatar 3 stays at (4, 1).
Avatar 0 attempted to move North to (4, 0).
Avatar 0 moved to (4, 0).
Avatar 1 attempted to move West to (1, 4).
Avatar 1 moved to (1, 4).
Avatar 1 is on avatar 2's path.
Avatar 2 attempted to move North to (1, 3).
Avatar 2 moved to (1, 3).
Avatar 3 attempted to move North to (4, 0).
Avatar 3 moved to (4, 0).
Avatar 3 is on avatar 0's path.
Avatar 0 attempted to move West to (3, 0).
Avatar 0 moved to (3, 0).
Avatar 1 attempted to move North to (1, 3).
Avatar 1 moved to (1, 3).
Avatar 1 is on avatar 2's path.
Avatar 2 attempted to move North to (1, 2).
Move failed. North wall added to (1, 3).
Avatar 3 attempted to move West to (3, 0).
Avatar 3 moved to (3, 0).
Avatar 3 is on avatar 0's path.
Avatar 0 attempted to move South to (3, 1).
Move failed. South wall added to (3, 0).
Avatar 1 stays at (1, 3).
Avatar 2 attempted to move West to (0, 3).
Avatar 2 moved to (0, 3).
Avatar 3 stays at (3, 0).
Avatar 0 attempted to move West to (2, 0).
Avatar 0 moved to (2, 0).
Avatar 1 attempted to move West to (0, 3).
Avatar 1 moved to (0, 3).
Avatar 1 is on avatar 2's path.
Avatar 2 attempted to move North to (0, 2).
Avatar 2 moved to (0, 2).
Avatar 3 attempted to move West to (2, 0).
Avatar 3 moved to (2, 0).
Avatar 3 is on avatar 0's path.
Avatar 0 attempted to move West to (1, 0).
Avatar 0 moved to (1, 0).
Avatar 1 attempted to move North to (0, 2).
Avatar 1 moved to (0, 2).
Avatar 1 is on avatar 2's path.
Avatar 2 attempted to move East to (1, 2).
Avatar 2 moved to (1, 2).
Avatar 2 is on avatar 0's path.
Avatar 3 attempted to move West to (1, 0).
Avatar 3 moved to (1, 0).
Avatar 3 is on avatar 0's path.
Avatar 0 attempted to move East to (2, 0).
Avatar 0 moved to (2, 0).
Avatar 1 attempted to move East to (1, 2).
Avatar 1 moved to (1, 2).
Avatar 1 is on avatar 0's path.
Avatar 2 attempted to move East to (2, 2).
Avatar 2 moved to (2, 2).
Avatar 2 is on avatar 0's path.
Avatar 3 attempted to move East to (2, 0).
Avatar 3 moved to (2, 0).
Avatar 3 is on avatar 0's path.
Avatar 0 attempted to move South to (2, 1).
Avatar 0 moved to (2, 1).
Avatar 1 attempted to move East to (2, 2).
Avatar 1 moved to (2, 2).
Avatar 1 is on avatar 0's path.
Avatar 2 attempted to move North to (2, 1).
Avatar 2 moved to (2, 1).
Avatar 2 is on avatar 0's path.
Avatar 3 attempted to move South to (2, 1).
Avatar 3 moved to (2, 1).
Avatar 3 is on avatar 0's path.
Avatar 0 attempted to move South to (2, 2).
Avatar 0 moved to (2, 2).
Avatar 1 stays at (2, 2).
Avatar 2 attempted to move South to (2, 2).
Avatar 2 moved to (2, 2).
Avatar 2 is on avatar 0's path.
Avatar 3 attempted to move South to (2, 2).
Solved maze with nAvatars = 4, difficulty = 0, nMoves = 75, and hashcode = -325210355User ID: 412598, MazePort: 42955, Date & Time: Thu Aug 24 03:43:49 2017
Avatar 0 attempted to move East to (1, 2).
Avatar 0 moved to (1, 2).
Avatar 1 attempted to move East to (4, 2).
Avatar 1 moved to (4, 2).
Avatar 2 attempted to move East to (1, 4).
Move failed. East wall added to (0, 4).
Avatar 3 attempted to move East to (3, 2).
Move failed. East wall added to (2, 2).
Avatar 0 attempted to move East to (2, 2).
Avatar 0 moved to (2, 2).
Avatar 1 attempted to move South to (4, 3).
Avatar 1 moved to (4, 3).
Avatar 2 attempted to move North to (0, 3).
Avatar 2 moved to (0, 3).
Avatar 3 attempted to move West to (1, 2).
Avatar 3 moved to (1, 2).
Avatar 3 is on avatar 0's path.
Avatar 0 attempted to move South to (2, 3).
Move failed. South wall added to (2, 2).
Avatar 1 attempted to move South to (4, 4).
Move failed. South wall added to (4, 3).
Avatar 2 attempted to move East to (1, 3).
Avatar 2 moved to (1, 3).
Avatar 3 attempted to move East to (2, 2).
Avatar 3 moved to (2, 2).
Avatar 3 is on avatar 0's path.
Avatar 0 attempted to move North to (2, 1).
Avatar 0 moved to (2, 1).
Avatar 1 attempted to move West to (3, 3).
Avatar 1 moved to (3, 3).
Avatar 2 attempted to move East to (2, 3).
Move failed. East wall added to (1, 3).
Avatar 3 attempted to move North to (2, 1).
Avatar 3 moved to (2, 1).
Avatar 3 is on avatar 0's path.
Avatar 0 attempted to move East to (3, 1).
Move failed. East wall added to (2, 1).
Avatar 1 attempted to move South to (3, 4).
Move failed. South wall added to (3, 3).
Avatar 2 attempted to move South to (1, 4).
Avatar 2 moved to (1, 4).
Avatar 3 stays at (2, 1).
Avatar 0 attempted to move North to (2, 0).
Avatar 0 moved to (2, 0).
Avatar 1 attempted to move North to (3, 2).
Move failed. North wall added to (3, 3).
Avatar 2 attempted to move East to (2, 4).
Avatar 2 moved to (2, 4).
Avatar 3 attempted to move North to (2, 0).
Avatar 3 moved to (2, 0).
Avatar 3 is on avatar 0's path.
Avatar 0 attempted to move East to (3, 0).
Avatar 0 moved to (3, 0).
Avatar 1 attempted to move West to (2, 3).
Avatar 1 moved to (2, 3).
Avatar 2 attempted to move East to (3, 4).
Avatar 2 moved to (3, 4).
Avatar 3 attempted to move East to (3, 0).
Avatar 3 moved to (3, 0).
Avatar 3 is on avatar 0's path.
Avatar 0 attempted to move East to (4, 0).
Avatar 0 moved to (4, 0).
Avatar 1 attempted to move South to (2, 4).
Avatar 1 moved to (2, 4).
Avatar 1 is on avatar 2's path.
Avatar 2 attempted to move East to (4, 4).
Avatar 2 moved to (4, 4).
Avatar 3 attempted to move East to (4, 0).
Avatar 3 moved to (4, 0).
Avatar 3 is on avatar 0's path.
Avatar 0 attempted to move South to (4, 1).
Avatar 0 moved to (4, 1).
Avatar 1 attempted to move East to (3, 4).
Avatar 1 moved to (3, 4).
Avatar 1 is on avatar 2's path.
Avatar 2 attempted to move West to (3, 4).
Avatar 2 moved to (3, 4).
Avatar 3 attempted to move South to (4, 1).
Avatar 3 moved to (4, 1).
Avatar 3 is on avatar 0's path.
Avatar 0 attempted to move South to (4, 2).
Move failed. South wall added to (4, 1).
Avatar 1 stays at (3, 4).
Avatar 2 attempted to move West to (2, 4).
Avatar 2 moved to (2, 4).
Avatar 3 stays at (4, 1).
Avatar 0 attempted to move West to (3, 1).
Move failed. West wall added to (4, 1).
Avatar 1 attempted to move West to (2, 4).
Avatar 1 moved to (2, 4).
Avatar 1 is on avatar 2's path.
Avatar 2 attempted to move West to (1, 4).
Avatar 2 moved to (1, 4).
Avatar 3 stays at (4, 1).
Avatar 0 attempted to move North to (4, 0).
Avatar 0 moved to (4, 0).
Avatar 1 attempted to move West to (1, 4).
Avatar 1 moved to (1, 4).
Avatar 1 is on avatar 2's path.
Avatar 2 attempted to move North to (1, 3).
Avatar 2 moved to (1, 3).
Avatar 3 attempted to move North to (4, 0).
Avatar 3 moved to (4, 0).
Avatar 3 is on avatar 0's path.
Avatar 0 attempted to move West to (3, 0).
Avatar 0 moved to (3, 0).
Avatar 1 attempted to move North to (1, 3).
Avatar 1 moved to (1, 3).
Avatar 1 is on avatar 2's path.
Avatar 2 attempted to move North to (1, 2).
Move failed. North wall added to (1, 3).
Avatar 3 attempted to move West to (3, 0).
Avatar 3 moved to (3, 0).
Avatar 3 is on avatar 0's path.
Avatar 0 attempted to move South to (3, 1).
Move failed. South wall added to (3, 0).
Avatar 1 stays at (1, 3).
Avatar 2 attempted to move West to (0, 3).
Avatar 2 moved to (0, 3).
Avatar 3 stays at (3, 0).
Avatar 0 attempted to move West to (2, 0).
Avatar 0 moved to (2, 0).
Avatar 1 attempted to move West to (0, 3).
Avatar 1 moved to (0, 3).
Avatar 1 is on avatar 2's path.
Avatar 2 attempted to move North to (0, 2).
Avatar 2 moved to (0, 2).
Avatar 3 attempted to move West to (2, 0).
Avatar 3 moved to (2, 0).
Avatar 3 is on avatar 0's path.
Avatar 0 attempted to move West to (1, 0).
Avatar 0 moved to (1, 0).
Avatar 1 attempted to move North to (0, 2).
Avatar 1 moved to (0, 2).
Avatar 1 is on avatar 2's path.
Avatar 2 attempted to move East to (1, 2).
Avatar 2 moved to (1, 2).
Avatar 2 is on avatar 0's path.
Avatar 3 attempted to move West to (1, 0).
Avatar 3 moved to (1, 0).
Avatar 3 is on avatar 0's path.
Avatar 0 attempted to move East to (2, 0).
Avatar 0 moved to (2, 0).
Avatar 1 attempted to move East to (1, 2).
Avatar 1 moved to (1, 2).
Avatar 1 is on avatar 0's path.
Avatar 2 attempted to move East to (2, 2).
Avatar 2 moved to (2, 2).
Avatar 2 is on avatar 0's path.
Avatar 3 attempted to move East to (2, 0).
Avatar 3 moved to (2, 0).
Avatar 3 is on avatar 0's path.
Avatar 0 attempted to move South to (2, 1).
Avatar 0 moved to (2, 1).
Avatar 1 attempted to move East to (2, 2).
Avatar 1 moved to (2, 2).
Avatar 1 is on avatar 0's path.
Avatar 2 attempted to move North to (2, 1).
Avatar 2 moved to (2, 1).
Avatar 2 is on avatar 0's path.
Avatar 3 attempted to move South to (2, 1).
Avatar 3 moved to (2, 1).
Avatar 3 is on avatar 0's path.
Avatar 0 attempted to move South to (2, 2).
Avatar 0 moved to (2, 2).
Avatar 1 stays at (2, 2).
Avatar 2 attempted to move South to (2, 2).
Avatar 2 moved to (2, 2).
Avatar 2 is on avatar 0's path.
Avatar 3 attempted to move South to (2, 2).
Solved maze with nAvatars = 4, difficulty = 0, nMoves = 75, and hashcode = 1336690860